2023-12-05 13:49:41.389  INFO 26932 --- [restartedMain] i.g.V.mscartoes.MscartoesApplication     : Starting MscartoesApplication using Java 19.0.2 on GFT-AxIsdrieZ4m with PID 26932 (C:\Users\vsoa\Intellij-workspace\Curso Udemy\Projetos\mscartoes\target\classes started by vsoa in C:\Users\vsoa\Intellij-workspace\Curso Udemy\Projetos\mscartoes)
2023-12-05 13:49:41.392  INFO 26932 --- [restartedMain] i.g.V.mscartoes.MscartoesApplication     : No active profile set, falling back to 1 default profile: "default"
2023-12-05 13:49:41.540  INFO 26932 --- [restartedMain] .e.DevToolsPropertyDefaultsPostProcessor : Devtools property defaults active! Set 'spring.devtools.add-properties' to 'false' to disable
2023-12-05 13:49:41.541  INFO 26932 --- [restartedMain] .e.DevToolsPropertyDefaultsPostProcessor : For additional web related logging consider setting the 'logging.level.web' property to 'DEBUG'
2023-12-05 13:49:45.030  INFO 26932 --- [restartedMain] .s.d.r.c.RepositoryConfigurationDelegate : Bootstrapping Spring Data JPA repositories in DEFAULT mode.
2023-12-05 13:49:45.457  INFO 26932 --- [restartedMain] .s.d.r.c.RepositoryConfigurationDelegate : Finished Spring Data repository scanning in 404 ms. Found 2 JPA repository interfaces.
2023-12-05 13:49:46.339  INFO 26932 --- [restartedMain] o.s.cloud.context.scope.GenericScope     : BeanFactory id=b36e74dc-5b1f-37ad-9786-43ed33f1092b
2023-12-05 13:49:49.053  INFO 26932 --- [restartedMain] o.s.b.w.embedded.tomcat.TomcatWebServer  : Tomcat initialized with port(s): 0 (http)
2023-12-05 13:49:49.178  INFO 26932 --- [restartedMain] o.apache.catalina.core.StandardService   : Starting service [Tomcat]
2023-12-05 13:49:49.180  INFO 26932 --- [restartedMain] org.apache.catalina.core.StandardEngine  : Starting Servlet engine: [Apache Tomcat/9.0.60]
2023-12-05 13:49:49.760  INFO 26932 --- [restartedMain] o.a.c.c.C.[Tomcat].[localhost].[/]       : Initializing Spring embedded WebApplicationContext
2023-12-05 13:49:49.761  INFO 26932 --- [restartedMain] w.s.c.ServletWebServerApplicationContext : Root WebApplicationContext: initialization completed in 8218 ms
2023-12-05 13:49:50.639  INFO 26932 --- [restartedMain] com.zaxxer.hikari.HikariDataSource       : HikariPool-1 - Starting...
2023-12-05 13:49:51.593  INFO 26932 --- [restartedMain] com.zaxxer.hikari.HikariDataSource       : HikariPool-1 - Start completed.
2023-12-05 13:49:51.623  INFO 26932 --- [restartedMain] o.s.b.a.h2.H2ConsoleAutoConfiguration    : H2 console available at '/h2-console'. Database available at 'jdbc:h2:mem:68262fd7-8ded-419d-8822-e7e4f86b0f2f'
2023-12-05 13:49:54.361  INFO 26932 --- [restartedMain] o.hibernate.jpa.internal.util.LogHelper  : HHH000204: Processing PersistenceUnitInfo [name: default]
2023-12-05 13:49:54.811  INFO 26932 --- [restartedMain] org.hibernate.Version                    : HHH000412: Hibernate ORM core version 5.6.7.Final
2023-12-05 13:49:55.696  INFO 26932 --- [restartedMain] o.hibernate.annotations.common.Version   : HCANN000001: Hibernate Commons Annotations {5.1.2.Final}
2023-12-05 13:49:56.305  INFO 26932 --- [restartedMain] org.hibernate.dialect.Dialect            : HHH000400: Using dialect: org.hibernate.dialect.H2Dialect
2023-12-05 13:49:57.986  INFO 26932 --- [restartedMain] o.h.e.t.j.p.i.JtaPlatformInitiator       : HHH000490: Using JtaPlatform implementation: [org.hibernate.engine.transaction.jta.platform.internal.NoJtaPlatform]
2023-12-05 13:49:58.007  INFO 26932 --- [restartedMain] j.LocalContainerEntityManagerFactoryBean : Initialized JPA EntityManagerFactory for persistence unit 'default'
2023-12-05 13:49:59.348  WARN 26932 --- [restartedMain] JpaBaseConfiguration$JpaWebConfiguration : spring.jpa.open-in-view is enabled by default. Therefore, database queries may be performed during view rendering. Explicitly configure spring.jpa.open-in-view to disable this warning
2023-12-05 13:50:05.401  WARN 26932 --- [restartedMain] o.s.b.d.a.OptionalLiveReloadServer       : Unable to start LiveReload server
2023-12-05 13:50:06.090  INFO 26932 --- [restartedMain] DiscoveryClientOptionalArgsConfiguration : Eureka HTTP Client uses RestTemplate.
2023-12-05 13:50:06.296  WARN 26932 --- [restartedMain] iguration$LoadBalancerCaffeineWarnLogger : Spring Cloud LoadBalancer is currently working with the default cache. While this cache implementation is useful for development and tests, it's recommended to use Caffeine cache in production.You can switch to using Caffeine cache, by adding it and org.springframework.cache.caffeine.CaffeineCacheManager to the classpath.
2023-12-05 13:50:06.315  INFO 26932 --- [restartedMain] o.s.b.a.e.web.EndpointLinksResolver      : Exposing 17 endpoint(s) beneath base path '/actuator'
2023-12-05 13:50:06.480  INFO 26932 --- [restartedMain] o.s.b.w.embedded.tomcat.TomcatWebServer  : Tomcat started on port(s): 53672 (http) with context path ''
2023-12-05 13:50:06.482  INFO 26932 --- [restartedMain] .s.c.n.e.s.EurekaAutoServiceRegistration : Updating port to 53672
2023-12-05 13:50:06.492  INFO 26932 --- [restartedMain] o.s.c.n.eureka.InstanceInfoFactory       : Setting initial instance status as: STARTING
2023-12-05 13:50:06.736  INFO 26932 --- [restartedMain] com.netflix.discovery.DiscoveryClient    : Initializing Eureka in region us-east-1
2023-12-05 13:50:06.749  INFO 26932 --- [restartedMain] c.n.d.s.r.aws.ConfigClusterResolver      : Resolving eureka endpoints via configuration
2023-12-05 13:50:06.822  INFO 26932 --- [restartedMain] com.netflix.discovery.DiscoveryClient    : Disable delta property : false
2023-12-05 13:50:06.823  INFO 26932 --- [restartedMain] com.netflix.discovery.DiscoveryClient    : Single vip registry refresh property : null
2023-12-05 13:50:06.823  INFO 26932 --- [restartedMain] com.netflix.discovery.DiscoveryClient    : Force full registry fetch : false
2023-12-05 13:50:06.824  INFO 26932 --- [restartedMain] com.netflix.discovery.DiscoveryClient    : Application is null : false
2023-12-05 13:50:06.824  INFO 26932 --- [restartedMain] com.netflix.discovery.DiscoveryClient    : Registered Applications size is zero : true
2023-12-05 13:50:06.827  INFO 26932 --- [restartedMain] com.netflix.discovery.DiscoveryClient    : Application version is -1: true
2023-12-05 13:50:06.829  INFO 26932 --- [restartedMain] com.netflix.discovery.DiscoveryClient    : Getting all instance registry info from the eureka server
2023-12-05 13:50:07.726  INFO 26932 --- [restartedMain] com.netflix.discovery.DiscoveryClient    : The response status is 200
2023-12-05 13:50:07.737  INFO 26932 --- [restartedMain] com.netflix.discovery.DiscoveryClient    : Starting heartbeat executor: renew interval is: 30
2023-12-05 13:50:07.751  INFO 26932 --- [restartedMain] c.n.discovery.InstanceInfoReplicator     : InstanceInfoReplicator onDemand update allowed rate per min is 4
2023-12-05 13:50:07.777  INFO 26932 --- [restartedMain] com.netflix.discovery.DiscoveryClient    : Discovery Client initialized at timestamp 1701795007775 with initial instances count: 2
2023-12-05 13:50:07.785  INFO 26932 --- [restartedMain] o.s.c.n.e.s.EurekaServiceRegistry        : Registering application MSCARTOES with eureka with status UP
2023-12-05 13:50:07.790  INFO 26932 --- [restartedMain] com.netflix.discovery.DiscoveryClient    : Saw local status change event StatusChangeEvent [timestamp=1701795007790, current=UP, previous=STARTING]
2023-12-05 13:50:07.806  INFO 26932 --- [DiscoveryClient-InstanceInfoReplicator-0] com.netflix.discovery.DiscoveryClient    : DiscoveryClient_MSCARTOES/mscartoes:9f2273a81dbfa614fe824344e15a2350 : registering service...
2023-12-05 13:50:08.049  INFO 26932 --- [DiscoveryClient-InstanceInfoReplicator-0] com.netflix.discovery.DiscoveryClient    : DiscoveryClient_MSCARTOES/mscartoes:9f2273a81dbfa614fe824344e15a2350  - registration status: 204
2023-12-05 13:50:08.251  INFO 26932 --- [restartedMain] o.s.a.r.c.CachingConnectionFactory       : Attempting to connect to: [localhost:5672]
2023-12-05 13:50:08.272  INFO 26932 --- [restartedMain] o.s.a.r.l.SimpleMessageListenerContainer : Broker not available; cannot force queue declarations during start: java.net.ConnectException: Connection refused: no further information
2023-12-05 13:50:08.302  INFO 26932 --- [org.springframework.amqp.rabbit.RabbitListenerEndpointContainer#0-1] o.s.a.r.c.CachingConnectionFactory       : Attempting to connect to: [localhost:5672]
2023-12-05 13:50:08.350  INFO 26932 --- [restartedMain] i.g.V.mscartoes.MscartoesApplication     : Started MscartoesApplication in 29.513 seconds (JVM running for 31.327)
2023-12-05 13:50:13.422  WARN 26932 --- [org.springframework.amqp.rabbit.RabbitListenerEndpointContainer#0-1] o.s.a.r.l.SimpleMessageListenerContainer : Consumer raised exception, processing can restart if the connection factory supports it. Exception summary: org.springframework.amqp.AmqpConnectException: java.net.ConnectException: Connection refused: no further information
2023-12-05 13:50:13.425  INFO 26932 --- [org.springframework.amqp.rabbit.RabbitListenerEndpointContainer#0-1] o.s.a.r.l.SimpleMessageListenerContainer : Restarting Consumer@22081d69: tags=[[]], channel=null, acknowledgeMode=AUTO local queue size=0
2023-12-05 13:50:13.427  INFO 26932 --- [org.springframework.amqp.rabbit.RabbitListenerEndpointContainer#0-2] o.s.a.r.c.CachingConnectionFactory       : Attempting to connect to: [localhost:5672]
2023-12-05 13:50:18.537  WARN 26932 --- [org.springframework.amqp.rabbit.RabbitListenerEndpointContainer#0-2] o.s.a.r.l.SimpleMessageListenerContainer : Consumer raised exception, processing can restart if the connection factory supports it. Exception summary: org.springframework.amqp.AmqpConnectException: java.net.ConnectException: Connection refused: no further information
2023-12-05 13:50:18.537  INFO 26932 --- [org.springframework.amqp.rabbit.RabbitListenerEndpointContainer#0-2] o.s.a.r.l.SimpleMessageListenerContainer : Restarting Consumer@760d892: tags=[[]], channel=null, acknowledgeMode=AUTO local queue size=0
2023-12-05 13:50:18.538  INFO 26932 --- [org.springframework.amqp.rabbit.RabbitListenerEndpointContainer#0-3] o.s.a.r.c.CachingConnectionFactory       : Attempting to connect to: [localhost:5672]
2023-12-05 13:50:23.665  WARN 26932 --- [org.springframework.amqp.rabbit.RabbitListenerEndpointContainer#0-3] o.s.a.r.l.SimpleMessageListenerContainer : Consumer raised exception, processing can restart if the connection factory supports it. Exception summary: org.springframework.amqp.AmqpConnectException: java.net.ConnectException: Connection refused: no further information
2023-12-05 13:50:23.667  INFO 26932 --- [org.springframework.amqp.rabbit.RabbitListenerEndpointContainer#0-3] o.s.a.r.l.SimpleMessageListenerContainer : Restarting Consumer@6a2ef414: tags=[[]], channel=null, acknowledgeMode=AUTO local queue size=0
2023-12-05 13:50:23.672  INFO 26932 --- [org.springframework.amqp.rabbit.RabbitListenerEndpointContainer#0-4] o.s.a.r.c.CachingConnectionFactory       : Attempting to connect to: [localhost:5672]
2023-12-05 13:50:28.742  WARN 26932 --- [org.springframework.amqp.rabbit.RabbitListenerEndpointContainer#0-4] o.s.a.r.l.SimpleMessageListenerContainer : Consumer raised exception, processing can restart if the connection factory supports it. Exception summary: org.springframework.amqp.AmqpConnectException: java.net.ConnectException: Connection refused: no further information
2023-12-05 13:50:28.743  INFO 26932 --- [org.springframework.amqp.rabbit.RabbitListenerEndpointContainer#0-4] o.s.a.r.l.SimpleMessageListenerContainer : Restarting Consumer@335650d5: tags=[[]], channel=null, acknowledgeMode=AUTO local queue size=0
2023-12-05 13:50:28.744  INFO 26932 --- [org.springframework.amqp.rabbit.RabbitListenerEndpointContainer#0-5] o.s.a.r.c.CachingConnectionFactory       : Attempting to connect to: [localhost:5672]
2023-12-05 13:50:33.887  WARN 26932 --- [org.springframework.amqp.rabbit.RabbitListenerEndpointContainer#0-5] o.s.a.r.l.SimpleMessageListenerContainer : Consumer raised exception, processing can restart if the connection factory supports it. Exception summary: org.springframework.amqp.AmqpConnectException: java.net.ConnectException: Connection refused: no further information
2023-12-05 13:50:33.887  INFO 26932 --- [org.springframework.amqp.rabbit.RabbitListenerEndpointContainer#0-5] o.s.a.r.l.SimpleMessageListenerContainer : Restarting Consumer@5fdcf791: tags=[[]], channel=null, acknowledgeMode=AUTO local queue size=0
2023-12-05 13:50:33.890  INFO 26932 --- [org.springframework.amqp.rabbit.RabbitListenerEndpointContainer#0-6] o.s.a.r.c.CachingConnectionFactory       : Attempting to connect to: [localhost:5672]
2023-12-05 13:50:37.789  INFO 26932 --- [DiscoveryClient-HeartbeatExecutor-0] com.netflix.discovery.DiscoveryClient    : DiscoveryClient_MSCARTOES/mscartoes:9f2273a81dbfa614fe824344e15a2350  - Re-registering apps/MSCARTOES
2023-12-05 13:50:37.789  INFO 26932 --- [DiscoveryClient-HeartbeatExecutor-0] com.netflix.discovery.DiscoveryClient    : DiscoveryClient_MSCARTOES/mscartoes:9f2273a81dbfa614fe824344e15a2350 : registering service...
2023-12-05 13:50:37.796  INFO 26932 --- [DiscoveryClient-HeartbeatExecutor-0] com.netflix.discovery.DiscoveryClient    : DiscoveryClient_MSCARTOES/mscartoes:9f2273a81dbfa614fe824344e15a2350  - registration status: 204
2023-12-05 13:50:38.983  WARN 26932 --- [org.springframework.amqp.rabbit.RabbitListenerEndpointContainer#0-6] o.s.a.r.l.SimpleMessageListenerContainer : Consumer raised exception, processing can restart if the connection factory supports it. Exception summary: org.springframework.amqp.AmqpConnectException: java.net.ConnectException: Connection refused: no further information
2023-12-05 13:50:38.984  INFO 26932 --- [org.springframework.amqp.rabbit.RabbitListenerEndpointContainer#0-6] o.s.a.r.l.SimpleMessageListenerContainer : Restarting Consumer@3bf8171b: tags=[[]], channel=null, acknowledgeMode=AUTO local queue size=0
2023-12-05 13:50:38.985  INFO 26932 --- [org.springframework.amqp.rabbit.RabbitListenerEndpointContainer#0-7] o.s.a.r.c.CachingConnectionFactory       : Attempting to connect to: [localhost:5672]
2023-12-05 13:50:44.118  WARN 26932 --- [org.springframework.amqp.rabbit.RabbitListenerEndpointContainer#0-7] o.s.a.r.l.SimpleMessageListenerContainer : Consumer raised exception, processing can restart if the connection factory supports it. Exception summary: org.springframework.amqp.AmqpConnectException: java.net.ConnectException: Connection refused: no further information
2023-12-05 13:50:44.119  INFO 26932 --- [org.springframework.amqp.rabbit.RabbitListenerEndpointContainer#0-7] o.s.a.r.l.SimpleMessageListenerContainer : Restarting Consumer@1877bc24: tags=[[]], channel=null, acknowledgeMode=AUTO local queue size=0
2023-12-05 13:50:44.120  INFO 26932 --- [org.springframework.amqp.rabbit.RabbitListenerEndpointContainer#0-8] o.s.a.r.c.CachingConnectionFactory       : Attempting to connect to: [localhost:5672]
2023-12-05 13:50:49.236  WARN 26932 --- [org.springframework.amqp.rabbit.RabbitListenerEndpointContainer#0-8] o.s.a.r.l.SimpleMessageListenerContainer : Consumer raised exception, processing can restart if the connection factory supports it. Exception summary: org.springframework.amqp.AmqpConnectException: java.net.ConnectException: Connection refused: no further information
2023-12-05 13:50:49.237  INFO 26932 --- [org.springframework.amqp.rabbit.RabbitListenerEndpointContainer#0-8] o.s.a.r.l.SimpleMessageListenerContainer : Restarting Consumer@7d61fa7e: tags=[[]], channel=null, acknowledgeMode=AUTO local queue size=0
2023-12-05 13:50:49.238  INFO 26932 --- [org.springframework.amqp.rabbit.RabbitListenerEndpointContainer#0-9] o.s.a.r.c.CachingConnectionFactory       : Attempting to connect to: [localhost:5672]
2023-12-05 13:50:54.415  WARN 26932 --- [org.springframework.amqp.rabbit.RabbitListenerEndpointContainer#0-9] o.s.a.r.l.SimpleMessageListenerContainer : Consumer raised exception, processing can restart if the connection factory supports it. Exception summary: org.springframework.amqp.AmqpConnectException: java.net.ConnectException: Connection refused: no further information
2023-12-05 13:50:54.415  INFO 26932 --- [org.springframework.amqp.rabbit.RabbitListenerEndpointContainer#0-9] o.s.a.r.l.SimpleMessageListenerContainer : Restarting Consumer@3070206: tags=[[]], channel=null, acknowledgeMode=AUTO local queue size=0
2023-12-05 13:50:54.415  INFO 26932 --- [org.springframework.amqp.rabbit.RabbitListenerEndpointContainer#0-10] o.s.a.r.c.CachingConnectionFactory       : Attempting to connect to: [localhost:5672]
2023-12-05 13:50:59.564  WARN 26932 --- [org.springframework.amqp.rabbit.RabbitListenerEndpointContainer#0-10] o.s.a.r.l.SimpleMessageListenerContainer : Consumer raised exception, processing can restart if the connection factory supports it. Exception summary: org.springframework.amqp.AmqpConnectException: java.net.ConnectException: Connection refused: no further information
2023-12-05 13:50:59.564  INFO 26932 --- [org.springframework.amqp.rabbit.RabbitListenerEndpointContainer#0-10] o.s.a.r.l.SimpleMessageListenerContainer : Restarting Consumer@1cd50559: tags=[[]], channel=null, acknowledgeMode=AUTO local queue size=0
2023-12-05 13:50:59.564  INFO 26932 --- [org.springframework.amqp.rabbit.RabbitListenerEndpointContainer#0-11] o.s.a.r.c.CachingConnectionFactory       : Attempting to connect to: [localhost:5672]
2023-12-05 13:51:04.697  WARN 26932 --- [org.springframework.amqp.rabbit.RabbitListenerEndpointContainer#0-11] o.s.a.r.l.SimpleMessageListenerContainer : Consumer raised exception, processing can restart if the connection factory supports it. Exception summary: org.springframework.amqp.AmqpConnectException: java.net.ConnectException: Connection refused: no further information
2023-12-05 13:51:04.698  INFO 26932 --- [org.springframework.amqp.rabbit.RabbitListenerEndpointContainer#0-11] o.s.a.r.l.SimpleMessageListenerContainer : Restarting Consumer@466f9cdc: tags=[[]], channel=null, acknowledgeMode=AUTO local queue size=0
2023-12-05 13:51:04.699  INFO 26932 --- [org.springframework.amqp.rabbit.RabbitListenerEndpointContainer#0-12] o.s.a.r.c.CachingConnectionFactory       : Attempting to connect to: [localhost:5672]
2023-12-05 13:51:07.813  INFO 26932 --- [DiscoveryClient-HeartbeatExecutor-0] com.netflix.discovery.DiscoveryClient    : DiscoveryClient_MSCARTOES/mscartoes:9f2273a81dbfa614fe824344e15a2350  - Re-registering apps/MSCARTOES
2023-12-05 13:51:07.814  INFO 26932 --- [DiscoveryClient-HeartbeatExecutor-0] com.netflix.discovery.DiscoveryClient    : DiscoveryClient_MSCARTOES/mscartoes:9f2273a81dbfa614fe824344e15a2350 : registering service...
2023-12-05 13:51:07.819  INFO 26932 --- [DiscoveryClient-HeartbeatExecutor-0] com.netflix.discovery.DiscoveryClient    : DiscoveryClient_MSCARTOES/mscartoes:9f2273a81dbfa614fe824344e15a2350  - registration status: 204
2023-12-05 13:51:09.796  WARN 26932 --- [org.springframework.amqp.rabbit.RabbitListenerEndpointContainer#0-12] o.s.a.r.l.SimpleMessageListenerContainer : Consumer raised exception, processing can restart if the connection factory supports it. Exception summary: org.springframework.amqp.AmqpConnectException: java.net.ConnectException: Connection refused: no further information
2023-12-05 13:51:09.796  INFO 26932 --- [org.springframework.amqp.rabbit.RabbitListenerEndpointContainer#0-12] o.s.a.r.l.SimpleMessageListenerContainer : Restarting Consumer@30dc74c3: tags=[[]], channel=null, acknowledgeMode=AUTO local queue size=0
2023-12-05 13:51:09.797  INFO 26932 --- [org.springframework.amqp.rabbit.RabbitListenerEndpointContainer#0-13] o.s.a.r.c.CachingConnectionFactory       : Attempting to connect to: [localhost:5672]
2023-12-05 13:51:14.934  WARN 26932 --- [org.springframework.amqp.rabbit.RabbitListenerEndpointContainer#0-13] o.s.a.r.l.SimpleMessageListenerContainer : Consumer raised exception, processing can restart if the connection factory supports it. Exception summary: org.springframework.amqp.AmqpConnectException: java.net.ConnectException: Connection refused: no further information
2023-12-05 13:51:14.934  INFO 26932 --- [org.springframework.amqp.rabbit.RabbitListenerEndpointContainer#0-13] o.s.a.r.l.SimpleMessageListenerContainer : Restarting Consumer@7c3db162: tags=[[]], channel=null, acknowledgeMode=AUTO local queue size=0
2023-12-05 13:51:14.935  INFO 26932 --- [org.springframework.amqp.rabbit.RabbitListenerEndpointContainer#0-14] o.s.a.r.c.CachingConnectionFactory       : Attempting to connect to: [localhost:5672]
2023-12-05 13:51:20.059  WARN 26932 --- [org.springframework.amqp.rabbit.RabbitListenerEndpointContainer#0-14] o.s.a.r.l.SimpleMessageListenerContainer : Consumer raised exception, processing can restart if the connection factory supports it. Exception summary: org.springframework.amqp.AmqpConnectException: java.net.ConnectException: Connection refused: no further information
2023-12-05 13:51:20.059  INFO 26932 --- [org.springframework.amqp.rabbit.RabbitListenerEndpointContainer#0-14] o.s.a.r.l.SimpleMessageListenerContainer : Restarting Consumer@73325c99: tags=[[]], channel=null, acknowledgeMode=AUTO local queue size=0
2023-12-05 13:51:20.059  INFO 26932 --- [org.springframework.amqp.rabbit.RabbitListenerEndpointContainer#0-15] o.s.a.r.c.CachingConnectionFactory       : Attempting to connect to: [localhost:5672]
2023-12-05 13:51:21.509  INFO 26932 --- [http-nio-auto-1-exec-1] o.a.c.c.C.[Tomcat].[localhost].[/]       : Initializing Spring DispatcherServlet 'dispatcherServlet'
2023-12-05 13:51:21.509  INFO 26932 --- [http-nio-auto-1-exec-1] o.s.web.servlet.DispatcherServlet        : Initializing Servlet 'dispatcherServlet'
2023-12-05 13:51:21.515  INFO 26932 --- [http-nio-auto-1-exec-1] o.s.web.servlet.DispatcherServlet        : Completed initialization in 5 ms
2023-12-05 13:51:25.207  WARN 26932 --- [org.springframework.amqp.rabbit.RabbitListenerEndpointContainer#0-15] o.s.a.r.l.SimpleMessageListenerContainer : Consumer raised exception, processing can restart if the connection factory supports it. Exception summary: org.springframework.amqp.AmqpConnectException: java.net.ConnectException: Connection refused: no further information
2023-12-05 13:51:25.207  INFO 26932 --- [org.springframework.amqp.rabbit.RabbitListenerEndpointContainer#0-15] o.s.a.r.l.SimpleMessageListenerContainer : Restarting Consumer@908dfa4: tags=[[]], channel=null, acknowledgeMode=AUTO local queue size=0
2023-12-05 13:51:25.207  INFO 26932 --- [org.springframework.amqp.rabbit.RabbitListenerEndpointContainer#0-16] o.s.a.r.c.CachingConnectionFactory       : Attempting to connect to: [localhost:5672]
2023-12-05 13:51:30.323  WARN 26932 --- [org.springframework.amqp.rabbit.RabbitListenerEndpointContainer#0-16] o.s.a.r.l.SimpleMessageListenerContainer : Consumer raised exception, processing can restart if the connection factory supports it. Exception summary: org.springframework.amqp.AmqpConnectException: java.net.ConnectException: Connection refused: no further information
2023-12-05 13:51:30.323  INFO 26932 --- [org.springframework.amqp.rabbit.RabbitListenerEndpointContainer#0-16] o.s.a.r.l.SimpleMessageListenerContainer : Restarting Consumer@3b39cdf3: tags=[[]], channel=null, acknowledgeMode=AUTO local queue size=0
2023-12-05 13:51:30.325  INFO 26932 --- [org.springframework.amqp.rabbit.RabbitListenerEndpointContainer#0-17] o.s.a.r.c.CachingConnectionFactory       : Attempting to connect to: [localhost:5672]
2023-12-05 13:51:32.633  INFO 26932 --- [http-nio-auto-1-exec-2] o.springdoc.api.AbstractOpenApiResource  : Init duration for springdoc-openapi is: 398 ms
2023-12-05 13:51:35.470  WARN 26932 --- [org.springframework.amqp.rabbit.RabbitListenerEndpointContainer#0-17] o.s.a.r.l.SimpleMessageListenerContainer : Consumer raised exception, processing can restart if the connection factory supports it. Exception summary: org.springframework.amqp.AmqpConnectException: java.net.ConnectException: Connection refused: no further information
2023-12-05 13:51:35.470  INFO 26932 --- [org.springframework.amqp.rabbit.RabbitListenerEndpointContainer#0-17] o.s.a.r.l.SimpleMessageListenerContainer : Restarting Consumer@68b56cf9: tags=[[]], channel=null, acknowledgeMode=AUTO local queue size=0
2023-12-05 13:51:35.471  INFO 26932 --- [org.springframework.amqp.rabbit.RabbitListenerEndpointContainer#0-18] o.s.a.r.c.CachingConnectionFactory       : Attempting to connect to: [localhost:5672]
2023-12-05 13:51:37.835  INFO 26932 --- [DiscoveryClient-HeartbeatExecutor-0] com.netflix.discovery.DiscoveryClient    : DiscoveryClient_MSCARTOES/mscartoes:9f2273a81dbfa614fe824344e15a2350  - Re-registering apps/MSCARTOES
2023-12-05 13:51:37.835  INFO 26932 --- [DiscoveryClient-HeartbeatExecutor-0] com.netflix.discovery.DiscoveryClient    : DiscoveryClient_MSCARTOES/mscartoes:9f2273a81dbfa614fe824344e15a2350 : registering service...
2023-12-05 13:51:37.838  INFO 26932 --- [DiscoveryClient-HeartbeatExecutor-0] com.netflix.discovery.DiscoveryClient    : DiscoveryClient_MSCARTOES/mscartoes:9f2273a81dbfa614fe824344e15a2350  - registration status: 204
2023-12-05 13:51:40.588  WARN 26932 --- [org.springframework.amqp.rabbit.RabbitListenerEndpointContainer#0-18] o.s.a.r.l.SimpleMessageListenerContainer : Consumer raised exception, processing can restart if the connection factory supports it. Exception summary: org.springframework.amqp.AmqpConnectException: java.net.ConnectException: Connection refused: no further information
2023-12-05 13:51:40.588  INFO 26932 --- [org.springframework.amqp.rabbit.RabbitListenerEndpointContainer#0-18] o.s.a.r.l.SimpleMessageListenerContainer : Restarting Consumer@7c95af78: tags=[[]], channel=null, acknowledgeMode=AUTO local queue size=0
2023-12-05 13:51:40.590  INFO 26932 --- [org.springframework.amqp.rabbit.RabbitListenerEndpointContainer#0-19] o.s.a.r.c.CachingConnectionFactory       : Attempting to connect to: [localhost:5672]
2023-12-05 13:51:45.697  WARN 26932 --- [org.springframework.amqp.rabbit.RabbitListenerEndpointContainer#0-19] o.s.a.r.l.SimpleMessageListenerContainer : Consumer raised exception, processing can restart if the connection factory supports it. Exception summary: org.springframework.amqp.AmqpConnectException: java.net.ConnectException: Connection refused: no further information
2023-12-05 13:51:45.697  INFO 26932 --- [org.springframework.amqp.rabbit.RabbitListenerEndpointContainer#0-19] o.s.a.r.l.SimpleMessageListenerContainer : Restarting Consumer@7f2012d4: tags=[[]], channel=null, acknowledgeMode=AUTO local queue size=0
2023-12-05 13:51:45.698  INFO 26932 --- [org.springframework.amqp.rabbit.RabbitListenerEndpointContainer#0-20] o.s.a.r.c.CachingConnectionFactory       : Attempting to connect to: [localhost:5672]
2023-12-05 13:51:50.785  WARN 26932 --- [org.springframework.amqp.rabbit.RabbitListenerEndpointContainer#0-20] o.s.a.r.l.SimpleMessageListenerContainer : Consumer raised exception, processing can restart if the connection factory supports it. Exception summary: org.springframework.amqp.AmqpConnectException: java.net.ConnectException: Connection refused: no further information
2023-12-05 13:51:50.785  INFO 26932 --- [org.springframework.amqp.rabbit.RabbitListenerEndpointContainer#0-20] o.s.a.r.l.SimpleMessageListenerContainer : Restarting Consumer@8f7d5dc: tags=[[]], channel=null, acknowledgeMode=AUTO local queue size=0
2023-12-05 13:51:50.786  INFO 26932 --- [org.springframework.amqp.rabbit.RabbitListenerEndpointContainer#0-21] o.s.a.r.c.CachingConnectionFactory       : Attempting to connect to: [localhost:5672]
2023-12-05 13:51:55.882  WARN 26932 --- [org.springframework.amqp.rabbit.RabbitListenerEndpointContainer#0-21] o.s.a.r.l.SimpleMessageListenerContainer : Consumer raised exception, processing can restart if the connection factory supports it. Exception summary: org.springframework.amqp.AmqpConnectException: java.net.ConnectException: Connection refused: no further information
2023-12-05 13:51:55.882  INFO 26932 --- [org.springframework.amqp.rabbit.RabbitListenerEndpointContainer#0-21] o.s.a.r.l.SimpleMessageListenerContainer : Restarting Consumer@c1955c4: tags=[[]], channel=null, acknowledgeMode=AUTO local queue size=0
2023-12-05 13:51:55.883  INFO 26932 --- [org.springframework.amqp.rabbit.RabbitListenerEndpointContainer#0-22] o.s.a.r.c.CachingConnectionFactory       : Attempting to connect to: [localhost:5672]
2023-12-05 13:52:01.027  WARN 26932 --- [org.springframework.amqp.rabbit.RabbitListenerEndpointContainer#0-22] o.s.a.r.l.SimpleMessageListenerContainer : Consumer raised exception, processing can restart if the connection factory supports it. Exception summary: org.springframework.amqp.AmqpConnectException: java.net.ConnectException: Connection refused: no further information
2023-12-05 13:52:01.027  INFO 26932 --- [org.springframework.amqp.rabbit.RabbitListenerEndpointContainer#0-22] o.s.a.r.l.SimpleMessageListenerContainer : Restarting Consumer@46c86e83: tags=[[]], channel=null, acknowledgeMode=AUTO local queue size=0
2023-12-05 13:52:01.028  INFO 26932 --- [org.springframework.amqp.rabbit.RabbitListenerEndpointContainer#0-23] o.s.a.r.c.CachingConnectionFactory       : Attempting to connect to: [localhost:5672]
2023-12-05 13:52:06.142  WARN 26932 --- [org.springframework.amqp.rabbit.RabbitListenerEndpointContainer#0-23] o.s.a.r.l.SimpleMessageListenerContainer : Consumer raised exception, processing can restart if the connection factory supports it. Exception summary: org.springframework.amqp.AmqpConnectException: java.net.ConnectException: Connection refused: no further information
2023-12-05 13:52:06.144  INFO 26932 --- [org.springframework.amqp.rabbit.RabbitListenerEndpointContainer#0-23] o.s.a.r.l.SimpleMessageListenerContainer : Restarting Consumer@151c47cd: tags=[[]], channel=null, acknowledgeMode=AUTO local queue size=0
2023-12-05 13:52:06.146  INFO 26932 --- [org.springframework.amqp.rabbit.RabbitListenerEndpointContainer#0-24] o.s.a.r.c.CachingConnectionFactory       : Attempting to connect to: [localhost:5672]
2023-12-05 13:52:07.854  INFO 26932 --- [DiscoveryClient-HeartbeatExecutor-0] com.netflix.discovery.DiscoveryClient    : DiscoveryClient_MSCARTOES/mscartoes:9f2273a81dbfa614fe824344e15a2350  - Re-registering apps/MSCARTOES
2023-12-05 13:52:07.854  INFO 26932 --- [DiscoveryClient-HeartbeatExecutor-0] com.netflix.discovery.DiscoveryClient    : DiscoveryClient_MSCARTOES/mscartoes:9f2273a81dbfa614fe824344e15a2350 : registering service...
2023-12-05 13:52:07.859  INFO 26932 --- [DiscoveryClient-HeartbeatExecutor-0] com.netflix.discovery.DiscoveryClient    : DiscoveryClient_MSCARTOES/mscartoes:9f2273a81dbfa614fe824344e15a2350  - registration status: 204
2023-12-05 13:52:11.235  WARN 26932 --- [org.springframework.amqp.rabbit.RabbitListenerEndpointContainer#0-24] o.s.a.r.l.SimpleMessageListenerContainer : Consumer raised exception, processing can restart if the connection factory supports it. Exception summary: org.springframework.amqp.AmqpConnectException: java.net.ConnectException: Connection refused: no further information
2023-12-05 13:52:11.235  INFO 26932 --- [org.springframework.amqp.rabbit.RabbitListenerEndpointContainer#0-24] o.s.a.r.l.SimpleMessageListenerContainer : Restarting Consumer@342055e4: tags=[[]], channel=null, acknowledgeMode=AUTO local queue size=0
2023-12-05 13:52:11.236  INFO 26932 --- [org.springframework.amqp.rabbit.RabbitListenerEndpointContainer#0-25] o.s.a.r.c.CachingConnectionFactory       : Attempting to connect to: [localhost:5672]
2023-12-05 13:52:16.376  WARN 26932 --- [org.springframework.amqp.rabbit.RabbitListenerEndpointContainer#0-25] o.s.a.r.l.SimpleMessageListenerContainer : Consumer raised exception, processing can restart if the connection factory supports it. Exception summary: org.springframework.amqp.AmqpConnectException: java.net.ConnectException: Connection refused: no further information
2023-12-05 13:52:16.376  INFO 26932 --- [org.springframework.amqp.rabbit.RabbitListenerEndpointContainer#0-25] o.s.a.r.l.SimpleMessageListenerContainer : Restarting Consumer@12fae3ab: tags=[[]], channel=null, acknowledgeMode=AUTO local queue size=0
2023-12-05 13:52:16.377  INFO 26932 --- [org.springframework.amqp.rabbit.RabbitListenerEndpointContainer#0-26] o.s.a.r.c.CachingConnectionFactory       : Attempting to connect to: [localhost:5672]
2023-12-05 13:52:21.519  WARN 26932 --- [org.springframework.amqp.rabbit.RabbitListenerEndpointContainer#0-26] o.s.a.r.l.SimpleMessageListenerContainer : Consumer raised exception, processing can restart if the connection factory supports it. Exception summary: org.springframework.amqp.AmqpConnectException: java.net.ConnectException: Connection refused: no further information
2023-12-05 13:52:21.519  INFO 26932 --- [org.springframework.amqp.rabbit.RabbitListenerEndpointContainer#0-26] o.s.a.r.l.SimpleMessageListenerContainer : Restarting Consumer@34cea6c8: tags=[[]], channel=null, acknowledgeMode=AUTO local queue size=0
2023-12-05 13:52:21.519  INFO 26932 --- [org.springframework.amqp.rabbit.RabbitListenerEndpointContainer#0-27] o.s.a.r.c.CachingConnectionFactory       : Attempting to connect to: [localhost:5672]
2023-12-05 13:52:26.609  WARN 26932 --- [org.springframework.amqp.rabbit.RabbitListenerEndpointContainer#0-27] o.s.a.r.l.SimpleMessageListenerContainer : Consumer raised exception, processing can restart if the connection factory supports it. Exception summary: org.springframework.amqp.AmqpConnectException: java.net.ConnectException: Connection refused: no further information
2023-12-05 13:52:26.609  INFO 26932 --- [org.springframework.amqp.rabbit.RabbitListenerEndpointContainer#0-27] o.s.a.r.l.SimpleMessageListenerContainer : Restarting Consumer@4c5be435: tags=[[]], channel=null, acknowledgeMode=AUTO local queue size=0
2023-12-05 13:52:26.610  INFO 26932 --- [org.springframework.amqp.rabbit.RabbitListenerEndpointContainer#0-28] o.s.a.r.c.CachingConnectionFactory       : Attempting to connect to: [localhost:5672]
2023-12-05 13:52:31.706  WARN 26932 --- [org.springframework.amqp.rabbit.RabbitListenerEndpointContainer#0-28] o.s.a.r.l.SimpleMessageListenerContainer : Consumer raised exception, processing can restart if the connection factory supports it. Exception summary: org.springframework.amqp.AmqpConnectException: java.net.ConnectException: Connection refused: no further information
2023-12-05 13:52:31.706  INFO 26932 --- [org.springframework.amqp.rabbit.RabbitListenerEndpointContainer#0-28] o.s.a.r.l.SimpleMessageListenerContainer : Restarting Consumer@742457a5: tags=[[]], channel=null, acknowledgeMode=AUTO local queue size=0
2023-12-05 13:52:31.707  INFO 26932 --- [org.springframework.amqp.rabbit.RabbitListenerEndpointContainer#0-29] o.s.a.r.c.CachingConnectionFactory       : Attempting to connect to: [localhost:5672]
2023-12-05 13:52:36.864  WARN 26932 --- [org.springframework.amqp.rabbit.RabbitListenerEndpointContainer#0-29] o.s.a.r.l.SimpleMessageListenerContainer : Consumer raised exception, processing can restart if the connection factory supports it. Exception summary: org.springframework.amqp.AmqpConnectException: java.net.ConnectException: Connection refused: no further information
2023-12-05 13:52:36.864  INFO 26932 --- [org.springframework.amqp.rabbit.RabbitListenerEndpointContainer#0-29] o.s.a.r.l.SimpleMessageListenerContainer : Restarting Consumer@54a6fbe8: tags=[[]], channel=null, acknowledgeMode=AUTO local queue size=0
2023-12-05 13:52:36.865  INFO 26932 --- [org.springframework.amqp.rabbit.RabbitListenerEndpointContainer#0-30] o.s.a.r.c.CachingConnectionFactory       : Attempting to connect to: [localhost:5672]
2023-12-05 13:52:37.878  INFO 26932 --- [DiscoveryClient-HeartbeatExecutor-0] com.netflix.discovery.DiscoveryClient    : DiscoveryClient_MSCARTOES/mscartoes:9f2273a81dbfa614fe824344e15a2350  - Re-registering apps/MSCARTOES
2023-12-05 13:52:37.879  INFO 26932 --- [DiscoveryClient-HeartbeatExecutor-0] com.netflix.discovery.DiscoveryClient    : DiscoveryClient_MSCARTOES/mscartoes:9f2273a81dbfa614fe824344e15a2350 : registering service...
2023-12-05 13:52:37.882  INFO 26932 --- [DiscoveryClient-HeartbeatExecutor-0] com.netflix.discovery.DiscoveryClient    : DiscoveryClient_MSCARTOES/mscartoes:9f2273a81dbfa614fe824344e15a2350  - registration status: 204
2023-12-05 13:52:41.990  WARN 26932 --- [org.springframework.amqp.rabbit.RabbitListenerEndpointContainer#0-30] o.s.a.r.l.SimpleMessageListenerContainer : Consumer raised exception, processing can restart if the connection factory supports it. Exception summary: org.springframework.amqp.AmqpConnectException: java.net.ConnectException: Connection refused: no further information
2023-12-05 13:52:41.991  INFO 26932 --- [org.springframework.amqp.rabbit.RabbitListenerEndpointContainer#0-30] o.s.a.r.l.SimpleMessageListenerContainer : Restarting Consumer@7f6a3135: tags=[[]], channel=null, acknowledgeMode=AUTO local queue size=0
2023-12-05 13:52:41.995  INFO 26932 --- [org.springframework.amqp.rabbit.RabbitListenerEndpointContainer#0-31] o.s.a.r.c.CachingConnectionFactory       : Attempting to connect to: [localhost:5672]
2023-12-05 13:52:47.144  WARN 26932 --- [org.springframework.amqp.rabbit.RabbitListenerEndpointContainer#0-31] o.s.a.r.l.SimpleMessageListenerContainer : Consumer raised exception, processing can restart if the connection factory supports it. Exception summary: org.springframework.amqp.AmqpConnectException: java.net.ConnectException: Connection refused: no further information
2023-12-05 13:52:47.145  INFO 26932 --- [org.springframework.amqp.rabbit.RabbitListenerEndpointContainer#0-31] o.s.a.r.l.SimpleMessageListenerContainer : Restarting Consumer@684a2995: tags=[[]], channel=null, acknowledgeMode=AUTO local queue size=0
2023-12-05 13:52:47.147  INFO 26932 --- [org.springframework.amqp.rabbit.RabbitListenerEndpointContainer#0-32] o.s.a.r.c.CachingConnectionFactory       : Attempting to connect to: [localhost:5672]
2023-12-05 13:52:52.247  WARN 26932 --- [org.springframework.amqp.rabbit.RabbitListenerEndpointContainer#0-32] o.s.a.r.l.SimpleMessageListenerContainer : Consumer raised exception, processing can restart if the connection factory supports it. Exception summary: org.springframework.amqp.AmqpConnectException: java.net.ConnectException: Connection refused: no further information
2023-12-05 13:52:52.247  INFO 26932 --- [org.springframework.amqp.rabbit.RabbitListenerEndpointContainer#0-32] o.s.a.r.l.SimpleMessageListenerContainer : Restarting Consumer@74e7b505: tags=[[]], channel=null, acknowledgeMode=AUTO local queue size=0
2023-12-05 13:52:52.248  INFO 26932 --- [org.springframework.amqp.rabbit.RabbitListenerEndpointContainer#0-33] o.s.a.r.c.CachingConnectionFactory       : Attempting to connect to: [localhost:5672]
2023-12-05 13:52:57.356  WARN 26932 --- [org.springframework.amqp.rabbit.RabbitListenerEndpointContainer#0-33] o.s.a.r.l.SimpleMessageListenerContainer : Consumer raised exception, processing can restart if the connection factory supports it. Exception summary: org.springframework.amqp.AmqpConnectException: java.net.ConnectException: Connection refused: no further information
2023-12-05 13:52:57.357  INFO 26932 --- [org.springframework.amqp.rabbit.RabbitListenerEndpointContainer#0-33] o.s.a.r.l.SimpleMessageListenerContainer : Restarting Consumer@2e1af343: tags=[[]], channel=null, acknowledgeMode=AUTO local queue size=0
2023-12-05 13:52:57.357  INFO 26932 --- [org.springframework.amqp.rabbit.RabbitListenerEndpointContainer#0-34] o.s.a.r.c.CachingConnectionFactory       : Attempting to connect to: [localhost:5672]
2023-12-05 13:53:02.530  WARN 26932 --- [org.springframework.amqp.rabbit.RabbitListenerEndpointContainer#0-34] o.s.a.r.l.SimpleMessageListenerContainer : Consumer raised exception, processing can restart if the connection factory supports it. Exception summary: org.springframework.amqp.AmqpConnectException: java.net.ConnectException: Connection refused: no further information
2023-12-05 13:53:02.530  INFO 26932 --- [org.springframework.amqp.rabbit.RabbitListenerEndpointContainer#0-34] o.s.a.r.l.SimpleMessageListenerContainer : Restarting Consumer@1e7e6d21: tags=[[]], channel=null, acknowledgeMode=AUTO local queue size=0
2023-12-05 13:53:02.531  INFO 26932 --- [org.springframework.amqp.rabbit.RabbitListenerEndpointContainer#0-35] o.s.a.r.c.CachingConnectionFactory       : Attempting to connect to: [localhost:5672]
2023-12-05 13:53:07.632  WARN 26932 --- [org.springframework.amqp.rabbit.RabbitListenerEndpointContainer#0-35] o.s.a.r.l.SimpleMessageListenerContainer : Consumer raised exception, processing can restart if the connection factory supports it. Exception summary: org.springframework.amqp.AmqpConnectException: java.net.ConnectException: Connection refused: no further information
2023-12-05 13:53:07.632  INFO 26932 --- [org.springframework.amqp.rabbit.RabbitListenerEndpointContainer#0-35] o.s.a.r.l.SimpleMessageListenerContainer : Restarting Consumer@3ac857df: tags=[[]], channel=null, acknowledgeMode=AUTO local queue size=0
2023-12-05 13:53:07.633  INFO 26932 --- [org.springframework.amqp.rabbit.RabbitListenerEndpointContainer#0-36] o.s.a.r.c.CachingConnectionFactory       : Attempting to connect to: [localhost:5672]
2023-12-05 13:53:07.900  INFO 26932 --- [DiscoveryClient-HeartbeatExecutor-0] com.netflix.discovery.DiscoveryClient    : DiscoveryClient_MSCARTOES/mscartoes:9f2273a81dbfa614fe824344e15a2350  - Re-registering apps/MSCARTOES
2023-12-05 13:53:07.901  INFO 26932 --- [DiscoveryClient-HeartbeatExecutor-0] com.netflix.discovery.DiscoveryClient    : DiscoveryClient_MSCARTOES/mscartoes:9f2273a81dbfa614fe824344e15a2350 : registering service...
2023-12-05 13:53:07.904  INFO 26932 --- [DiscoveryClient-HeartbeatExecutor-0] com.netflix.discovery.DiscoveryClient    : DiscoveryClient_MSCARTOES/mscartoes:9f2273a81dbfa614fe824344e15a2350  - registration status: 204
2023-12-05 13:53:12.735  WARN 26932 --- [org.springframework.amqp.rabbit.RabbitListenerEndpointContainer#0-36] o.s.a.r.l.SimpleMessageListenerContainer : Consumer raised exception, processing can restart if the connection factory supports it. Exception summary: org.springframework.amqp.AmqpConnectException: java.net.ConnectException: Connection refused: no further information
2023-12-05 13:53:12.736  INFO 26932 --- [org.springframework.amqp.rabbit.RabbitListenerEndpointContainer#0-36] o.s.a.r.l.SimpleMessageListenerContainer : Restarting Consumer@60477072: tags=[[]], channel=null, acknowledgeMode=AUTO local queue size=0
2023-12-05 13:53:12.737  INFO 26932 --- [org.springframework.amqp.rabbit.RabbitListenerEndpointContainer#0-37] o.s.a.r.c.CachingConnectionFactory       : Attempting to connect to: [localhost:5672]
2023-12-05 13:53:17.826  WARN 26932 --- [org.springframework.amqp.rabbit.RabbitListenerEndpointContainer#0-37] o.s.a.r.l.SimpleMessageListenerContainer : Consumer raised exception, processing can restart if the connection factory supports it. Exception summary: org.springframework.amqp.AmqpConnectException: java.net.ConnectException: Connection refused: no further information
2023-12-05 13:53:17.826  INFO 26932 --- [org.springframework.amqp.rabbit.RabbitListenerEndpointContainer#0-37] o.s.a.r.l.SimpleMessageListenerContainer : Restarting Consumer@ceeda3c: tags=[[]], channel=null, acknowledgeMode=AUTO local queue size=0
2023-12-05 13:53:17.827  INFO 26932 --- [org.springframework.amqp.rabbit.RabbitListenerEndpointContainer#0-38] o.s.a.r.c.CachingConnectionFactory       : Attempting to connect to: [localhost:5672]
2023-12-05 13:53:22.947  WARN 26932 --- [org.springframework.amqp.rabbit.RabbitListenerEndpointContainer#0-38] o.s.a.r.l.SimpleMessageListenerContainer : Consumer raised exception, processing can restart if the connection factory supports it. Exception summary: org.springframework.amqp.AmqpConnectException: java.net.ConnectException: Connection refused: no further information
2023-12-05 13:53:22.947  INFO 26932 --- [org.springframework.amqp.rabbit.RabbitListenerEndpointContainer#0-38] o.s.a.r.l.SimpleMessageListenerContainer : Restarting Consumer@4e124789: tags=[[]], channel=null, acknowledgeMode=AUTO local queue size=0
2023-12-05 13:53:22.948  INFO 26932 --- [org.springframework.amqp.rabbit.RabbitListenerEndpointContainer#0-39] o.s.a.r.c.CachingConnectionFactory       : Attempting to connect to: [localhost:5672]
2023-12-05 13:53:28.048  WARN 26932 --- [org.springframework.amqp.rabbit.RabbitListenerEndpointContainer#0-39] o.s.a.r.l.SimpleMessageListenerContainer : Consumer raised exception, processing can restart if the connection factory supports it. Exception summary: org.springframework.amqp.AmqpConnectException: java.net.ConnectException: Connection refused: no further information
2023-12-05 13:53:28.048  INFO 26932 --- [org.springframework.amqp.rabbit.RabbitListenerEndpointContainer#0-39] o.s.a.r.l.SimpleMessageListenerContainer : Restarting Consumer@8133b29: tags=[[]], channel=null, acknowledgeMode=AUTO local queue size=0
2023-12-05 13:53:28.049  INFO 26932 --- [org.springframework.amqp.rabbit.RabbitListenerEndpointContainer#0-40] o.s.a.r.c.CachingConnectionFactory       : Attempting to connect to: [localhost:5672]
2023-12-05 13:53:33.211  WARN 26932 --- [org.springframework.amqp.rabbit.RabbitListenerEndpointContainer#0-40] o.s.a.r.l.SimpleMessageListenerContainer : Consumer raised exception, processing can restart if the connection factory supports it. Exception summary: org.springframework.amqp.AmqpConnectException: java.net.ConnectException: Connection refused: no further information
2023-12-05 13:53:33.211  INFO 26932 --- [org.springframework.amqp.rabbit.RabbitListenerEndpointContainer#0-40] o.s.a.r.l.SimpleMessageListenerContainer : Restarting Consumer@3d4e96c8: tags=[[]], channel=null, acknowledgeMode=AUTO local queue size=0
2023-12-05 13:53:33.212  INFO 26932 --- [org.springframework.amqp.rabbit.RabbitListenerEndpointContainer#0-41] o.s.a.r.c.CachingConnectionFactory       : Attempting to connect to: [localhost:5672]
2023-12-05 13:53:37.916  INFO 26932 --- [DiscoveryClient-HeartbeatExecutor-0] com.netflix.discovery.DiscoveryClient    : DiscoveryClient_MSCARTOES/mscartoes:9f2273a81dbfa614fe824344e15a2350  - Re-registering apps/MSCARTOES
2023-12-05 13:53:37.916  INFO 26932 --- [DiscoveryClient-HeartbeatExecutor-0] com.netflix.discovery.DiscoveryClient    : DiscoveryClient_MSCARTOES/mscartoes:9f2273a81dbfa614fe824344e15a2350 : registering service...
2023-12-05 13:53:37.920  INFO 26932 --- [DiscoveryClient-HeartbeatExecutor-0] com.netflix.discovery.DiscoveryClient    : DiscoveryClient_MSCARTOES/mscartoes:9f2273a81dbfa614fe824344e15a2350  - registration status: 204
2023-12-05 13:53:38.386  WARN 26932 --- [org.springframework.amqp.rabbit.RabbitListenerEndpointContainer#0-41] o.s.a.r.l.SimpleMessageListenerContainer : Consumer raised exception, processing can restart if the connection factory supports it. Exception summary: org.springframework.amqp.AmqpConnectException: java.net.ConnectException: Connection refused: no further information
2023-12-05 13:53:38.386  INFO 26932 --- [org.springframework.amqp.rabbit.RabbitListenerEndpointContainer#0-41] o.s.a.r.l.SimpleMessageListenerContainer : Restarting Consumer@513318a0: tags=[[]], channel=null, acknowledgeMode=AUTO local queue size=0
2023-12-05 13:53:38.387  INFO 26932 --- [org.springframework.amqp.rabbit.RabbitListenerEndpointContainer#0-42] o.s.a.r.c.CachingConnectionFactory       : Attempting to connect to: [localhost:5672]
2023-12-05 13:53:43.538  WARN 26932 --- [org.springframework.amqp.rabbit.RabbitListenerEndpointContainer#0-42] o.s.a.r.l.SimpleMessageListenerContainer : Consumer raised exception, processing can restart if the connection factory supports it. Exception summary: org.springframework.amqp.AmqpConnectException: java.net.ConnectException: Connection refused: no further information
2023-12-05 13:53:43.538  INFO 26932 --- [org.springframework.amqp.rabbit.RabbitListenerEndpointContainer#0-42] o.s.a.r.l.SimpleMessageListenerContainer : Restarting Consumer@6a1d413b: tags=[[]], channel=null, acknowledgeMode=AUTO local queue size=0
2023-12-05 13:53:43.539  INFO 26932 --- [org.springframework.amqp.rabbit.RabbitListenerEndpointContainer#0-43] o.s.a.r.c.CachingConnectionFactory       : Attempting to connect to: [localhost:5672]
2023-12-05 13:53:48.639  WARN 26932 --- [org.springframework.amqp.rabbit.RabbitListenerEndpointContainer#0-43] o.s.a.r.l.SimpleMessageListenerContainer : Consumer raised exception, processing can restart if the connection factory supports it. Exception summary: org.springframework.amqp.AmqpConnectException: java.net.ConnectException: Connection refused: no further information
2023-12-05 13:53:48.639  INFO 26932 --- [org.springframework.amqp.rabbit.RabbitListenerEndpointContainer#0-43] o.s.a.r.l.SimpleMessageListenerContainer : Restarting Consumer@19905c6f: tags=[[]], channel=null, acknowledgeMode=AUTO local queue size=0
2023-12-05 13:53:48.640  INFO 26932 --- [org.springframework.amqp.rabbit.RabbitListenerEndpointContainer#0-44] o.s.a.r.c.CachingConnectionFactory       : Attempting to connect to: [localhost:5672]
2023-12-05 13:53:53.753  WARN 26932 --- [org.springframework.amqp.rabbit.RabbitListenerEndpointContainer#0-44] o.s.a.r.l.SimpleMessageListenerContainer : Consumer raised exception, processing can restart if the connection factory supports it. Exception summary: org.springframework.amqp.AmqpConnectException: java.net.ConnectException: Connection refused: no further information
2023-12-05 13:53:53.754  INFO 26932 --- [org.springframework.amqp.rabbit.RabbitListenerEndpointContainer#0-44] o.s.a.r.l.SimpleMessageListenerContainer : Restarting Consumer@4ae492b6: tags=[[]], channel=null, acknowledgeMode=AUTO local queue size=0
2023-12-05 13:53:53.760  INFO 26932 --- [org.springframework.amqp.rabbit.RabbitListenerEndpointContainer#0-45] o.s.a.r.c.CachingConnectionFactory       : Attempting to connect to: [localhost:5672]
2023-12-05 13:53:58.902  WARN 26932 --- [org.springframework.amqp.rabbit.RabbitListenerEndpointContainer#0-45] o.s.a.r.l.SimpleMessageListenerContainer : Consumer raised exception, processing can restart if the connection factory supports it. Exception summary: org.springframework.amqp.AmqpConnectException: java.net.ConnectException: Connection refused: no further information
2023-12-05 13:53:58.902  INFO 26932 --- [org.springframework.amqp.rabbit.RabbitListenerEndpointContainer#0-45] o.s.a.r.l.SimpleMessageListenerContainer : Restarting Consumer@62a372c9: tags=[[]], channel=null, acknowledgeMode=AUTO local queue size=0
2023-12-05 13:53:58.903  INFO 26932 --- [org.springframework.amqp.rabbit.RabbitListenerEndpointContainer#0-46] o.s.a.r.c.CachingConnectionFactory       : Attempting to connect to: [localhost:5672]
2023-12-05 13:54:03.990  WARN 26932 --- [org.springframework.amqp.rabbit.RabbitListenerEndpointContainer#0-46] o.s.a.r.l.SimpleMessageListenerContainer : Consumer raised exception, processing can restart if the connection factory supports it. Exception summary: org.springframework.amqp.AmqpConnectException: java.net.ConnectException: Connection refused: no further information
2023-12-05 13:54:03.990  INFO 26932 --- [org.springframework.amqp.rabbit.RabbitListenerEndpointContainer#0-46] o.s.a.r.l.SimpleMessageListenerContainer : Restarting Consumer@47aa63b0: tags=[[]], channel=null, acknowledgeMode=AUTO local queue size=0
2023-12-05 13:54:03.991  INFO 26932 --- [org.springframework.amqp.rabbit.RabbitListenerEndpointContainer#0-47] o.s.a.r.c.CachingConnectionFactory       : Attempting to connect to: [localhost:5672]
2023-12-05 13:54:07.938  INFO 26932 --- [DiscoveryClient-HeartbeatExecutor-0] com.netflix.discovery.DiscoveryClient    : DiscoveryClient_MSCARTOES/mscartoes:9f2273a81dbfa614fe824344e15a2350  - Re-registering apps/MSCARTOES
2023-12-05 13:54:07.938  INFO 26932 --- [DiscoveryClient-HeartbeatExecutor-0] com.netflix.discovery.DiscoveryClient    : DiscoveryClient_MSCARTOES/mscartoes:9f2273a81dbfa614fe824344e15a2350 : registering service...
2023-12-05 13:54:07.942  INFO 26932 --- [DiscoveryClient-HeartbeatExecutor-0] com.netflix.discovery.DiscoveryClient    : DiscoveryClient_MSCARTOES/mscartoes:9f2273a81dbfa614fe824344e15a2350  - registration status: 204
2023-12-05 13:54:09.096  WARN 26932 --- [org.springframework.amqp.rabbit.RabbitListenerEndpointContainer#0-47] o.s.a.r.l.SimpleMessageListenerContainer : Consumer raised exception, processing can restart if the connection factory supports it. Exception summary: org.springframework.amqp.AmqpConnectException: java.net.ConnectException: Connection refused: no further information
2023-12-05 13:54:09.096  INFO 26932 --- [org.springframework.amqp.rabbit.RabbitListenerEndpointContainer#0-47] o.s.a.r.l.SimpleMessageListenerContainer : Restarting Consumer@6ead95a2: tags=[[]], channel=null, acknowledgeMode=AUTO local queue size=0
2023-12-05 13:54:09.097  INFO 26932 --- [org.springframework.amqp.rabbit.RabbitListenerEndpointContainer#0-48] o.s.a.r.c.CachingConnectionFactory       : Attempting to connect to: [localhost:5672]
2023-12-05 13:54:14.189  WARN 26932 --- [org.springframework.amqp.rabbit.RabbitListenerEndpointContainer#0-48] o.s.a.r.l.SimpleMessageListenerContainer : Consumer raised exception, processing can restart if the connection factory supports it. Exception summary: org.springframework.amqp.AmqpConnectException: java.net.ConnectException: Connection refused: no further information
2023-12-05 13:54:14.189  INFO 26932 --- [org.springframework.amqp.rabbit.RabbitListenerEndpointContainer#0-48] o.s.a.r.l.SimpleMessageListenerContainer : Restarting Consumer@60ee8963: tags=[[]], channel=null, acknowledgeMode=AUTO local queue size=0
2023-12-05 13:54:14.189  INFO 26932 --- [org.springframework.amqp.rabbit.RabbitListenerEndpointContainer#0-49] o.s.a.r.c.CachingConnectionFactory       : Attempting to connect to: [localhost:5672]
2023-12-05 13:54:19.326  WARN 26932 --- [org.springframework.amqp.rabbit.RabbitListenerEndpointContainer#0-49] o.s.a.r.l.SimpleMessageListenerContainer : Consumer raised exception, processing can restart if the connection factory supports it. Exception summary: org.springframework.amqp.AmqpConnectException: java.net.ConnectException: Connection refused: no further information
2023-12-05 13:54:19.326  INFO 26932 --- [org.springframework.amqp.rabbit.RabbitListenerEndpointContainer#0-49] o.s.a.r.l.SimpleMessageListenerContainer : Restarting Consumer@4bea16e3: tags=[[]], channel=null, acknowledgeMode=AUTO local queue size=0
2023-12-05 13:54:19.327  INFO 26932 --- [org.springframework.amqp.rabbit.RabbitListenerEndpointContainer#0-50] o.s.a.r.c.CachingConnectionFactory       : Attempting to connect to: [localhost:5672]
2023-12-05 13:54:24.475  WARN 26932 --- [org.springframework.amqp.rabbit.RabbitListenerEndpointContainer#0-50] o.s.a.r.l.SimpleMessageListenerContainer : Consumer raised exception, processing can restart if the connection factory supports it. Exception summary: org.springframework.amqp.AmqpConnectException: java.net.ConnectException: Connection refused: no further information
2023-12-05 13:54:24.475  INFO 26932 --- [org.springframework.amqp.rabbit.RabbitListenerEndpointContainer#0-50] o.s.a.r.l.SimpleMessageListenerContainer : Restarting Consumer@5ca93ec7: tags=[[]], channel=null, acknowledgeMode=AUTO local queue size=0
2023-12-05 13:54:24.476  INFO 26932 --- [org.springframework.amqp.rabbit.RabbitListenerEndpointContainer#0-51] o.s.a.r.c.CachingConnectionFactory       : Attempting to connect to: [localhost:5672]
2023-12-05 13:54:29.592  WARN 26932 --- [org.springframework.amqp.rabbit.RabbitListenerEndpointContainer#0-51] o.s.a.r.l.SimpleMessageListenerContainer : Consumer raised exception, processing can restart if the connection factory supports it. Exception summary: org.springframework.amqp.AmqpConnectException: java.net.ConnectException: Connection refused: no further information
2023-12-05 13:54:29.592  INFO 26932 --- [org.springframework.amqp.rabbit.RabbitListenerEndpointContainer#0-51] o.s.a.r.l.SimpleMessageListenerContainer : Restarting Consumer@1e53fe89: tags=[[]], channel=null, acknowledgeMode=AUTO local queue size=0
2023-12-05 13:54:29.593  INFO 26932 --- [org.springframework.amqp.rabbit.RabbitListenerEndpointContainer#0-52] o.s.a.r.c.CachingConnectionFactory       : Attempting to connect to: [localhost:5672]
2023-12-05 13:54:34.717  WARN 26932 --- [org.springframework.amqp.rabbit.RabbitListenerEndpointContainer#0-52] o.s.a.r.l.SimpleMessageListenerContainer : Consumer raised exception, processing can restart if the connection factory supports it. Exception summary: org.springframework.amqp.AmqpConnectException: java.net.ConnectException: Connection refused: no further information
2023-12-05 13:54:34.719  INFO 26932 --- [org.springframework.amqp.rabbit.RabbitListenerEndpointContainer#0-52] o.s.a.r.l.SimpleMessageListenerContainer : Restarting Consumer@5400baba: tags=[[]], channel=null, acknowledgeMode=AUTO local queue size=0
2023-12-05 13:54:34.719  INFO 26932 --- [org.springframework.amqp.rabbit.RabbitListenerEndpointContainer#0-53] o.s.a.r.c.CachingConnectionFactory       : Attempting to connect to: [localhost:5672]
2023-12-05 13:54:37.949  INFO 26932 --- [DiscoveryClient-HeartbeatExecutor-0] com.netflix.discovery.DiscoveryClient    : DiscoveryClient_MSCARTOES/mscartoes:9f2273a81dbfa614fe824344e15a2350  - Re-registering apps/MSCARTOES
2023-12-05 13:54:37.950  INFO 26932 --- [DiscoveryClient-HeartbeatExecutor-0] com.netflix.discovery.DiscoveryClient    : DiscoveryClient_MSCARTOES/mscartoes:9f2273a81dbfa614fe824344e15a2350 : registering service...
2023-12-05 13:54:37.953  INFO 26932 --- [DiscoveryClient-HeartbeatExecutor-0] com.netflix.discovery.DiscoveryClient    : DiscoveryClient_MSCARTOES/mscartoes:9f2273a81dbfa614fe824344e15a2350  - registration status: 204
2023-12-05 13:54:39.810  WARN 26932 --- [org.springframework.amqp.rabbit.RabbitListenerEndpointContainer#0-53] o.s.a.r.l.SimpleMessageListenerContainer : Consumer raised exception, processing can restart if the connection factory supports it. Exception summary: org.springframework.amqp.AmqpConnectException: java.net.ConnectException: Connection refused: no further information
2023-12-05 13:54:39.810  INFO 26932 --- [org.springframework.amqp.rabbit.RabbitListenerEndpointContainer#0-53] o.s.a.r.l.SimpleMessageListenerContainer : Restarting Consumer@6d2bba89: tags=[[]], channel=null, acknowledgeMode=AUTO local queue size=0
2023-12-05 13:54:39.811  INFO 26932 --- [org.springframework.amqp.rabbit.RabbitListenerEndpointContainer#0-54] o.s.a.r.c.CachingConnectionFactory       : Attempting to connect to: [localhost:5672]
2023-12-05 13:54:44.931  WARN 26932 --- [org.springframework.amqp.rabbit.RabbitListenerEndpointContainer#0-54] o.s.a.r.l.SimpleMessageListenerContainer : Consumer raised exception, processing can restart if the connection factory supports it. Exception summary: org.springframework.amqp.AmqpConnectException: java.net.ConnectException: Connection refused: no further information
2023-12-05 13:54:44.931  INFO 26932 --- [org.springframework.amqp.rabbit.RabbitListenerEndpointContainer#0-54] o.s.a.r.l.SimpleMessageListenerContainer : Restarting Consumer@32d0b0e0: tags=[[]], channel=null, acknowledgeMode=AUTO local queue size=0
2023-12-05 13:54:44.932  INFO 26932 --- [org.springframework.amqp.rabbit.RabbitListenerEndpointContainer#0-55] o.s.a.r.c.CachingConnectionFactory       : Attempting to connect to: [localhost:5672]
2023-12-05 13:54:50.044  WARN 26932 --- [org.springframework.amqp.rabbit.RabbitListenerEndpointContainer#0-55] o.s.a.r.l.SimpleMessageListenerContainer : Consumer raised exception, processing can restart if the connection factory supports it. Exception summary: org.springframework.amqp.AmqpConnectException: java.net.ConnectException: Connection refused: no further information
2023-12-05 13:54:50.044  INFO 26932 --- [org.springframework.amqp.rabbit.RabbitListenerEndpointContainer#0-55] o.s.a.r.l.SimpleMessageListenerContainer : Restarting Consumer@3d5fadcb: tags=[[]], channel=null, acknowledgeMode=AUTO local queue size=0
2023-12-05 13:54:50.045  INFO 26932 --- [org.springframework.amqp.rabbit.RabbitListenerEndpointContainer#0-56] o.s.a.r.c.CachingConnectionFactory       : Attempting to connect to: [localhost:5672]
2023-12-05 13:54:55.110  WARN 26932 --- [org.springframework.amqp.rabbit.RabbitListenerEndpointContainer#0-56] o.s.a.r.l.SimpleMessageListenerContainer : Consumer raised exception, processing can restart if the connection factory supports it. Exception summary: org.springframework.amqp.AmqpConnectException: java.net.ConnectException: Connection refused: no further information
2023-12-05 13:54:55.110  INFO 26932 --- [org.springframework.amqp.rabbit.RabbitListenerEndpointContainer#0-56] o.s.a.r.l.SimpleMessageListenerContainer : Restarting Consumer@3349173a: tags=[[]], channel=null, acknowledgeMode=AUTO local queue size=0
2023-12-05 13:54:55.111  INFO 26932 --- [org.springframework.amqp.rabbit.RabbitListenerEndpointContainer#0-57] o.s.a.r.c.CachingConnectionFactory       : Attempting to connect to: [localhost:5672]
2023-12-05 13:55:00.219  WARN 26932 --- [org.springframework.amqp.rabbit.RabbitListenerEndpointContainer#0-57] o.s.a.r.l.SimpleMessageListenerContainer : Consumer raised exception, processing can restart if the connection factory supports it. Exception summary: org.springframework.amqp.AmqpConnectException: java.net.ConnectException: Connection refused: no further information
2023-12-05 13:55:00.220  INFO 26932 --- [org.springframework.amqp.rabbit.RabbitListenerEndpointContainer#0-57] o.s.a.r.l.SimpleMessageListenerContainer : Restarting Consumer@7696665b: tags=[[]], channel=null, acknowledgeMode=AUTO local queue size=0
2023-12-05 13:55:00.221  INFO 26932 --- [org.springframework.amqp.rabbit.RabbitListenerEndpointContainer#0-58] o.s.a.r.c.CachingConnectionFactory       : Attempting to connect to: [localhost:5672]
2023-12-05 13:55:05.341  WARN 26932 --- [org.springframework.amqp.rabbit.RabbitListenerEndpointContainer#0-58] o.s.a.r.l.SimpleMessageListenerContainer : Consumer raised exception, processing can restart if the connection factory supports it. Exception summary: org.springframework.amqp.AmqpConnectException: java.net.ConnectException: Connection refused: no further information
2023-12-05 13:55:05.341  INFO 26932 --- [org.springframework.amqp.rabbit.RabbitListenerEndpointContainer#0-58] o.s.a.r.l.SimpleMessageListenerContainer : Restarting Consumer@71360ea9: tags=[[]], channel=null, acknowledgeMode=AUTO local queue size=0
2023-12-05 13:55:05.342  INFO 26932 --- [org.springframework.amqp.rabbit.RabbitListenerEndpointContainer#0-59] o.s.a.r.c.CachingConnectionFactory       : Attempting to connect to: [localhost:5672]
2023-12-05 13:55:06.856  INFO 26932 --- [AsyncResolver-bootstrap-executor-0] c.n.d.s.r.aws.ConfigClusterResolver      : Resolving eureka endpoints via configuration
2023-12-05 13:55:07.972  INFO 26932 --- [DiscoveryClient-HeartbeatExecutor-0] com.netflix.discovery.DiscoveryClient    : DiscoveryClient_MSCARTOES/mscartoes:9f2273a81dbfa614fe824344e15a2350  - Re-registering apps/MSCARTOES
2023-12-05 13:55:07.973  INFO 26932 --- [DiscoveryClient-HeartbeatExecutor-0] com.netflix.discovery.DiscoveryClient    : DiscoveryClient_MSCARTOES/mscartoes:9f2273a81dbfa614fe824344e15a2350 : registering service...
2023-12-05 13:55:07.977  INFO 26932 --- [DiscoveryClient-HeartbeatExecutor-0] com.netflix.discovery.DiscoveryClient    : DiscoveryClient_MSCARTOES/mscartoes:9f2273a81dbfa614fe824344e15a2350  - registration status: 204
2023-12-05 13:55:10.451  WARN 26932 --- [org.springframework.amqp.rabbit.RabbitListenerEndpointContainer#0-59] o.s.a.r.l.SimpleMessageListenerContainer : Consumer raised exception, processing can restart if the connection factory supports it. Exception summary: org.springframework.amqp.AmqpConnectException: java.net.ConnectException: Connection refused: no further information
2023-12-05 13:55:10.451  INFO 26932 --- [org.springframework.amqp.rabbit.RabbitListenerEndpointContainer#0-59] o.s.a.r.l.SimpleMessageListenerContainer : Restarting Consumer@3412472d: tags=[[]], channel=null, acknowledgeMode=AUTO local queue size=0
2023-12-05 13:55:10.452  INFO 26932 --- [org.springframework.amqp.rabbit.RabbitListenerEndpointContainer#0-60] o.s.a.r.c.CachingConnectionFactory       : Attempting to connect to: [localhost:5672]
2023-12-05 13:55:15.571  WARN 26932 --- [org.springframework.amqp.rabbit.RabbitListenerEndpointContainer#0-60] o.s.a.r.l.SimpleMessageListenerContainer : Consumer raised exception, processing can restart if the connection factory supports it. Exception summary: org.springframework.amqp.AmqpConnectException: java.net.ConnectException: Connection refused: no further information
2023-12-05 13:55:15.571  INFO 26932 --- [org.springframework.amqp.rabbit.RabbitListenerEndpointContainer#0-60] o.s.a.r.l.SimpleMessageListenerContainer : Restarting Consumer@4148b177: tags=[[]], channel=null, acknowledgeMode=AUTO local queue size=0
2023-12-05 13:55:15.572  INFO 26932 --- [org.springframework.amqp.rabbit.RabbitListenerEndpointContainer#0-61] o.s.a.r.c.CachingConnectionFactory       : Attempting to connect to: [localhost:5672]
2023-12-05 13:55:20.671  WARN 26932 --- [org.springframework.amqp.rabbit.RabbitListenerEndpointContainer#0-61] o.s.a.r.l.SimpleMessageListenerContainer : Consumer raised exception, processing can restart if the connection factory supports it. Exception summary: org.springframework.amqp.AmqpConnectException: java.net.ConnectException: Connection refused: no further information
2023-12-05 13:55:20.671  INFO 26932 --- [org.springframework.amqp.rabbit.RabbitListenerEndpointContainer#0-61] o.s.a.r.l.SimpleMessageListenerContainer : Restarting Consumer@29a3f25f: tags=[[]], channel=null, acknowledgeMode=AUTO local queue size=0
2023-12-05 13:55:20.672  INFO 26932 --- [org.springframework.amqp.rabbit.RabbitListenerEndpointContainer#0-62] o.s.a.r.c.CachingConnectionFactory       : Attempting to connect to: [localhost:5672]
2023-12-05 13:55:25.833  WARN 26932 --- [org.springframework.amqp.rabbit.RabbitListenerEndpointContainer#0-62] o.s.a.r.l.SimpleMessageListenerContainer : Consumer raised exception, processing can restart if the connection factory supports it. Exception summary: org.springframework.amqp.AmqpConnectException: java.net.ConnectException: Connection refused: no further information
2023-12-05 13:55:25.834  INFO 26932 --- [org.springframework.amqp.rabbit.RabbitListenerEndpointContainer#0-62] o.s.a.r.l.SimpleMessageListenerContainer : Restarting Consumer@337c3657: tags=[[]], channel=null, acknowledgeMode=AUTO local queue size=0
2023-12-05 13:55:25.836  INFO 26932 --- [org.springframework.amqp.rabbit.RabbitListenerEndpointContainer#0-63] o.s.a.r.c.CachingConnectionFactory       : Attempting to connect to: [localhost:5672]
2023-12-05 13:55:30.928  WARN 26932 --- [org.springframework.amqp.rabbit.RabbitListenerEndpointContainer#0-63] o.s.a.r.l.SimpleMessageListenerContainer : Consumer raised exception, processing can restart if the connection factory supports it. Exception summary: org.springframework.amqp.AmqpConnectException: java.net.ConnectException: Connection refused: no further information
2023-12-05 13:55:30.929  INFO 26932 --- [org.springframework.amqp.rabbit.RabbitListenerEndpointContainer#0-63] o.s.a.r.l.SimpleMessageListenerContainer : Restarting Consumer@23e106fc: tags=[[]], channel=null, acknowledgeMode=AUTO local queue size=0
2023-12-05 13:55:30.938  INFO 26932 --- [org.springframework.amqp.rabbit.RabbitListenerEndpointContainer#0-64] o.s.a.r.c.CachingConnectionFactory       : Attempting to connect to: [localhost:5672]
2023-12-05 13:55:36.036  WARN 26932 --- [org.springframework.amqp.rabbit.RabbitListenerEndpointContainer#0-64] o.s.a.r.l.SimpleMessageListenerContainer : Consumer raised exception, processing can restart if the connection factory supports it. Exception summary: org.springframework.amqp.AmqpConnectException: java.net.ConnectException: Connection refused: no further information
2023-12-05 13:55:36.036  INFO 26932 --- [org.springframework.amqp.rabbit.RabbitListenerEndpointContainer#0-64] o.s.a.r.l.SimpleMessageListenerContainer : Restarting Consumer@42e2bcb3: tags=[[]], channel=null, acknowledgeMode=AUTO local queue size=0
2023-12-05 13:55:36.038  INFO 26932 --- [org.springframework.amqp.rabbit.RabbitListenerEndpointContainer#0-65] o.s.a.r.c.CachingConnectionFactory       : Attempting to connect to: [localhost:5672]
2023-12-05 13:55:37.991  INFO 26932 --- [DiscoveryClient-HeartbeatExecutor-0] com.netflix.discovery.DiscoveryClient    : DiscoveryClient_MSCARTOES/mscartoes:9f2273a81dbfa614fe824344e15a2350  - Re-registering apps/MSCARTOES
2023-12-05 13:55:37.991  INFO 26932 --- [DiscoveryClient-HeartbeatExecutor-0] com.netflix.discovery.DiscoveryClient    : DiscoveryClient_MSCARTOES/mscartoes:9f2273a81dbfa614fe824344e15a2350 : registering service...
2023-12-05 13:55:37.995  INFO 26932 --- [DiscoveryClient-HeartbeatExecutor-0] com.netflix.discovery.DiscoveryClient    : DiscoveryClient_MSCARTOES/mscartoes:9f2273a81dbfa614fe824344e15a2350  - registration status: 204
2023-12-05 13:55:41.189  WARN 26932 --- [org.springframework.amqp.rabbit.RabbitListenerEndpointContainer#0-65] o.s.a.r.l.SimpleMessageListenerContainer : Consumer raised exception, processing can restart if the connection factory supports it. Exception summary: org.springframework.amqp.AmqpConnectException: java.net.ConnectException: Connection refused: no further information
2023-12-05 13:55:41.189  INFO 26932 --- [org.springframework.amqp.rabbit.RabbitListenerEndpointContainer#0-65] o.s.a.r.l.SimpleMessageListenerContainer : Restarting Consumer@5ab2c60e: tags=[[]], channel=null, acknowledgeMode=AUTO local queue size=0
2023-12-05 13:55:41.190  INFO 26932 --- [org.springframework.amqp.rabbit.RabbitListenerEndpointContainer#0-66] o.s.a.r.c.CachingConnectionFactory       : Attempting to connect to: [localhost:5672]
2023-12-05 13:55:46.326  WARN 26932 --- [org.springframework.amqp.rabbit.RabbitListenerEndpointContainer#0-66] o.s.a.r.l.SimpleMessageListenerContainer : Consumer raised exception, processing can restart if the connection factory supports it. Exception summary: org.springframework.amqp.AmqpConnectException: java.net.ConnectException: Connection refused: no further information
2023-12-05 13:55:46.326  INFO 26932 --- [org.springframework.amqp.rabbit.RabbitListenerEndpointContainer#0-66] o.s.a.r.l.SimpleMessageListenerContainer : Restarting Consumer@14e0f467: tags=[[]], channel=null, acknowledgeMode=AUTO local queue size=0
2023-12-05 13:55:46.327  INFO 26932 --- [org.springframework.amqp.rabbit.RabbitListenerEndpointContainer#0-67] o.s.a.r.c.CachingConnectionFactory       : Attempting to connect to: [localhost:5672]
2023-12-05 13:55:51.451  WARN 26932 --- [org.springframework.amqp.rabbit.RabbitListenerEndpointContainer#0-67] o.s.a.r.l.SimpleMessageListenerContainer : Consumer raised exception, processing can restart if the connection factory supports it. Exception summary: org.springframework.amqp.AmqpConnectException: java.net.ConnectException: Connection refused: no further information
2023-12-05 13:55:51.451  INFO 26932 --- [org.springframework.amqp.rabbit.RabbitListenerEndpointContainer#0-67] o.s.a.r.l.SimpleMessageListenerContainer : Restarting Consumer@1ef31a3c: tags=[[]], channel=null, acknowledgeMode=AUTO local queue size=0
2023-12-05 13:55:51.452  INFO 26932 --- [org.springframework.amqp.rabbit.RabbitListenerEndpointContainer#0-68] o.s.a.r.c.CachingConnectionFactory       : Attempting to connect to: [localhost:5672]
2023-12-05 13:55:56.603  WARN 26932 --- [org.springframework.amqp.rabbit.RabbitListenerEndpointContainer#0-68] o.s.a.r.l.SimpleMessageListenerContainer : Consumer raised exception, processing can restart if the connection factory supports it. Exception summary: org.springframework.amqp.AmqpConnectException: java.net.ConnectException: Connection refused: no further information
2023-12-05 13:55:56.604  INFO 26932 --- [org.springframework.amqp.rabbit.RabbitListenerEndpointContainer#0-68] o.s.a.r.l.SimpleMessageListenerContainer : Restarting Consumer@7fad00b4: tags=[[]], channel=null, acknowledgeMode=AUTO local queue size=0
2023-12-05 13:55:56.604  INFO 26932 --- [org.springframework.amqp.rabbit.RabbitListenerEndpointContainer#0-69] o.s.a.r.c.CachingConnectionFactory       : Attempting to connect to: [localhost:5672]
2023-12-05 13:56:01.727  WARN 26932 --- [org.springframework.amqp.rabbit.RabbitListenerEndpointContainer#0-69] o.s.a.r.l.SimpleMessageListenerContainer : Consumer raised exception, processing can restart if the connection factory supports it. Exception summary: org.springframework.amqp.AmqpConnectException: java.net.ConnectException: Connection refused: no further information
2023-12-05 13:56:01.727  INFO 26932 --- [org.springframework.amqp.rabbit.RabbitListenerEndpointContainer#0-69] o.s.a.r.l.SimpleMessageListenerContainer : Restarting Consumer@3765e6c3: tags=[[]], channel=null, acknowledgeMode=AUTO local queue size=0
2023-12-05 13:56:01.728  INFO 26932 --- [org.springframework.amqp.rabbit.RabbitListenerEndpointContainer#0-70] o.s.a.r.c.CachingConnectionFactory       : Attempting to connect to: [localhost:5672]
2023-12-05 13:56:06.911  WARN 26932 --- [org.springframework.amqp.rabbit.RabbitListenerEndpointContainer#0-70] o.s.a.r.l.SimpleMessageListenerContainer : Consumer raised exception, processing can restart if the connection factory supports it. Exception summary: org.springframework.amqp.AmqpConnectException: java.net.ConnectException: Connection refused: no further information
2023-12-05 13:56:06.912  INFO 26932 --- [org.springframework.amqp.rabbit.RabbitListenerEndpointContainer#0-70] o.s.a.r.l.SimpleMessageListenerContainer : Restarting Consumer@7a26cd38: tags=[[]], channel=null, acknowledgeMode=AUTO local queue size=0
2023-12-05 13:56:06.913  INFO 26932 --- [org.springframework.amqp.rabbit.RabbitListenerEndpointContainer#0-71] o.s.a.r.c.CachingConnectionFactory       : Attempting to connect to: [localhost:5672]
2023-12-05 13:56:08.028  INFO 26932 --- [DiscoveryClient-HeartbeatExecutor-0] com.netflix.discovery.DiscoveryClient    : DiscoveryClient_MSCARTOES/mscartoes:9f2273a81dbfa614fe824344e15a2350  - Re-registering apps/MSCARTOES
2023-12-05 13:56:08.028  INFO 26932 --- [DiscoveryClient-HeartbeatExecutor-0] com.netflix.discovery.DiscoveryClient    : DiscoveryClient_MSCARTOES/mscartoes:9f2273a81dbfa614fe824344e15a2350 : registering service...
2023-12-05 13:56:08.035  INFO 26932 --- [DiscoveryClient-HeartbeatExecutor-0] com.netflix.discovery.DiscoveryClient    : DiscoveryClient_MSCARTOES/mscartoes:9f2273a81dbfa614fe824344e15a2350  - registration status: 204
2023-12-05 13:56:12.015  WARN 26932 --- [org.springframework.amqp.rabbit.RabbitListenerEndpointContainer#0-71] o.s.a.r.l.SimpleMessageListenerContainer : Consumer raised exception, processing can restart if the connection factory supports it. Exception summary: org.springframework.amqp.AmqpConnectException: java.net.ConnectException: Connection refused: no further information
2023-12-05 13:56:12.016  INFO 26932 --- [org.springframework.amqp.rabbit.RabbitListenerEndpointContainer#0-71] o.s.a.r.l.SimpleMessageListenerContainer : Restarting Consumer@bd559c2: tags=[[]], channel=null, acknowledgeMode=AUTO local queue size=0
2023-12-05 13:56:12.017  INFO 26932 --- [org.springframework.amqp.rabbit.RabbitListenerEndpointContainer#0-72] o.s.a.r.c.CachingConnectionFactory       : Attempting to connect to: [localhost:5672]
2023-12-05 13:56:17.149  WARN 26932 --- [org.springframework.amqp.rabbit.RabbitListenerEndpointContainer#0-72] o.s.a.r.l.SimpleMessageListenerContainer : Consumer raised exception, processing can restart if the connection factory supports it. Exception summary: org.springframework.amqp.AmqpConnectException: java.net.ConnectException: Connection refused: no further information
2023-12-05 13:56:17.149  INFO 26932 --- [org.springframework.amqp.rabbit.RabbitListenerEndpointContainer#0-72] o.s.a.r.l.SimpleMessageListenerContainer : Restarting Consumer@69f95bef: tags=[[]], channel=null, acknowledgeMode=AUTO local queue size=0
2023-12-05 13:56:17.150  INFO 26932 --- [org.springframework.amqp.rabbit.RabbitListenerEndpointContainer#0-73] o.s.a.r.c.CachingConnectionFactory       : Attempting to connect to: [localhost:5672]
2023-12-05 13:56:22.298  WARN 26932 --- [org.springframework.amqp.rabbit.RabbitListenerEndpointContainer#0-73] o.s.a.r.l.SimpleMessageListenerContainer : Consumer raised exception, processing can restart if the connection factory supports it. Exception summary: org.springframework.amqp.AmqpConnectException: java.net.ConnectException: Connection refused: no further information
2023-12-05 13:56:22.298  INFO 26932 --- [org.springframework.amqp.rabbit.RabbitListenerEndpointContainer#0-73] o.s.a.r.l.SimpleMessageListenerContainer : Restarting Consumer@13ea22fd: tags=[[]], channel=null, acknowledgeMode=AUTO local queue size=0
2023-12-05 13:56:22.299  INFO 26932 --- [org.springframework.amqp.rabbit.RabbitListenerEndpointContainer#0-74] o.s.a.r.c.CachingConnectionFactory       : Attempting to connect to: [localhost:5672]
2023-12-05 13:56:27.418  WARN 26932 --- [org.springframework.amqp.rabbit.RabbitListenerEndpointContainer#0-74] o.s.a.r.l.SimpleMessageListenerContainer : Consumer raised exception, processing can restart if the connection factory supports it. Exception summary: org.springframework.amqp.AmqpConnectException: java.net.ConnectException: Connection refused: no further information
2023-12-05 13:56:27.418  INFO 26932 --- [org.springframework.amqp.rabbit.RabbitListenerEndpointContainer#0-74] o.s.a.r.l.SimpleMessageListenerContainer : Restarting Consumer@32731d25: tags=[[]], channel=null, acknowledgeMode=AUTO local queue size=0
2023-12-05 13:56:27.419  INFO 26932 --- [org.springframework.amqp.rabbit.RabbitListenerEndpointContainer#0-75] o.s.a.r.c.CachingConnectionFactory       : Attempting to connect to: [localhost:5672]
2023-12-05 13:56:32.517  WARN 26932 --- [org.springframework.amqp.rabbit.RabbitListenerEndpointContainer#0-75] o.s.a.r.l.SimpleMessageListenerContainer : Consumer raised exception, processing can restart if the connection factory supports it. Exception summary: org.springframework.amqp.AmqpConnectException: java.net.ConnectException: Connection refused: no further information
2023-12-05 13:56:32.517  INFO 26932 --- [org.springframework.amqp.rabbit.RabbitListenerEndpointContainer#0-75] o.s.a.r.l.SimpleMessageListenerContainer : Restarting Consumer@1eb4a8cb: tags=[[]], channel=null, acknowledgeMode=AUTO local queue size=0
2023-12-05 13:56:32.517  INFO 26932 --- [org.springframework.amqp.rabbit.RabbitListenerEndpointContainer#0-76] o.s.a.r.c.CachingConnectionFactory       : Attempting to connect to: [localhost:5672]
2023-12-05 13:56:37.678  WARN 26932 --- [org.springframework.amqp.rabbit.RabbitListenerEndpointContainer#0-76] o.s.a.r.l.SimpleMessageListenerContainer : Consumer raised exception, processing can restart if the connection factory supports it. Exception summary: org.springframework.amqp.AmqpConnectException: java.net.ConnectException: Connection refused: no further information
2023-12-05 13:56:37.679  INFO 26932 --- [org.springframework.amqp.rabbit.RabbitListenerEndpointContainer#0-76] o.s.a.r.l.SimpleMessageListenerContainer : Restarting Consumer@40e26a12: tags=[[]], channel=null, acknowledgeMode=AUTO local queue size=0
2023-12-05 13:56:37.680  INFO 26932 --- [org.springframework.amqp.rabbit.RabbitListenerEndpointContainer#0-77] o.s.a.r.c.CachingConnectionFactory       : Attempting to connect to: [localhost:5672]
2023-12-05 13:56:38.040  INFO 26932 --- [DiscoveryClient-HeartbeatExecutor-0] com.netflix.discovery.DiscoveryClient    : DiscoveryClient_MSCARTOES/mscartoes:9f2273a81dbfa614fe824344e15a2350  - Re-registering apps/MSCARTOES
2023-12-05 13:56:38.041  INFO 26932 --- [DiscoveryClient-HeartbeatExecutor-0] com.netflix.discovery.DiscoveryClient    : DiscoveryClient_MSCARTOES/mscartoes:9f2273a81dbfa614fe824344e15a2350 : registering service...
2023-12-05 13:56:38.044  INFO 26932 --- [DiscoveryClient-HeartbeatExecutor-0] com.netflix.discovery.DiscoveryClient    : DiscoveryClient_MSCARTOES/mscartoes:9f2273a81dbfa614fe824344e15a2350  - registration status: 204
2023-12-05 13:56:42.806  WARN 26932 --- [org.springframework.amqp.rabbit.RabbitListenerEndpointContainer#0-77] o.s.a.r.l.SimpleMessageListenerContainer : Consumer raised exception, processing can restart if the connection factory supports it. Exception summary: org.springframework.amqp.AmqpConnectException: java.net.ConnectException: Connection refused: no further information
2023-12-05 13:56:42.806  INFO 26932 --- [org.springframework.amqp.rabbit.RabbitListenerEndpointContainer#0-77] o.s.a.r.l.SimpleMessageListenerContainer : Restarting Consumer@c0fd7b6: tags=[[]], channel=null, acknowledgeMode=AUTO local queue size=0
2023-12-05 13:56:42.807  INFO 26932 --- [org.springframework.amqp.rabbit.RabbitListenerEndpointContainer#0-78] o.s.a.r.c.CachingConnectionFactory       : Attempting to connect to: [localhost:5672]
2023-12-05 13:56:47.981  WARN 26932 --- [org.springframework.amqp.rabbit.RabbitListenerEndpointContainer#0-78] o.s.a.r.l.SimpleMessageListenerContainer : Consumer raised exception, processing can restart if the connection factory supports it. Exception summary: org.springframework.amqp.AmqpConnectException: java.net.ConnectException: Connection refused: no further information
2023-12-05 13:56:47.981  INFO 26932 --- [org.springframework.amqp.rabbit.RabbitListenerEndpointContainer#0-78] o.s.a.r.l.SimpleMessageListenerContainer : Restarting Consumer@1b9df983: tags=[[]], channel=null, acknowledgeMode=AUTO local queue size=0
2023-12-05 13:56:47.982  INFO 26932 --- [org.springframework.amqp.rabbit.RabbitListenerEndpointContainer#0-79] o.s.a.r.c.CachingConnectionFactory       : Attempting to connect to: [localhost:5672]
2023-12-05 13:56:53.061  WARN 26932 --- [org.springframework.amqp.rabbit.RabbitListenerEndpointContainer#0-79] o.s.a.r.l.SimpleMessageListenerContainer : Consumer raised exception, processing can restart if the connection factory supports it. Exception summary: org.springframework.amqp.AmqpConnectException: java.net.ConnectException: Connection refused: no further information
2023-12-05 13:56:53.061  INFO 26932 --- [org.springframework.amqp.rabbit.RabbitListenerEndpointContainer#0-79] o.s.a.r.l.SimpleMessageListenerContainer : Restarting Consumer@44cba63c: tags=[[]], channel=null, acknowledgeMode=AUTO local queue size=0
2023-12-05 13:56:53.062  INFO 26932 --- [org.springframework.amqp.rabbit.RabbitListenerEndpointContainer#0-80] o.s.a.r.c.CachingConnectionFactory       : Attempting to connect to: [localhost:5672]
2023-12-05 13:56:58.182  WARN 26932 --- [org.springframework.amqp.rabbit.RabbitListenerEndpointContainer#0-80] o.s.a.r.l.SimpleMessageListenerContainer : Consumer raised exception, processing can restart if the connection factory supports it. Exception summary: org.springframework.amqp.AmqpConnectException: java.net.ConnectException: Connection refused: no further information
2023-12-05 13:56:58.182  INFO 26932 --- [org.springframework.amqp.rabbit.RabbitListenerEndpointContainer#0-80] o.s.a.r.l.SimpleMessageListenerContainer : Restarting Consumer@33154662: tags=[[]], channel=null, acknowledgeMode=AUTO local queue size=0
2023-12-05 13:56:58.183  INFO 26932 --- [org.springframework.amqp.rabbit.RabbitListenerEndpointContainer#0-81] o.s.a.r.c.CachingConnectionFactory       : Attempting to connect to: [localhost:5672]
2023-12-05 13:57:03.276  WARN 26932 --- [org.springframework.amqp.rabbit.RabbitListenerEndpointContainer#0-81] o.s.a.r.l.SimpleMessageListenerContainer : Consumer raised exception, processing can restart if the connection factory supports it. Exception summary: org.springframework.amqp.AmqpConnectException: java.net.ConnectException: Connection refused: no further information
2023-12-05 13:57:03.276  INFO 26932 --- [org.springframework.amqp.rabbit.RabbitListenerEndpointContainer#0-81] o.s.a.r.l.SimpleMessageListenerContainer : Restarting Consumer@7d79e71f: tags=[[]], channel=null, acknowledgeMode=AUTO local queue size=0
2023-12-05 13:57:03.277  INFO 26932 --- [org.springframework.amqp.rabbit.RabbitListenerEndpointContainer#0-82] o.s.a.r.c.CachingConnectionFactory       : Attempting to connect to: [localhost:5672]
2023-12-05 13:57:08.058  INFO 26932 --- [DiscoveryClient-HeartbeatExecutor-0] com.netflix.discovery.DiscoveryClient    : DiscoveryClient_MSCARTOES/mscartoes:9f2273a81dbfa614fe824344e15a2350  - Re-registering apps/MSCARTOES
2023-12-05 13:57:08.059  INFO 26932 --- [DiscoveryClient-HeartbeatExecutor-0] com.netflix.discovery.DiscoveryClient    : DiscoveryClient_MSCARTOES/mscartoes:9f2273a81dbfa614fe824344e15a2350 : registering service...
2023-12-05 13:57:08.062  INFO 26932 --- [DiscoveryClient-HeartbeatExecutor-0] com.netflix.discovery.DiscoveryClient    : DiscoveryClient_MSCARTOES/mscartoes:9f2273a81dbfa614fe824344e15a2350  - registration status: 204
2023-12-05 13:57:08.368  WARN 26932 --- [org.springframework.amqp.rabbit.RabbitListenerEndpointContainer#0-82] o.s.a.r.l.SimpleMessageListenerContainer : Consumer raised exception, processing can restart if the connection factory supports it. Exception summary: org.springframework.amqp.AmqpConnectException: java.net.ConnectException: Connection refused: no further information
2023-12-05 13:57:08.368  INFO 26932 --- [org.springframework.amqp.rabbit.RabbitListenerEndpointContainer#0-82] o.s.a.r.l.SimpleMessageListenerContainer : Restarting Consumer@16e458e9: tags=[[]], channel=null, acknowledgeMode=AUTO local queue size=0
2023-12-05 13:57:08.369  INFO 26932 --- [org.springframework.amqp.rabbit.RabbitListenerEndpointContainer#0-83] o.s.a.r.c.CachingConnectionFactory       : Attempting to connect to: [localhost:5672]
2023-12-05 13:57:13.486  WARN 26932 --- [org.springframework.amqp.rabbit.RabbitListenerEndpointContainer#0-83] o.s.a.r.l.SimpleMessageListenerContainer : Consumer raised exception, processing can restart if the connection factory supports it. Exception summary: org.springframework.amqp.AmqpConnectException: java.net.ConnectException: Connection refused: no further information
2023-12-05 13:57:13.486  INFO 26932 --- [org.springframework.amqp.rabbit.RabbitListenerEndpointContainer#0-83] o.s.a.r.l.SimpleMessageListenerContainer : Restarting Consumer@3316da8f: tags=[[]], channel=null, acknowledgeMode=AUTO local queue size=0
2023-12-05 13:57:13.487  INFO 26932 --- [org.springframework.amqp.rabbit.RabbitListenerEndpointContainer#0-84] o.s.a.r.c.CachingConnectionFactory       : Attempting to connect to: [localhost:5672]
2023-12-05 13:57:18.609  WARN 26932 --- [org.springframework.amqp.rabbit.RabbitListenerEndpointContainer#0-84] o.s.a.r.l.SimpleMessageListenerContainer : Consumer raised exception, processing can restart if the connection factory supports it. Exception summary: org.springframework.amqp.AmqpConnectException: java.net.ConnectException: Connection refused: no further information
2023-12-05 13:57:18.609  INFO 26932 --- [org.springframework.amqp.rabbit.RabbitListenerEndpointContainer#0-84] o.s.a.r.l.SimpleMessageListenerContainer : Restarting Consumer@68fa4eeb: tags=[[]], channel=null, acknowledgeMode=AUTO local queue size=0
2023-12-05 13:57:18.610  INFO 26932 --- [org.springframework.amqp.rabbit.RabbitListenerEndpointContainer#0-85] o.s.a.r.c.CachingConnectionFactory       : Attempting to connect to: [localhost:5672]
2023-12-05 13:57:23.747  WARN 26932 --- [org.springframework.amqp.rabbit.RabbitListenerEndpointContainer#0-85] o.s.a.r.l.SimpleMessageListenerContainer : Consumer raised exception, processing can restart if the connection factory supports it. Exception summary: org.springframework.amqp.AmqpConnectException: java.net.ConnectException: Connection refused: no further information
2023-12-05 13:57:23.747  INFO 26932 --- [org.springframework.amqp.rabbit.RabbitListenerEndpointContainer#0-85] o.s.a.r.l.SimpleMessageListenerContainer : Restarting Consumer@bc90e31: tags=[[]], channel=null, acknowledgeMode=AUTO local queue size=0
2023-12-05 13:57:23.748  INFO 26932 --- [org.springframework.amqp.rabbit.RabbitListenerEndpointContainer#0-86] o.s.a.r.c.CachingConnectionFactory       : Attempting to connect to: [localhost:5672]
2023-12-05 13:57:28.851  WARN 26932 --- [org.springframework.amqp.rabbit.RabbitListenerEndpointContainer#0-86] o.s.a.r.l.SimpleMessageListenerContainer : Consumer raised exception, processing can restart if the connection factory supports it. Exception summary: org.springframework.amqp.AmqpConnectException: java.net.ConnectException: Connection refused: no further information
2023-12-05 13:57:28.851  INFO 26932 --- [org.springframework.amqp.rabbit.RabbitListenerEndpointContainer#0-86] o.s.a.r.l.SimpleMessageListenerContainer : Restarting Consumer@2e029e6c: tags=[[]], channel=null, acknowledgeMode=AUTO local queue size=0
2023-12-05 13:57:28.852  INFO 26932 --- [org.springframework.amqp.rabbit.RabbitListenerEndpointContainer#0-87] o.s.a.r.c.CachingConnectionFactory       : Attempting to connect to: [localhost:5672]
2023-12-05 13:57:34.004  WARN 26932 --- [org.springframework.amqp.rabbit.RabbitListenerEndpointContainer#0-87] o.s.a.r.l.SimpleMessageListenerContainer : Consumer raised exception, processing can restart if the connection factory supports it. Exception summary: org.springframework.amqp.AmqpConnectException: java.net.ConnectException: Connection refused: no further information
2023-12-05 13:57:34.004  INFO 26932 --- [org.springframework.amqp.rabbit.RabbitListenerEndpointContainer#0-87] o.s.a.r.l.SimpleMessageListenerContainer : Restarting Consumer@1b7b7c93: tags=[[]], channel=null, acknowledgeMode=AUTO local queue size=0
2023-12-05 13:57:34.005  INFO 26932 --- [org.springframework.amqp.rabbit.RabbitListenerEndpointContainer#0-88] o.s.a.r.c.CachingConnectionFactory       : Attempting to connect to: [localhost:5672]
2023-12-05 13:57:38.069  INFO 26932 --- [DiscoveryClient-HeartbeatExecutor-0] com.netflix.discovery.DiscoveryClient    : DiscoveryClient_MSCARTOES/mscartoes:9f2273a81dbfa614fe824344e15a2350  - Re-registering apps/MSCARTOES
2023-12-05 13:57:38.069  INFO 26932 --- [DiscoveryClient-HeartbeatExecutor-0] com.netflix.discovery.DiscoveryClient    : DiscoveryClient_MSCARTOES/mscartoes:9f2273a81dbfa614fe824344e15a2350 : registering service...
2023-12-05 13:57:38.073  INFO 26932 --- [DiscoveryClient-HeartbeatExecutor-0] com.netflix.discovery.DiscoveryClient    : DiscoveryClient_MSCARTOES/mscartoes:9f2273a81dbfa614fe824344e15a2350  - registration status: 204
2023-12-05 13:57:39.222  WARN 26932 --- [org.springframework.amqp.rabbit.RabbitListenerEndpointContainer#0-88] o.s.a.r.l.SimpleMessageListenerContainer : Consumer raised exception, processing can restart if the connection factory supports it. Exception summary: org.springframework.amqp.AmqpConnectException: java.net.ConnectException: Connection refused: no further information
2023-12-05 13:57:39.222  INFO 26932 --- [org.springframework.amqp.rabbit.RabbitListenerEndpointContainer#0-88] o.s.a.r.l.SimpleMessageListenerContainer : Restarting Consumer@72f46f9a: tags=[[]], channel=null, acknowledgeMode=AUTO local queue size=0
2023-12-05 13:57:39.223  INFO 26932 --- [org.springframework.amqp.rabbit.RabbitListenerEndpointContainer#0-89] o.s.a.r.c.CachingConnectionFactory       : Attempting to connect to: [localhost:5672]
2023-12-05 13:57:44.426  WARN 26932 --- [org.springframework.amqp.rabbit.RabbitListenerEndpointContainer#0-89] o.s.a.r.l.SimpleMessageListenerContainer : Consumer raised exception, processing can restart if the connection factory supports it. Exception summary: org.springframework.amqp.AmqpConnectException: java.net.ConnectException: Connection refused: no further information
2023-12-05 13:57:44.426  INFO 26932 --- [org.springframework.amqp.rabbit.RabbitListenerEndpointContainer#0-89] o.s.a.r.l.SimpleMessageListenerContainer : Restarting Consumer@19584e96: tags=[[]], channel=null, acknowledgeMode=AUTO local queue size=0
2023-12-05 13:57:44.428  INFO 26932 --- [org.springframework.amqp.rabbit.RabbitListenerEndpointContainer#0-90] o.s.a.r.c.CachingConnectionFactory       : Attempting to connect to: [localhost:5672]
2023-12-05 13:57:49.547  WARN 26932 --- [org.springframework.amqp.rabbit.RabbitListenerEndpointContainer#0-90] o.s.a.r.l.SimpleMessageListenerContainer : Consumer raised exception, processing can restart if the connection factory supports it. Exception summary: org.springframework.amqp.AmqpConnectException: java.net.ConnectException: Connection refused: no further information
2023-12-05 13:57:49.547  INFO 26932 --- [org.springframework.amqp.rabbit.RabbitListenerEndpointContainer#0-90] o.s.a.r.l.SimpleMessageListenerContainer : Restarting Consumer@2d008ff6: tags=[[]], channel=null, acknowledgeMode=AUTO local queue size=0
2023-12-05 13:57:49.548  INFO 26932 --- [org.springframework.amqp.rabbit.RabbitListenerEndpointContainer#0-91] o.s.a.r.c.CachingConnectionFactory       : Attempting to connect to: [localhost:5672]
2023-12-05 13:57:54.661  WARN 26932 --- [org.springframework.amqp.rabbit.RabbitListenerEndpointContainer#0-91] o.s.a.r.l.SimpleMessageListenerContainer : Consumer raised exception, processing can restart if the connection factory supports it. Exception summary: org.springframework.amqp.AmqpConnectException: java.net.ConnectException: Connection refused: no further information
2023-12-05 13:57:54.669  INFO 26932 --- [org.springframework.amqp.rabbit.RabbitListenerEndpointContainer#0-91] o.s.a.r.l.SimpleMessageListenerContainer : Restarting Consumer@1439eb26: tags=[[]], channel=null, acknowledgeMode=AUTO local queue size=0
2023-12-05 13:57:54.670  INFO 26932 --- [org.springframework.amqp.rabbit.RabbitListenerEndpointContainer#0-92] o.s.a.r.c.CachingConnectionFactory       : Attempting to connect to: [localhost:5672]
2023-12-05 13:57:59.487  INFO 26932 --- [SpringApplicationShutdownHook] o.s.c.n.e.s.EurekaServiceRegistry        : Unregistering application MSCARTOES with eureka with status DOWN
2023-12-05 13:57:59.488  INFO 26932 --- [SpringApplicationShutdownHook] com.netflix.discovery.DiscoveryClient    : Saw local status change event StatusChangeEvent [timestamp=1701795479488, current=DOWN, previous=UP]
2023-12-05 13:57:59.490  INFO 26932 --- [DiscoveryClient-InstanceInfoReplicator-0] com.netflix.discovery.DiscoveryClient    : DiscoveryClient_MSCARTOES/mscartoes:9f2273a81dbfa614fe824344e15a2350 : registering service...
2023-12-05 13:57:59.494  INFO 26932 --- [SpringApplicationShutdownHook] o.s.a.r.l.SimpleMessageListenerContainer : Waiting for workers to finish.
2023-12-05 13:57:59.495  INFO 26932 --- [SpringApplicationShutdownHook] o.s.a.r.l.SimpleMessageListenerContainer : Successfully waited for workers to finish.
2023-12-05 13:57:59.497  INFO 26932 --- [DiscoveryClient-InstanceInfoReplicator-0] com.netflix.discovery.DiscoveryClient    : DiscoveryClient_MSCARTOES/mscartoes:9f2273a81dbfa614fe824344e15a2350  - registration status: 204
2023-12-05 13:57:59.638  INFO 26932 --- [SpringApplicationShutdownHook] j.LocalContainerEntityManagerFactoryBean : Closing JPA EntityManagerFactory for persistence unit 'default'
2023-12-05 13:57:59.639  INFO 26932 --- [SpringApplicationShutdownHook] .SchemaDropperImpl$DelayedDropActionImpl : HHH000477: Starting delayed evictData of schema as part of SessionFactory shut-down'
2023-12-05 13:57:59.900  WARN 26932 --- [SpringApplicationShutdownHook] o.s.b.f.support.DisposableBeanAdapter    : Invocation of destroy method failed on bean with name 'inMemoryDatabaseShutdownExecutor': org.h2.jdbc.JdbcSQLNonTransientConnectionException: Database is already closed (to disable automatic closing at VM shutdown, add ";DB_CLOSE_ON_EXIT=FALSE" to the db URL) [90121-200]
2023-12-05 13:57:59.901  INFO 26932 --- [SpringApplicationShutdownHook] com.zaxxer.hikari.HikariDataSource       : HikariPool-1 - Shutdown initiated...
2023-12-05 13:57:59.926  INFO 26932 --- [SpringApplicationShutdownHook] com.zaxxer.hikari.HikariDataSource       : HikariPool-1 - Shutdown completed.
2023-12-05 13:57:59.932  INFO 26932 --- [SpringApplicationShutdownHook] com.netflix.discovery.DiscoveryClient    : Shutting down DiscoveryClient ...
2023-12-05 13:58:02.945  INFO 26932 --- [SpringApplicationShutdownHook] com.netflix.discovery.DiscoveryClient    : Unregistering ...
2023-12-05 13:58:02.952  INFO 26932 --- [SpringApplicationShutdownHook] com.netflix.discovery.DiscoveryClient    : DiscoveryClient_MSCARTOES/mscartoes:9f2273a81dbfa614fe824344e15a2350  - deregister  status: 404
2023-12-05 13:58:02.962  INFO 26932 --- [SpringApplicationShutdownHook] com.netflix.discovery.DiscoveryClient    : Completed shut down of DiscoveryClient
