2023-12-07 15:07:39.419  INFO 14552 --- [restartedMain] i.g.V.m.MsavaliadorcreditoApplication    : Starting MsavaliadorcreditoApplication using Java 17.0.4.1 on GFT-AxIsdrieZ4m with PID 14552 (C:\Users\vsoa\Intellij-workspace\Curso Udemy\Projetos\msavaliadorcredito\target\classes started by vsoa in C:\Users\vsoa\Intellij-workspace\Curso Udemy\Projetos\msavaliadorcredito)
2023-12-07 15:07:39.429  INFO 14552 --- [restartedMain] i.g.V.m.MsavaliadorcreditoApplication    : No active profile set, falling back to 1 default profile: "default"
2023-12-07 15:07:39.536  INFO 14552 --- [restartedMain] .e.DevToolsPropertyDefaultsPostProcessor : Devtools property defaults active! Set 'spring.devtools.add-properties' to 'false' to disable
2023-12-07 15:07:39.537  INFO 14552 --- [restartedMain] .e.DevToolsPropertyDefaultsPostProcessor : For additional web related logging consider setting the 'logging.level.web' property to 'DEBUG'
2023-12-07 15:07:41.692  INFO 14552 --- [restartedMain] o.s.cloud.context.scope.GenericScope     : BeanFactory id=99451aa6-a067-30c4-bead-fe5523804c6f
2023-12-07 15:07:42.616  INFO 14552 --- [restartedMain] o.s.b.w.embedded.tomcat.TomcatWebServer  : Tomcat initialized with port(s): 0 (http)
2023-12-07 15:07:42.634  INFO 14552 --- [restartedMain] o.apache.catalina.core.StandardService   : Starting service [Tomcat]
2023-12-07 15:07:42.635  INFO 14552 --- [restartedMain] org.apache.catalina.core.StandardEngine  : Starting Servlet engine: [Apache Tomcat/9.0.63]
2023-12-07 15:07:42.781  INFO 14552 --- [restartedMain] o.a.c.c.C.[Tomcat].[localhost].[/]       : Initializing Spring embedded WebApplicationContext
2023-12-07 15:07:42.782  INFO 14552 --- [restartedMain] w.s.c.ServletWebServerApplicationContext : Root WebApplicationContext: initialization completed in 3243 ms
2023-12-07 15:07:43.382  WARN 14552 --- [restartedMain] o.s.b.d.a.OptionalLiveReloadServer       : Unable to start LiveReload server
2023-12-07 15:07:43.480  INFO 14552 --- [restartedMain] o.s.c.openfeign.FeignClientFactoryBean   : For 'msclientes' URL not provided. Will try picking an instance via load-balancing.
2023-12-07 15:07:43.604  INFO 14552 --- [restartedMain] o.s.c.openfeign.FeignClientFactoryBean   : For 'mscartoes' URL not provided. Will try picking an instance via load-balancing.
2023-12-07 15:07:46.681  INFO 14552 --- [restartedMain] DiscoveryClientOptionalArgsConfiguration : Eureka HTTP Client uses RestTemplate.
2023-12-07 15:07:46.783  WARN 14552 --- [restartedMain] iguration$LoadBalancerCaffeineWarnLogger : Spring Cloud LoadBalancer is currently working with the default cache. While this cache implementation is useful for development and tests, it's recommended to use Caffeine cache in production.You can switch to using Caffeine cache, by adding it and org.springframework.cache.caffeine.CaffeineCacheManager to the classpath.
2023-12-07 15:07:46.799  INFO 14552 --- [restartedMain] o.s.b.a.e.web.EndpointLinksResolver      : Exposing 17 endpoint(s) beneath base path '/actuator'
2023-12-07 15:07:46.951  INFO 14552 --- [restartedMain] o.s.b.w.embedded.tomcat.TomcatWebServer  : Tomcat started on port(s): 52989 (http) with context path ''
2023-12-07 15:07:46.951  INFO 14552 --- [restartedMain] .s.c.n.e.s.EurekaAutoServiceRegistration : Updating port to 52989
2023-12-07 15:07:46.961  INFO 14552 --- [restartedMain] o.s.c.n.eureka.InstanceInfoFactory       : Setting initial instance status as: STARTING
2023-12-07 15:07:47.134  INFO 14552 --- [restartedMain] com.netflix.discovery.DiscoveryClient    : Initializing Eureka in region us-east-1
2023-12-07 15:07:47.149  INFO 14552 --- [restartedMain] c.n.d.s.r.aws.ConfigClusterResolver      : Resolving eureka endpoints via configuration
2023-12-07 15:07:47.207  INFO 14552 --- [restartedMain] com.netflix.discovery.DiscoveryClient    : Disable delta property : false
2023-12-07 15:07:47.207  INFO 14552 --- [restartedMain] com.netflix.discovery.DiscoveryClient    : Single vip registry refresh property : null
2023-12-07 15:07:47.207  INFO 14552 --- [restartedMain] com.netflix.discovery.DiscoveryClient    : Force full registry fetch : false
2023-12-07 15:07:47.208  INFO 14552 --- [restartedMain] com.netflix.discovery.DiscoveryClient    : Application is null : false
2023-12-07 15:07:47.209  INFO 14552 --- [restartedMain] com.netflix.discovery.DiscoveryClient    : Registered Applications size is zero : true
2023-12-07 15:07:47.209  INFO 14552 --- [restartedMain] com.netflix.discovery.DiscoveryClient    : Application version is -1: true
2023-12-07 15:07:47.209  INFO 14552 --- [restartedMain] com.netflix.discovery.DiscoveryClient    : Getting all instance registry info from the eureka server
2023-12-07 15:07:48.096  INFO 14552 --- [restartedMain] com.netflix.discovery.DiscoveryClient    : The response status is 200
2023-12-07 15:07:48.117  INFO 14552 --- [restartedMain] com.netflix.discovery.DiscoveryClient    : Starting heartbeat executor: renew interval is: 30
2023-12-07 15:07:48.130  INFO 14552 --- [restartedMain] c.n.discovery.InstanceInfoReplicator     : InstanceInfoReplicator onDemand update allowed rate per min is 4
2023-12-07 15:07:48.147  INFO 14552 --- [restartedMain] com.netflix.discovery.DiscoveryClient    : Discovery Client initialized at timestamp 1701972468145 with initial instances count: 1
2023-12-07 15:07:48.151  INFO 14552 --- [restartedMain] o.s.c.n.e.s.EurekaServiceRegistry        : Registering application MSAVALIADORCREDITO with eureka with status UP
2023-12-07 15:07:48.153  INFO 14552 --- [restartedMain] com.netflix.discovery.DiscoveryClient    : Saw local status change event StatusChangeEvent [timestamp=1701972468153, current=UP, previous=STARTING]
2023-12-07 15:07:48.162  INFO 14552 --- [DiscoveryClient-InstanceInfoReplicator-0] com.netflix.discovery.DiscoveryClient    : DiscoveryClient_MSAVALIADORCREDITO/msavaliadorcredito:2f72f5a52edae006f4aa46af391c9b57 : registering service...
2023-12-07 15:07:48.533  INFO 14552 --- [DiscoveryClient-InstanceInfoReplicator-0] com.netflix.discovery.DiscoveryClient    : DiscoveryClient_MSAVALIADORCREDITO/msavaliadorcredito:2f72f5a52edae006f4aa46af391c9b57  - registration status: 204
2023-12-07 15:07:49.200  INFO 14552 --- [restartedMain] i.g.V.m.MsavaliadorcreditoApplication    : Started MsavaliadorcreditoApplication in 10.874 seconds (JVM running for 12.076)
2023-12-07 15:08:18.173  INFO 14552 --- [DiscoveryClient-HeartbeatExecutor-0] com.netflix.discovery.DiscoveryClient    : DiscoveryClient_MSAVALIADORCREDITO/msavaliadorcredito:2f72f5a52edae006f4aa46af391c9b57  - Re-registering apps/MSAVALIADORCREDITO
2023-12-07 15:08:18.173  INFO 14552 --- [DiscoveryClient-HeartbeatExecutor-0] com.netflix.discovery.DiscoveryClient    : DiscoveryClient_MSAVALIADORCREDITO/msavaliadorcredito:2f72f5a52edae006f4aa46af391c9b57 : registering service...
2023-12-07 15:08:18.183  INFO 14552 --- [DiscoveryClient-HeartbeatExecutor-0] com.netflix.discovery.DiscoveryClient    : DiscoveryClient_MSAVALIADORCREDITO/msavaliadorcredito:2f72f5a52edae006f4aa46af391c9b57  - registration status: 204
2023-12-07 15:08:48.191  INFO 14552 --- [DiscoveryClient-HeartbeatExecutor-0] com.netflix.discovery.DiscoveryClient    : DiscoveryClient_MSAVALIADORCREDITO/msavaliadorcredito:2f72f5a52edae006f4aa46af391c9b57  - Re-registering apps/MSAVALIADORCREDITO
2023-12-07 15:08:48.191  INFO 14552 --- [DiscoveryClient-HeartbeatExecutor-0] com.netflix.discovery.DiscoveryClient    : DiscoveryClient_MSAVALIADORCREDITO/msavaliadorcredito:2f72f5a52edae006f4aa46af391c9b57 : registering service...
2023-12-07 15:08:48.197  INFO 14552 --- [DiscoveryClient-HeartbeatExecutor-0] com.netflix.discovery.DiscoveryClient    : DiscoveryClient_MSAVALIADORCREDITO/msavaliadorcredito:2f72f5a52edae006f4aa46af391c9b57  - registration status: 204
2023-12-07 15:09:18.220  INFO 14552 --- [DiscoveryClient-HeartbeatExecutor-0] com.netflix.discovery.DiscoveryClient    : DiscoveryClient_MSAVALIADORCREDITO/msavaliadorcredito:2f72f5a52edae006f4aa46af391c9b57  - Re-registering apps/MSAVALIADORCREDITO
2023-12-07 15:09:18.221  INFO 14552 --- [DiscoveryClient-HeartbeatExecutor-0] com.netflix.discovery.DiscoveryClient    : DiscoveryClient_MSAVALIADORCREDITO/msavaliadorcredito:2f72f5a52edae006f4aa46af391c9b57 : registering service...
2023-12-07 15:09:18.230  INFO 14552 --- [DiscoveryClient-HeartbeatExecutor-0] com.netflix.discovery.DiscoveryClient    : DiscoveryClient_MSAVALIADORCREDITO/msavaliadorcredito:2f72f5a52edae006f4aa46af391c9b57  - registration status: 204
2023-12-07 15:09:48.249  INFO 14552 --- [DiscoveryClient-HeartbeatExecutor-0] com.netflix.discovery.DiscoveryClient    : DiscoveryClient_MSAVALIADORCREDITO/msavaliadorcredito:2f72f5a52edae006f4aa46af391c9b57  - Re-registering apps/MSAVALIADORCREDITO
2023-12-07 15:09:48.250  INFO 14552 --- [DiscoveryClient-HeartbeatExecutor-0] com.netflix.discovery.DiscoveryClient    : DiscoveryClient_MSAVALIADORCREDITO/msavaliadorcredito:2f72f5a52edae006f4aa46af391c9b57 : registering service...
2023-12-07 15:09:48.259  INFO 14552 --- [DiscoveryClient-HeartbeatExecutor-0] com.netflix.discovery.DiscoveryClient    : DiscoveryClient_MSAVALIADORCREDITO/msavaliadorcredito:2f72f5a52edae006f4aa46af391c9b57  - registration status: 204
2023-12-07 15:10:18.272  INFO 14552 --- [DiscoveryClient-HeartbeatExecutor-0] com.netflix.discovery.DiscoveryClient    : DiscoveryClient_MSAVALIADORCREDITO/msavaliadorcredito:2f72f5a52edae006f4aa46af391c9b57  - Re-registering apps/MSAVALIADORCREDITO
2023-12-07 15:10:18.272  INFO 14552 --- [DiscoveryClient-HeartbeatExecutor-0] com.netflix.discovery.DiscoveryClient    : DiscoveryClient_MSAVALIADORCREDITO/msavaliadorcredito:2f72f5a52edae006f4aa46af391c9b57 : registering service...
2023-12-07 15:10:18.278  INFO 14552 --- [DiscoveryClient-HeartbeatExecutor-0] com.netflix.discovery.DiscoveryClient    : DiscoveryClient_MSAVALIADORCREDITO/msavaliadorcredito:2f72f5a52edae006f4aa46af391c9b57  - registration status: 204
2023-12-07 15:10:48.298  INFO 14552 --- [DiscoveryClient-HeartbeatExecutor-0] com.netflix.discovery.DiscoveryClient    : DiscoveryClient_MSAVALIADORCREDITO/msavaliadorcredito:2f72f5a52edae006f4aa46af391c9b57  - Re-registering apps/MSAVALIADORCREDITO
2023-12-07 15:10:48.299  INFO 14552 --- [DiscoveryClient-HeartbeatExecutor-0] com.netflix.discovery.DiscoveryClient    : DiscoveryClient_MSAVALIADORCREDITO/msavaliadorcredito:2f72f5a52edae006f4aa46af391c9b57 : registering service...
2023-12-07 15:10:48.307  INFO 14552 --- [DiscoveryClient-HeartbeatExecutor-0] com.netflix.discovery.DiscoveryClient    : DiscoveryClient_MSAVALIADORCREDITO/msavaliadorcredito:2f72f5a52edae006f4aa46af391c9b57  - registration status: 204
2023-12-07 15:11:18.315  INFO 14552 --- [DiscoveryClient-HeartbeatExecutor-0] com.netflix.discovery.DiscoveryClient    : DiscoveryClient_MSAVALIADORCREDITO/msavaliadorcredito:2f72f5a52edae006f4aa46af391c9b57  - Re-registering apps/MSAVALIADORCREDITO
2023-12-07 15:11:18.315  INFO 14552 --- [DiscoveryClient-HeartbeatExecutor-0] com.netflix.discovery.DiscoveryClient    : DiscoveryClient_MSAVALIADORCREDITO/msavaliadorcredito:2f72f5a52edae006f4aa46af391c9b57 : registering service...
2023-12-07 15:11:18.322  INFO 14552 --- [DiscoveryClient-HeartbeatExecutor-0] com.netflix.discovery.DiscoveryClient    : DiscoveryClient_MSAVALIADORCREDITO/msavaliadorcredito:2f72f5a52edae006f4aa46af391c9b57  - registration status: 204
2023-12-07 15:11:48.331  INFO 14552 --- [DiscoveryClient-HeartbeatExecutor-0] com.netflix.discovery.DiscoveryClient    : DiscoveryClient_MSAVALIADORCREDITO/msavaliadorcredito:2f72f5a52edae006f4aa46af391c9b57  - Re-registering apps/MSAVALIADORCREDITO
2023-12-07 15:11:48.331  INFO 14552 --- [DiscoveryClient-HeartbeatExecutor-0] com.netflix.discovery.DiscoveryClient    : DiscoveryClient_MSAVALIADORCREDITO/msavaliadorcredito:2f72f5a52edae006f4aa46af391c9b57 : registering service...
2023-12-07 15:11:48.339  INFO 14552 --- [DiscoveryClient-HeartbeatExecutor-0] com.netflix.discovery.DiscoveryClient    : DiscoveryClient_MSAVALIADORCREDITO/msavaliadorcredito:2f72f5a52edae006f4aa46af391c9b57  - registration status: 204
2023-12-07 15:12:18.355  INFO 14552 --- [DiscoveryClient-HeartbeatExecutor-0] com.netflix.discovery.DiscoveryClient    : DiscoveryClient_MSAVALIADORCREDITO/msavaliadorcredito:2f72f5a52edae006f4aa46af391c9b57  - Re-registering apps/MSAVALIADORCREDITO
2023-12-07 15:12:18.356  INFO 14552 --- [DiscoveryClient-HeartbeatExecutor-0] com.netflix.discovery.DiscoveryClient    : DiscoveryClient_MSAVALIADORCREDITO/msavaliadorcredito:2f72f5a52edae006f4aa46af391c9b57 : registering service...
2023-12-07 15:12:18.362  INFO 14552 --- [DiscoveryClient-HeartbeatExecutor-0] com.netflix.discovery.DiscoveryClient    : DiscoveryClient_MSAVALIADORCREDITO/msavaliadorcredito:2f72f5a52edae006f4aa46af391c9b57  - registration status: 204
2023-12-07 15:12:47.220  INFO 14552 --- [AsyncResolver-bootstrap-executor-0] c.n.d.s.r.aws.ConfigClusterResolver      : Resolving eureka endpoints via configuration
2023-12-07 15:12:48.380  INFO 14552 --- [DiscoveryClient-HeartbeatExecutor-0] com.netflix.discovery.DiscoveryClient    : DiscoveryClient_MSAVALIADORCREDITO/msavaliadorcredito:2f72f5a52edae006f4aa46af391c9b57  - Re-registering apps/MSAVALIADORCREDITO
2023-12-07 15:12:48.381  INFO 14552 --- [DiscoveryClient-HeartbeatExecutor-0] com.netflix.discovery.DiscoveryClient    : DiscoveryClient_MSAVALIADORCREDITO/msavaliadorcredito:2f72f5a52edae006f4aa46af391c9b57 : registering service...
2023-12-07 15:12:48.385  INFO 14552 --- [DiscoveryClient-HeartbeatExecutor-0] com.netflix.discovery.DiscoveryClient    : DiscoveryClient_MSAVALIADORCREDITO/msavaliadorcredito:2f72f5a52edae006f4aa46af391c9b57  - registration status: 204
2023-12-07 15:13:18.398  INFO 14552 --- [DiscoveryClient-HeartbeatExecutor-0] com.netflix.discovery.DiscoveryClient    : DiscoveryClient_MSAVALIADORCREDITO/msavaliadorcredito:2f72f5a52edae006f4aa46af391c9b57  - Re-registering apps/MSAVALIADORCREDITO
2023-12-07 15:13:18.398  INFO 14552 --- [DiscoveryClient-HeartbeatExecutor-0] com.netflix.discovery.DiscoveryClient    : DiscoveryClient_MSAVALIADORCREDITO/msavaliadorcredito:2f72f5a52edae006f4aa46af391c9b57 : registering service...
2023-12-07 15:13:18.404  INFO 14552 --- [DiscoveryClient-HeartbeatExecutor-0] com.netflix.discovery.DiscoveryClient    : DiscoveryClient_MSAVALIADORCREDITO/msavaliadorcredito:2f72f5a52edae006f4aa46af391c9b57  - registration status: 204
2023-12-07 15:13:48.424  INFO 14552 --- [DiscoveryClient-HeartbeatExecutor-0] com.netflix.discovery.DiscoveryClient    : DiscoveryClient_MSAVALIADORCREDITO/msavaliadorcredito:2f72f5a52edae006f4aa46af391c9b57  - Re-registering apps/MSAVALIADORCREDITO
2023-12-07 15:13:48.425  INFO 14552 --- [DiscoveryClient-HeartbeatExecutor-0] com.netflix.discovery.DiscoveryClient    : DiscoveryClient_MSAVALIADORCREDITO/msavaliadorcredito:2f72f5a52edae006f4aa46af391c9b57 : registering service...
2023-12-07 15:13:48.433  INFO 14552 --- [DiscoveryClient-HeartbeatExecutor-0] com.netflix.discovery.DiscoveryClient    : DiscoveryClient_MSAVALIADORCREDITO/msavaliadorcredito:2f72f5a52edae006f4aa46af391c9b57  - registration status: 204
2023-12-07 15:14:18.492  INFO 14552 --- [DiscoveryClient-HeartbeatExecutor-0] com.netflix.discovery.DiscoveryClient    : DiscoveryClient_MSAVALIADORCREDITO/msavaliadorcredito:2f72f5a52edae006f4aa46af391c9b57  - Re-registering apps/MSAVALIADORCREDITO
2023-12-07 15:14:18.493  INFO 14552 --- [DiscoveryClient-HeartbeatExecutor-0] com.netflix.discovery.DiscoveryClient    : DiscoveryClient_MSAVALIADORCREDITO/msavaliadorcredito:2f72f5a52edae006f4aa46af391c9b57 : registering service...
2023-12-07 15:14:18.514  INFO 14552 --- [DiscoveryClient-HeartbeatExecutor-0] com.netflix.discovery.DiscoveryClient    : DiscoveryClient_MSAVALIADORCREDITO/msavaliadorcredito:2f72f5a52edae006f4aa46af391c9b57  - registration status: 204
2023-12-07 15:14:48.538  INFO 14552 --- [DiscoveryClient-HeartbeatExecutor-0] com.netflix.discovery.DiscoveryClient    : DiscoveryClient_MSAVALIADORCREDITO/msavaliadorcredito:2f72f5a52edae006f4aa46af391c9b57  - Re-registering apps/MSAVALIADORCREDITO
2023-12-07 15:14:48.538  INFO 14552 --- [DiscoveryClient-HeartbeatExecutor-0] com.netflix.discovery.DiscoveryClient    : DiscoveryClient_MSAVALIADORCREDITO/msavaliadorcredito:2f72f5a52edae006f4aa46af391c9b57 : registering service...
2023-12-07 15:14:48.543  INFO 14552 --- [DiscoveryClient-HeartbeatExecutor-0] com.netflix.discovery.DiscoveryClient    : DiscoveryClient_MSAVALIADORCREDITO/msavaliadorcredito:2f72f5a52edae006f4aa46af391c9b57  - registration status: 204
2023-12-07 15:15:18.564  INFO 14552 --- [DiscoveryClient-HeartbeatExecutor-0] com.netflix.discovery.DiscoveryClient    : DiscoveryClient_MSAVALIADORCREDITO/msavaliadorcredito:2f72f5a52edae006f4aa46af391c9b57  - Re-registering apps/MSAVALIADORCREDITO
2023-12-07 15:15:18.565  INFO 14552 --- [DiscoveryClient-HeartbeatExecutor-0] com.netflix.discovery.DiscoveryClient    : DiscoveryClient_MSAVALIADORCREDITO/msavaliadorcredito:2f72f5a52edae006f4aa46af391c9b57 : registering service...
2023-12-07 15:15:18.575  INFO 14552 --- [DiscoveryClient-HeartbeatExecutor-0] com.netflix.discovery.DiscoveryClient    : DiscoveryClient_MSAVALIADORCREDITO/msavaliadorcredito:2f72f5a52edae006f4aa46af391c9b57  - registration status: 204
2023-12-07 15:15:48.599  INFO 14552 --- [DiscoveryClient-HeartbeatExecutor-0] com.netflix.discovery.DiscoveryClient    : DiscoveryClient_MSAVALIADORCREDITO/msavaliadorcredito:2f72f5a52edae006f4aa46af391c9b57  - Re-registering apps/MSAVALIADORCREDITO
2023-12-07 15:15:48.600  INFO 14552 --- [DiscoveryClient-HeartbeatExecutor-0] com.netflix.discovery.DiscoveryClient    : DiscoveryClient_MSAVALIADORCREDITO/msavaliadorcredito:2f72f5a52edae006f4aa46af391c9b57 : registering service...
2023-12-07 15:15:48.607  INFO 14552 --- [DiscoveryClient-HeartbeatExecutor-0] com.netflix.discovery.DiscoveryClient    : DiscoveryClient_MSAVALIADORCREDITO/msavaliadorcredito:2f72f5a52edae006f4aa46af391c9b57  - registration status: 204
2023-12-07 15:16:18.635  INFO 14552 --- [DiscoveryClient-HeartbeatExecutor-0] com.netflix.discovery.DiscoveryClient    : DiscoveryClient_MSAVALIADORCREDITO/msavaliadorcredito:2f72f5a52edae006f4aa46af391c9b57  - Re-registering apps/MSAVALIADORCREDITO
2023-12-07 15:16:18.635  INFO 14552 --- [DiscoveryClient-HeartbeatExecutor-0] com.netflix.discovery.DiscoveryClient    : DiscoveryClient_MSAVALIADORCREDITO/msavaliadorcredito:2f72f5a52edae006f4aa46af391c9b57 : registering service...
2023-12-07 15:16:18.644  INFO 14552 --- [DiscoveryClient-HeartbeatExecutor-0] com.netflix.discovery.DiscoveryClient    : DiscoveryClient_MSAVALIADORCREDITO/msavaliadorcredito:2f72f5a52edae006f4aa46af391c9b57  - registration status: 204
2023-12-07 15:16:48.661  INFO 14552 --- [DiscoveryClient-HeartbeatExecutor-0] com.netflix.discovery.DiscoveryClient    : DiscoveryClient_MSAVALIADORCREDITO/msavaliadorcredito:2f72f5a52edae006f4aa46af391c9b57  - Re-registering apps/MSAVALIADORCREDITO
2023-12-07 15:16:48.661  INFO 14552 --- [DiscoveryClient-HeartbeatExecutor-0] com.netflix.discovery.DiscoveryClient    : DiscoveryClient_MSAVALIADORCREDITO/msavaliadorcredito:2f72f5a52edae006f4aa46af391c9b57 : registering service...
2023-12-07 15:16:48.667  INFO 14552 --- [DiscoveryClient-HeartbeatExecutor-0] com.netflix.discovery.DiscoveryClient    : DiscoveryClient_MSAVALIADORCREDITO/msavaliadorcredito:2f72f5a52edae006f4aa46af391c9b57  - registration status: 204
2023-12-07 15:17:18.676  INFO 14552 --- [DiscoveryClient-HeartbeatExecutor-0] com.netflix.discovery.DiscoveryClient    : DiscoveryClient_MSAVALIADORCREDITO/msavaliadorcredito:2f72f5a52edae006f4aa46af391c9b57  - Re-registering apps/MSAVALIADORCREDITO
2023-12-07 15:17:18.676  INFO 14552 --- [DiscoveryClient-HeartbeatExecutor-0] com.netflix.discovery.DiscoveryClient    : DiscoveryClient_MSAVALIADORCREDITO/msavaliadorcredito:2f72f5a52edae006f4aa46af391c9b57 : registering service...
2023-12-07 15:17:18.683  INFO 14552 --- [DiscoveryClient-HeartbeatExecutor-0] com.netflix.discovery.DiscoveryClient    : DiscoveryClient_MSAVALIADORCREDITO/msavaliadorcredito:2f72f5a52edae006f4aa46af391c9b57  - registration status: 204
2023-12-07 15:17:47.244  INFO 14552 --- [AsyncResolver-bootstrap-executor-0] c.n.d.s.r.aws.ConfigClusterResolver      : Resolving eureka endpoints via configuration
2023-12-07 15:17:48.697  INFO 14552 --- [DiscoveryClient-HeartbeatExecutor-0] com.netflix.discovery.DiscoveryClient    : DiscoveryClient_MSAVALIADORCREDITO/msavaliadorcredito:2f72f5a52edae006f4aa46af391c9b57  - Re-registering apps/MSAVALIADORCREDITO
2023-12-07 15:17:48.698  INFO 14552 --- [DiscoveryClient-HeartbeatExecutor-0] com.netflix.discovery.DiscoveryClient    : DiscoveryClient_MSAVALIADORCREDITO/msavaliadorcredito:2f72f5a52edae006f4aa46af391c9b57 : registering service...
2023-12-07 15:17:48.706  INFO 14552 --- [DiscoveryClient-HeartbeatExecutor-0] com.netflix.discovery.DiscoveryClient    : DiscoveryClient_MSAVALIADORCREDITO/msavaliadorcredito:2f72f5a52edae006f4aa46af391c9b57  - registration status: 204
2023-12-07 15:18:18.722  INFO 14552 --- [DiscoveryClient-HeartbeatExecutor-0] com.netflix.discovery.DiscoveryClient    : DiscoveryClient_MSAVALIADORCREDITO/msavaliadorcredito:2f72f5a52edae006f4aa46af391c9b57  - Re-registering apps/MSAVALIADORCREDITO
2023-12-07 15:18:18.723  INFO 14552 --- [DiscoveryClient-HeartbeatExecutor-0] com.netflix.discovery.DiscoveryClient    : DiscoveryClient_MSAVALIADORCREDITO/msavaliadorcredito:2f72f5a52edae006f4aa46af391c9b57 : registering service...
2023-12-07 15:18:18.729  INFO 14552 --- [DiscoveryClient-InstanceInfoReplicator-0] com.netflix.discovery.DiscoveryClient    : DiscoveryClient_MSAVALIADORCREDITO/msavaliadorcredito:2f72f5a52edae006f4aa46af391c9b57 : registering service...
2023-12-07 15:18:18.729  INFO 14552 --- [DiscoveryClient-HeartbeatExecutor-0] com.netflix.discovery.DiscoveryClient    : DiscoveryClient_MSAVALIADORCREDITO/msavaliadorcredito:2f72f5a52edae006f4aa46af391c9b57  - registration status: 204
2023-12-07 15:18:18.734  INFO 14552 --- [DiscoveryClient-InstanceInfoReplicator-0] com.netflix.discovery.DiscoveryClient    : DiscoveryClient_MSAVALIADORCREDITO/msavaliadorcredito:2f72f5a52edae006f4aa46af391c9b57  - registration status: 204
2023-12-07 15:18:48.742  INFO 14552 --- [DiscoveryClient-HeartbeatExecutor-0] com.netflix.discovery.DiscoveryClient    : DiscoveryClient_MSAVALIADORCREDITO/msavaliadorcredito:2f72f5a52edae006f4aa46af391c9b57  - Re-registering apps/MSAVALIADORCREDITO
2023-12-07 15:18:48.742  INFO 14552 --- [DiscoveryClient-HeartbeatExecutor-0] com.netflix.discovery.DiscoveryClient    : DiscoveryClient_MSAVALIADORCREDITO/msavaliadorcredito:2f72f5a52edae006f4aa46af391c9b57 : registering service...
2023-12-07 15:18:48.747  INFO 14552 --- [DiscoveryClient-HeartbeatExecutor-0] com.netflix.discovery.DiscoveryClient    : DiscoveryClient_MSAVALIADORCREDITO/msavaliadorcredito:2f72f5a52edae006f4aa46af391c9b57  - registration status: 204
2023-12-07 15:19:18.766  INFO 14552 --- [DiscoveryClient-HeartbeatExecutor-0] com.netflix.discovery.DiscoveryClient    : DiscoveryClient_MSAVALIADORCREDITO/msavaliadorcredito:2f72f5a52edae006f4aa46af391c9b57  - Re-registering apps/MSAVALIADORCREDITO
2023-12-07 15:19:18.766  INFO 14552 --- [DiscoveryClient-HeartbeatExecutor-0] com.netflix.discovery.DiscoveryClient    : DiscoveryClient_MSAVALIADORCREDITO/msavaliadorcredito:2f72f5a52edae006f4aa46af391c9b57 : registering service...
2023-12-07 15:19:18.770  INFO 14552 --- [DiscoveryClient-HeartbeatExecutor-0] com.netflix.discovery.DiscoveryClient    : DiscoveryClient_MSAVALIADORCREDITO/msavaliadorcredito:2f72f5a52edae006f4aa46af391c9b57  - registration status: 204
2023-12-07 15:19:48.788  INFO 14552 --- [DiscoveryClient-HeartbeatExecutor-0] com.netflix.discovery.DiscoveryClient    : DiscoveryClient_MSAVALIADORCREDITO/msavaliadorcredito:2f72f5a52edae006f4aa46af391c9b57  - Re-registering apps/MSAVALIADORCREDITO
2023-12-07 15:19:48.789  INFO 14552 --- [DiscoveryClient-HeartbeatExecutor-0] com.netflix.discovery.DiscoveryClient    : DiscoveryClient_MSAVALIADORCREDITO/msavaliadorcredito:2f72f5a52edae006f4aa46af391c9b57 : registering service...
2023-12-07 15:19:48.796  INFO 14552 --- [DiscoveryClient-HeartbeatExecutor-0] com.netflix.discovery.DiscoveryClient    : DiscoveryClient_MSAVALIADORCREDITO/msavaliadorcredito:2f72f5a52edae006f4aa46af391c9b57  - registration status: 204
2023-12-07 15:20:18.807  INFO 14552 --- [DiscoveryClient-HeartbeatExecutor-0] com.netflix.discovery.DiscoveryClient    : DiscoveryClient_MSAVALIADORCREDITO/msavaliadorcredito:2f72f5a52edae006f4aa46af391c9b57  - Re-registering apps/MSAVALIADORCREDITO
2023-12-07 15:20:18.808  INFO 14552 --- [DiscoveryClient-HeartbeatExecutor-0] com.netflix.discovery.DiscoveryClient    : DiscoveryClient_MSAVALIADORCREDITO/msavaliadorcredito:2f72f5a52edae006f4aa46af391c9b57 : registering service...
2023-12-07 15:20:18.814  INFO 14552 --- [DiscoveryClient-HeartbeatExecutor-0] com.netflix.discovery.DiscoveryClient    : DiscoveryClient_MSAVALIADORCREDITO/msavaliadorcredito:2f72f5a52edae006f4aa46af391c9b57  - registration status: 204
2023-12-07 15:20:48.825  INFO 14552 --- [DiscoveryClient-HeartbeatExecutor-0] com.netflix.discovery.DiscoveryClient    : DiscoveryClient_MSAVALIADORCREDITO/msavaliadorcredito:2f72f5a52edae006f4aa46af391c9b57  - Re-registering apps/MSAVALIADORCREDITO
2023-12-07 15:20:48.826  INFO 14552 --- [DiscoveryClient-HeartbeatExecutor-0] com.netflix.discovery.DiscoveryClient    : DiscoveryClient_MSAVALIADORCREDITO/msavaliadorcredito:2f72f5a52edae006f4aa46af391c9b57 : registering service...
2023-12-07 15:20:48.832  INFO 14552 --- [DiscoveryClient-HeartbeatExecutor-0] com.netflix.discovery.DiscoveryClient    : DiscoveryClient_MSAVALIADORCREDITO/msavaliadorcredito:2f72f5a52edae006f4aa46af391c9b57  - registration status: 204
2023-12-07 15:21:18.855  INFO 14552 --- [DiscoveryClient-HeartbeatExecutor-0] com.netflix.discovery.DiscoveryClient    : DiscoveryClient_MSAVALIADORCREDITO/msavaliadorcredito:2f72f5a52edae006f4aa46af391c9b57  - Re-registering apps/MSAVALIADORCREDITO
2023-12-07 15:21:18.857  INFO 14552 --- [DiscoveryClient-HeartbeatExecutor-0] com.netflix.discovery.DiscoveryClient    : DiscoveryClient_MSAVALIADORCREDITO/msavaliadorcredito:2f72f5a52edae006f4aa46af391c9b57 : registering service...
2023-12-07 15:21:18.866  INFO 14552 --- [DiscoveryClient-HeartbeatExecutor-0] com.netflix.discovery.DiscoveryClient    : DiscoveryClient_MSAVALIADORCREDITO/msavaliadorcredito:2f72f5a52edae006f4aa46af391c9b57  - registration status: 204
2023-12-07 15:21:48.877  INFO 14552 --- [DiscoveryClient-HeartbeatExecutor-0] com.netflix.discovery.DiscoveryClient    : DiscoveryClient_MSAVALIADORCREDITO/msavaliadorcredito:2f72f5a52edae006f4aa46af391c9b57  - Re-registering apps/MSAVALIADORCREDITO
2023-12-07 15:21:48.878  INFO 14552 --- [DiscoveryClient-HeartbeatExecutor-0] com.netflix.discovery.DiscoveryClient    : DiscoveryClient_MSAVALIADORCREDITO/msavaliadorcredito:2f72f5a52edae006f4aa46af391c9b57 : registering service...
2023-12-07 15:21:48.883  INFO 14552 --- [DiscoveryClient-HeartbeatExecutor-0] com.netflix.discovery.DiscoveryClient    : DiscoveryClient_MSAVALIADORCREDITO/msavaliadorcredito:2f72f5a52edae006f4aa46af391c9b57  - registration status: 204
2023-12-07 15:22:18.904  INFO 14552 --- [DiscoveryClient-HeartbeatExecutor-0] com.netflix.discovery.DiscoveryClient    : DiscoveryClient_MSAVALIADORCREDITO/msavaliadorcredito:2f72f5a52edae006f4aa46af391c9b57  - Re-registering apps/MSAVALIADORCREDITO
2023-12-07 15:22:18.905  INFO 14552 --- [DiscoveryClient-HeartbeatExecutor-0] com.netflix.discovery.DiscoveryClient    : DiscoveryClient_MSAVALIADORCREDITO/msavaliadorcredito:2f72f5a52edae006f4aa46af391c9b57 : registering service...
2023-12-07 15:22:18.911  INFO 14552 --- [DiscoveryClient-HeartbeatExecutor-0] com.netflix.discovery.DiscoveryClient    : DiscoveryClient_MSAVALIADORCREDITO/msavaliadorcredito:2f72f5a52edae006f4aa46af391c9b57  - registration status: 204
2023-12-07 15:22:47.265  INFO 14552 --- [AsyncResolver-bootstrap-executor-0] c.n.d.s.r.aws.ConfigClusterResolver      : Resolving eureka endpoints via configuration
2023-12-07 15:22:48.930  INFO 14552 --- [DiscoveryClient-HeartbeatExecutor-0] com.netflix.discovery.DiscoveryClient    : DiscoveryClient_MSAVALIADORCREDITO/msavaliadorcredito:2f72f5a52edae006f4aa46af391c9b57  - Re-registering apps/MSAVALIADORCREDITO
2023-12-07 15:22:48.931  INFO 14552 --- [DiscoveryClient-HeartbeatExecutor-0] com.netflix.discovery.DiscoveryClient    : DiscoveryClient_MSAVALIADORCREDITO/msavaliadorcredito:2f72f5a52edae006f4aa46af391c9b57 : registering service...
2023-12-07 15:22:48.936  INFO 14552 --- [DiscoveryClient-HeartbeatExecutor-0] com.netflix.discovery.DiscoveryClient    : DiscoveryClient_MSAVALIADORCREDITO/msavaliadorcredito:2f72f5a52edae006f4aa46af391c9b57  - registration status: 204
2023-12-07 15:23:18.960  INFO 14552 --- [DiscoveryClient-HeartbeatExecutor-0] com.netflix.discovery.DiscoveryClient    : DiscoveryClient_MSAVALIADORCREDITO/msavaliadorcredito:2f72f5a52edae006f4aa46af391c9b57  - Re-registering apps/MSAVALIADORCREDITO
2023-12-07 15:23:18.960  INFO 14552 --- [DiscoveryClient-HeartbeatExecutor-0] com.netflix.discovery.DiscoveryClient    : DiscoveryClient_MSAVALIADORCREDITO/msavaliadorcredito:2f72f5a52edae006f4aa46af391c9b57 : registering service...
2023-12-07 15:23:18.968  INFO 14552 --- [DiscoveryClient-HeartbeatExecutor-0] com.netflix.discovery.DiscoveryClient    : DiscoveryClient_MSAVALIADORCREDITO/msavaliadorcredito:2f72f5a52edae006f4aa46af391c9b57  - registration status: 204
2023-12-07 15:23:48.989  INFO 14552 --- [DiscoveryClient-HeartbeatExecutor-0] com.netflix.discovery.DiscoveryClient    : DiscoveryClient_MSAVALIADORCREDITO/msavaliadorcredito:2f72f5a52edae006f4aa46af391c9b57  - Re-registering apps/MSAVALIADORCREDITO
2023-12-07 15:23:48.990  INFO 14552 --- [DiscoveryClient-HeartbeatExecutor-0] com.netflix.discovery.DiscoveryClient    : DiscoveryClient_MSAVALIADORCREDITO/msavaliadorcredito:2f72f5a52edae006f4aa46af391c9b57 : registering service...
2023-12-07 15:23:49.002  INFO 14552 --- [DiscoveryClient-HeartbeatExecutor-0] com.netflix.discovery.DiscoveryClient    : DiscoveryClient_MSAVALIADORCREDITO/msavaliadorcredito:2f72f5a52edae006f4aa46af391c9b57  - registration status: 204
2023-12-07 15:24:19.016  INFO 14552 --- [DiscoveryClient-HeartbeatExecutor-0] com.netflix.discovery.DiscoveryClient    : DiscoveryClient_MSAVALIADORCREDITO/msavaliadorcredito:2f72f5a52edae006f4aa46af391c9b57  - Re-registering apps/MSAVALIADORCREDITO
2023-12-07 15:24:19.017  INFO 14552 --- [DiscoveryClient-HeartbeatExecutor-0] com.netflix.discovery.DiscoveryClient    : DiscoveryClient_MSAVALIADORCREDITO/msavaliadorcredito:2f72f5a52edae006f4aa46af391c9b57 : registering service...
2023-12-07 15:24:19.027  INFO 14552 --- [DiscoveryClient-HeartbeatExecutor-0] com.netflix.discovery.DiscoveryClient    : DiscoveryClient_MSAVALIADORCREDITO/msavaliadorcredito:2f72f5a52edae006f4aa46af391c9b57  - registration status: 204
2023-12-07 15:24:49.047  INFO 14552 --- [DiscoveryClient-HeartbeatExecutor-0] com.netflix.discovery.DiscoveryClient    : DiscoveryClient_MSAVALIADORCREDITO/msavaliadorcredito:2f72f5a52edae006f4aa46af391c9b57  - Re-registering apps/MSAVALIADORCREDITO
2023-12-07 15:24:49.048  INFO 14552 --- [DiscoveryClient-HeartbeatExecutor-0] com.netflix.discovery.DiscoveryClient    : DiscoveryClient_MSAVALIADORCREDITO/msavaliadorcredito:2f72f5a52edae006f4aa46af391c9b57 : registering service...
2023-12-07 15:24:49.052  INFO 14552 --- [DiscoveryClient-HeartbeatExecutor-0] com.netflix.discovery.DiscoveryClient    : DiscoveryClient_MSAVALIADORCREDITO/msavaliadorcredito:2f72f5a52edae006f4aa46af391c9b57  - registration status: 204
2023-12-07 15:25:19.155  INFO 14552 --- [DiscoveryClient-HeartbeatExecutor-0] com.netflix.discovery.DiscoveryClient    : DiscoveryClient_MSAVALIADORCREDITO/msavaliadorcredito:2f72f5a52edae006f4aa46af391c9b57  - Re-registering apps/MSAVALIADORCREDITO
2023-12-07 15:25:19.156  INFO 14552 --- [DiscoveryClient-HeartbeatExecutor-0] com.netflix.discovery.DiscoveryClient    : DiscoveryClient_MSAVALIADORCREDITO/msavaliadorcredito:2f72f5a52edae006f4aa46af391c9b57 : registering service...
2023-12-07 15:25:19.163  INFO 14552 --- [DiscoveryClient-HeartbeatExecutor-0] com.netflix.discovery.DiscoveryClient    : DiscoveryClient_MSAVALIADORCREDITO/msavaliadorcredito:2f72f5a52edae006f4aa46af391c9b57  - registration status: 204
2023-12-07 15:25:49.182  INFO 14552 --- [DiscoveryClient-HeartbeatExecutor-0] com.netflix.discovery.DiscoveryClient    : DiscoveryClient_MSAVALIADORCREDITO/msavaliadorcredito:2f72f5a52edae006f4aa46af391c9b57  - Re-registering apps/MSAVALIADORCREDITO
2023-12-07 15:25:49.183  INFO 14552 --- [DiscoveryClient-HeartbeatExecutor-0] com.netflix.discovery.DiscoveryClient    : DiscoveryClient_MSAVALIADORCREDITO/msavaliadorcredito:2f72f5a52edae006f4aa46af391c9b57 : registering service...
2023-12-07 15:25:49.187  INFO 14552 --- [DiscoveryClient-HeartbeatExecutor-0] com.netflix.discovery.DiscoveryClient    : DiscoveryClient_MSAVALIADORCREDITO/msavaliadorcredito:2f72f5a52edae006f4aa46af391c9b57  - registration status: 204
2023-12-07 15:26:19.210  INFO 14552 --- [DiscoveryClient-HeartbeatExecutor-0] com.netflix.discovery.DiscoveryClient    : DiscoveryClient_MSAVALIADORCREDITO/msavaliadorcredito:2f72f5a52edae006f4aa46af391c9b57  - Re-registering apps/MSAVALIADORCREDITO
2023-12-07 15:26:19.211  INFO 14552 --- [DiscoveryClient-HeartbeatExecutor-0] com.netflix.discovery.DiscoveryClient    : DiscoveryClient_MSAVALIADORCREDITO/msavaliadorcredito:2f72f5a52edae006f4aa46af391c9b57 : registering service...
2023-12-07 15:26:19.220  INFO 14552 --- [DiscoveryClient-HeartbeatExecutor-0] com.netflix.discovery.DiscoveryClient    : DiscoveryClient_MSAVALIADORCREDITO/msavaliadorcredito:2f72f5a52edae006f4aa46af391c9b57  - registration status: 204
2023-12-07 15:26:49.245  INFO 14552 --- [DiscoveryClient-HeartbeatExecutor-0] com.netflix.discovery.DiscoveryClient    : DiscoveryClient_MSAVALIADORCREDITO/msavaliadorcredito:2f72f5a52edae006f4aa46af391c9b57  - Re-registering apps/MSAVALIADORCREDITO
2023-12-07 15:26:49.247  INFO 14552 --- [DiscoveryClient-HeartbeatExecutor-0] com.netflix.discovery.DiscoveryClient    : DiscoveryClient_MSAVALIADORCREDITO/msavaliadorcredito:2f72f5a52edae006f4aa46af391c9b57 : registering service...
2023-12-07 15:26:49.255  INFO 14552 --- [DiscoveryClient-HeartbeatExecutor-0] com.netflix.discovery.DiscoveryClient    : DiscoveryClient_MSAVALIADORCREDITO/msavaliadorcredito:2f72f5a52edae006f4aa46af391c9b57  - registration status: 204
2023-12-07 15:27:19.273  INFO 14552 --- [DiscoveryClient-HeartbeatExecutor-0] com.netflix.discovery.DiscoveryClient    : DiscoveryClient_MSAVALIADORCREDITO/msavaliadorcredito:2f72f5a52edae006f4aa46af391c9b57  - Re-registering apps/MSAVALIADORCREDITO
2023-12-07 15:27:19.273  INFO 14552 --- [DiscoveryClient-HeartbeatExecutor-0] com.netflix.discovery.DiscoveryClient    : DiscoveryClient_MSAVALIADORCREDITO/msavaliadorcredito:2f72f5a52edae006f4aa46af391c9b57 : registering service...
2023-12-07 15:27:19.278  INFO 14552 --- [DiscoveryClient-HeartbeatExecutor-0] com.netflix.discovery.DiscoveryClient    : DiscoveryClient_MSAVALIADORCREDITO/msavaliadorcredito:2f72f5a52edae006f4aa46af391c9b57  - registration status: 204
2023-12-07 15:27:47.275  INFO 14552 --- [AsyncResolver-bootstrap-executor-0] c.n.d.s.r.aws.ConfigClusterResolver      : Resolving eureka endpoints via configuration
2023-12-07 15:27:49.292  INFO 14552 --- [DiscoveryClient-HeartbeatExecutor-0] com.netflix.discovery.DiscoveryClient    : DiscoveryClient_MSAVALIADORCREDITO/msavaliadorcredito:2f72f5a52edae006f4aa46af391c9b57  - Re-registering apps/MSAVALIADORCREDITO
2023-12-07 15:27:49.293  INFO 14552 --- [DiscoveryClient-HeartbeatExecutor-0] com.netflix.discovery.DiscoveryClient    : DiscoveryClient_MSAVALIADORCREDITO/msavaliadorcredito:2f72f5a52edae006f4aa46af391c9b57 : registering service...
2023-12-07 15:27:49.296  INFO 14552 --- [DiscoveryClient-HeartbeatExecutor-0] com.netflix.discovery.DiscoveryClient    : DiscoveryClient_MSAVALIADORCREDITO/msavaliadorcredito:2f72f5a52edae006f4aa46af391c9b57  - registration status: 204
2023-12-07 15:28:19.302  INFO 14552 --- [DiscoveryClient-HeartbeatExecutor-0] com.netflix.discovery.DiscoveryClient    : DiscoveryClient_MSAVALIADORCREDITO/msavaliadorcredito:2f72f5a52edae006f4aa46af391c9b57  - Re-registering apps/MSAVALIADORCREDITO
2023-12-07 15:28:19.303  INFO 14552 --- [DiscoveryClient-HeartbeatExecutor-0] com.netflix.discovery.DiscoveryClient    : DiscoveryClient_MSAVALIADORCREDITO/msavaliadorcredito:2f72f5a52edae006f4aa46af391c9b57 : registering service...
2023-12-07 15:28:19.314  INFO 14552 --- [DiscoveryClient-HeartbeatExecutor-0] com.netflix.discovery.DiscoveryClient    : DiscoveryClient_MSAVALIADORCREDITO/msavaliadorcredito:2f72f5a52edae006f4aa46af391c9b57  - registration status: 204
2023-12-07 15:28:49.334  INFO 14552 --- [DiscoveryClient-HeartbeatExecutor-0] com.netflix.discovery.DiscoveryClient    : DiscoveryClient_MSAVALIADORCREDITO/msavaliadorcredito:2f72f5a52edae006f4aa46af391c9b57  - Re-registering apps/MSAVALIADORCREDITO
2023-12-07 15:28:49.336  INFO 14552 --- [DiscoveryClient-HeartbeatExecutor-0] com.netflix.discovery.DiscoveryClient    : DiscoveryClient_MSAVALIADORCREDITO/msavaliadorcredito:2f72f5a52edae006f4aa46af391c9b57 : registering service...
2023-12-07 15:28:49.344  INFO 14552 --- [DiscoveryClient-HeartbeatExecutor-0] com.netflix.discovery.DiscoveryClient    : DiscoveryClient_MSAVALIADORCREDITO/msavaliadorcredito:2f72f5a52edae006f4aa46af391c9b57  - registration status: 204
2023-12-07 15:29:19.361  INFO 14552 --- [DiscoveryClient-HeartbeatExecutor-0] com.netflix.discovery.DiscoveryClient    : DiscoveryClient_MSAVALIADORCREDITO/msavaliadorcredito:2f72f5a52edae006f4aa46af391c9b57  - Re-registering apps/MSAVALIADORCREDITO
2023-12-07 15:29:19.361  INFO 14552 --- [DiscoveryClient-HeartbeatExecutor-0] com.netflix.discovery.DiscoveryClient    : DiscoveryClient_MSAVALIADORCREDITO/msavaliadorcredito:2f72f5a52edae006f4aa46af391c9b57 : registering service...
2023-12-07 15:29:19.365  INFO 14552 --- [DiscoveryClient-HeartbeatExecutor-0] com.netflix.discovery.DiscoveryClient    : DiscoveryClient_MSAVALIADORCREDITO/msavaliadorcredito:2f72f5a52edae006f4aa46af391c9b57  - registration status: 204
2023-12-07 15:29:49.380  INFO 14552 --- [DiscoveryClient-HeartbeatExecutor-0] com.netflix.discovery.DiscoveryClient    : DiscoveryClient_MSAVALIADORCREDITO/msavaliadorcredito:2f72f5a52edae006f4aa46af391c9b57  - Re-registering apps/MSAVALIADORCREDITO
2023-12-07 15:29:49.381  INFO 14552 --- [DiscoveryClient-HeartbeatExecutor-0] com.netflix.discovery.DiscoveryClient    : DiscoveryClient_MSAVALIADORCREDITO/msavaliadorcredito:2f72f5a52edae006f4aa46af391c9b57 : registering service...
2023-12-07 15:29:49.388  INFO 14552 --- [DiscoveryClient-HeartbeatExecutor-0] com.netflix.discovery.DiscoveryClient    : DiscoveryClient_MSAVALIADORCREDITO/msavaliadorcredito:2f72f5a52edae006f4aa46af391c9b57  - registration status: 204
2023-12-07 15:30:19.398  INFO 14552 --- [DiscoveryClient-HeartbeatExecutor-0] com.netflix.discovery.DiscoveryClient    : DiscoveryClient_MSAVALIADORCREDITO/msavaliadorcredito:2f72f5a52edae006f4aa46af391c9b57  - Re-registering apps/MSAVALIADORCREDITO
2023-12-07 15:30:19.399  INFO 14552 --- [DiscoveryClient-HeartbeatExecutor-0] com.netflix.discovery.DiscoveryClient    : DiscoveryClient_MSAVALIADORCREDITO/msavaliadorcredito:2f72f5a52edae006f4aa46af391c9b57 : registering service...
2023-12-07 15:30:19.406  INFO 14552 --- [DiscoveryClient-HeartbeatExecutor-0] com.netflix.discovery.DiscoveryClient    : DiscoveryClient_MSAVALIADORCREDITO/msavaliadorcredito:2f72f5a52edae006f4aa46af391c9b57  - registration status: 204
2023-12-07 15:30:49.424  INFO 14552 --- [DiscoveryClient-HeartbeatExecutor-0] com.netflix.discovery.DiscoveryClient    : DiscoveryClient_MSAVALIADORCREDITO/msavaliadorcredito:2f72f5a52edae006f4aa46af391c9b57  - Re-registering apps/MSAVALIADORCREDITO
2023-12-07 15:30:49.426  INFO 14552 --- [DiscoveryClient-HeartbeatExecutor-0] com.netflix.discovery.DiscoveryClient    : DiscoveryClient_MSAVALIADORCREDITO/msavaliadorcredito:2f72f5a52edae006f4aa46af391c9b57 : registering service...
2023-12-07 15:30:49.434  INFO 14552 --- [DiscoveryClient-HeartbeatExecutor-0] com.netflix.discovery.DiscoveryClient    : DiscoveryClient_MSAVALIADORCREDITO/msavaliadorcredito:2f72f5a52edae006f4aa46af391c9b57  - registration status: 204
2023-12-07 15:31:19.451  INFO 14552 --- [DiscoveryClient-HeartbeatExecutor-0] com.netflix.discovery.DiscoveryClient    : DiscoveryClient_MSAVALIADORCREDITO/msavaliadorcredito:2f72f5a52edae006f4aa46af391c9b57  - Re-registering apps/MSAVALIADORCREDITO
2023-12-07 15:31:19.451  INFO 14552 --- [DiscoveryClient-HeartbeatExecutor-0] com.netflix.discovery.DiscoveryClient    : DiscoveryClient_MSAVALIADORCREDITO/msavaliadorcredito:2f72f5a52edae006f4aa46af391c9b57 : registering service...
2023-12-07 15:31:19.457  INFO 14552 --- [DiscoveryClient-HeartbeatExecutor-0] com.netflix.discovery.DiscoveryClient    : DiscoveryClient_MSAVALIADORCREDITO/msavaliadorcredito:2f72f5a52edae006f4aa46af391c9b57  - registration status: 204
2023-12-07 15:31:49.471  INFO 14552 --- [DiscoveryClient-HeartbeatExecutor-0] com.netflix.discovery.DiscoveryClient    : DiscoveryClient_MSAVALIADORCREDITO/msavaliadorcredito:2f72f5a52edae006f4aa46af391c9b57  - Re-registering apps/MSAVALIADORCREDITO
2023-12-07 15:31:49.472  INFO 14552 --- [DiscoveryClient-HeartbeatExecutor-0] com.netflix.discovery.DiscoveryClient    : DiscoveryClient_MSAVALIADORCREDITO/msavaliadorcredito:2f72f5a52edae006f4aa46af391c9b57 : registering service...
2023-12-07 15:31:49.477  INFO 14552 --- [DiscoveryClient-HeartbeatExecutor-0] com.netflix.discovery.DiscoveryClient    : DiscoveryClient_MSAVALIADORCREDITO/msavaliadorcredito:2f72f5a52edae006f4aa46af391c9b57  - registration status: 204
2023-12-07 15:32:19.489  INFO 14552 --- [DiscoveryClient-HeartbeatExecutor-0] com.netflix.discovery.DiscoveryClient    : DiscoveryClient_MSAVALIADORCREDITO/msavaliadorcredito:2f72f5a52edae006f4aa46af391c9b57  - Re-registering apps/MSAVALIADORCREDITO
2023-12-07 15:32:19.490  INFO 14552 --- [DiscoveryClient-HeartbeatExecutor-0] com.netflix.discovery.DiscoveryClient    : DiscoveryClient_MSAVALIADORCREDITO/msavaliadorcredito:2f72f5a52edae006f4aa46af391c9b57 : registering service...
2023-12-07 15:32:19.499  INFO 14552 --- [DiscoveryClient-HeartbeatExecutor-0] com.netflix.discovery.DiscoveryClient    : DiscoveryClient_MSAVALIADORCREDITO/msavaliadorcredito:2f72f5a52edae006f4aa46af391c9b57  - registration status: 204
2023-12-07 15:32:47.279  INFO 14552 --- [AsyncResolver-bootstrap-executor-0] c.n.d.s.r.aws.ConfigClusterResolver      : Resolving eureka endpoints via configuration
2023-12-07 15:32:49.517  INFO 14552 --- [DiscoveryClient-HeartbeatExecutor-0] com.netflix.discovery.DiscoveryClient    : DiscoveryClient_MSAVALIADORCREDITO/msavaliadorcredito:2f72f5a52edae006f4aa46af391c9b57  - Re-registering apps/MSAVALIADORCREDITO
2023-12-07 15:32:49.518  INFO 14552 --- [DiscoveryClient-HeartbeatExecutor-0] com.netflix.discovery.DiscoveryClient    : DiscoveryClient_MSAVALIADORCREDITO/msavaliadorcredito:2f72f5a52edae006f4aa46af391c9b57 : registering service...
2023-12-07 15:32:49.522  INFO 14552 --- [DiscoveryClient-HeartbeatExecutor-0] com.netflix.discovery.DiscoveryClient    : DiscoveryClient_MSAVALIADORCREDITO/msavaliadorcredito:2f72f5a52edae006f4aa46af391c9b57  - registration status: 204
2023-12-07 15:33:19.544  INFO 14552 --- [DiscoveryClient-HeartbeatExecutor-0] com.netflix.discovery.DiscoveryClient    : DiscoveryClient_MSAVALIADORCREDITO/msavaliadorcredito:2f72f5a52edae006f4aa46af391c9b57  - Re-registering apps/MSAVALIADORCREDITO
2023-12-07 15:33:19.546  INFO 14552 --- [DiscoveryClient-HeartbeatExecutor-0] com.netflix.discovery.DiscoveryClient    : DiscoveryClient_MSAVALIADORCREDITO/msavaliadorcredito:2f72f5a52edae006f4aa46af391c9b57 : registering service...
2023-12-07 15:33:19.553  INFO 14552 --- [DiscoveryClient-HeartbeatExecutor-0] com.netflix.discovery.DiscoveryClient    : DiscoveryClient_MSAVALIADORCREDITO/msavaliadorcredito:2f72f5a52edae006f4aa46af391c9b57  - registration status: 204
2023-12-07 15:33:49.578  INFO 14552 --- [DiscoveryClient-HeartbeatExecutor-0] com.netflix.discovery.DiscoveryClient    : DiscoveryClient_MSAVALIADORCREDITO/msavaliadorcredito:2f72f5a52edae006f4aa46af391c9b57  - Re-registering apps/MSAVALIADORCREDITO
2023-12-07 15:33:49.579  INFO 14552 --- [DiscoveryClient-HeartbeatExecutor-0] com.netflix.discovery.DiscoveryClient    : DiscoveryClient_MSAVALIADORCREDITO/msavaliadorcredito:2f72f5a52edae006f4aa46af391c9b57 : registering service...
2023-12-07 15:33:49.588  INFO 14552 --- [DiscoveryClient-HeartbeatExecutor-0] com.netflix.discovery.DiscoveryClient    : DiscoveryClient_MSAVALIADORCREDITO/msavaliadorcredito:2f72f5a52edae006f4aa46af391c9b57  - registration status: 204
2023-12-07 15:34:19.600  INFO 14552 --- [DiscoveryClient-HeartbeatExecutor-0] com.netflix.discovery.DiscoveryClient    : DiscoveryClient_MSAVALIADORCREDITO/msavaliadorcredito:2f72f5a52edae006f4aa46af391c9b57  - Re-registering apps/MSAVALIADORCREDITO
2023-12-07 15:34:19.600  INFO 14552 --- [DiscoveryClient-HeartbeatExecutor-0] com.netflix.discovery.DiscoveryClient    : DiscoveryClient_MSAVALIADORCREDITO/msavaliadorcredito:2f72f5a52edae006f4aa46af391c9b57 : registering service...
2023-12-07 15:34:19.607  INFO 14552 --- [DiscoveryClient-HeartbeatExecutor-0] com.netflix.discovery.DiscoveryClient    : DiscoveryClient_MSAVALIADORCREDITO/msavaliadorcredito:2f72f5a52edae006f4aa46af391c9b57  - registration status: 204
2023-12-07 15:34:49.617  INFO 14552 --- [DiscoveryClient-HeartbeatExecutor-0] com.netflix.discovery.DiscoveryClient    : DiscoveryClient_MSAVALIADORCREDITO/msavaliadorcredito:2f72f5a52edae006f4aa46af391c9b57  - Re-registering apps/MSAVALIADORCREDITO
2023-12-07 15:34:49.617  INFO 14552 --- [DiscoveryClient-HeartbeatExecutor-0] com.netflix.discovery.DiscoveryClient    : DiscoveryClient_MSAVALIADORCREDITO/msavaliadorcredito:2f72f5a52edae006f4aa46af391c9b57 : registering service...
2023-12-07 15:34:49.622  INFO 14552 --- [DiscoveryClient-HeartbeatExecutor-0] com.netflix.discovery.DiscoveryClient    : DiscoveryClient_MSAVALIADORCREDITO/msavaliadorcredito:2f72f5a52edae006f4aa46af391c9b57  - registration status: 204
2023-12-07 15:35:19.643  INFO 14552 --- [DiscoveryClient-HeartbeatExecutor-0] com.netflix.discovery.DiscoveryClient    : DiscoveryClient_MSAVALIADORCREDITO/msavaliadorcredito:2f72f5a52edae006f4aa46af391c9b57  - Re-registering apps/MSAVALIADORCREDITO
2023-12-07 15:35:19.644  INFO 14552 --- [DiscoveryClient-HeartbeatExecutor-0] com.netflix.discovery.DiscoveryClient    : DiscoveryClient_MSAVALIADORCREDITO/msavaliadorcredito:2f72f5a52edae006f4aa46af391c9b57 : registering service...
2023-12-07 15:35:19.653  INFO 14552 --- [DiscoveryClient-HeartbeatExecutor-0] com.netflix.discovery.DiscoveryClient    : DiscoveryClient_MSAVALIADORCREDITO/msavaliadorcredito:2f72f5a52edae006f4aa46af391c9b57  - registration status: 204
2023-12-07 15:35:49.673  INFO 14552 --- [DiscoveryClient-HeartbeatExecutor-0] com.netflix.discovery.DiscoveryClient    : DiscoveryClient_MSAVALIADORCREDITO/msavaliadorcredito:2f72f5a52edae006f4aa46af391c9b57  - Re-registering apps/MSAVALIADORCREDITO
2023-12-07 15:35:49.674  INFO 14552 --- [DiscoveryClient-HeartbeatExecutor-0] com.netflix.discovery.DiscoveryClient    : DiscoveryClient_MSAVALIADORCREDITO/msavaliadorcredito:2f72f5a52edae006f4aa46af391c9b57 : registering service...
2023-12-07 15:35:49.680  INFO 14552 --- [DiscoveryClient-HeartbeatExecutor-0] com.netflix.discovery.DiscoveryClient    : DiscoveryClient_MSAVALIADORCREDITO/msavaliadorcredito:2f72f5a52edae006f4aa46af391c9b57  - registration status: 204
2023-12-07 15:36:19.700  INFO 14552 --- [DiscoveryClient-HeartbeatExecutor-0] com.netflix.discovery.DiscoveryClient    : DiscoveryClient_MSAVALIADORCREDITO/msavaliadorcredito:2f72f5a52edae006f4aa46af391c9b57  - Re-registering apps/MSAVALIADORCREDITO
2023-12-07 15:36:19.702  INFO 14552 --- [DiscoveryClient-HeartbeatExecutor-0] com.netflix.discovery.DiscoveryClient    : DiscoveryClient_MSAVALIADORCREDITO/msavaliadorcredito:2f72f5a52edae006f4aa46af391c9b57 : registering service...
2023-12-07 15:36:19.712  INFO 14552 --- [DiscoveryClient-HeartbeatExecutor-0] com.netflix.discovery.DiscoveryClient    : DiscoveryClient_MSAVALIADORCREDITO/msavaliadorcredito:2f72f5a52edae006f4aa46af391c9b57  - registration status: 204
2023-12-07 15:36:49.735  INFO 14552 --- [DiscoveryClient-HeartbeatExecutor-0] com.netflix.discovery.DiscoveryClient    : DiscoveryClient_MSAVALIADORCREDITO/msavaliadorcredito:2f72f5a52edae006f4aa46af391c9b57  - Re-registering apps/MSAVALIADORCREDITO
2023-12-07 15:36:49.736  INFO 14552 --- [DiscoveryClient-HeartbeatExecutor-0] com.netflix.discovery.DiscoveryClient    : DiscoveryClient_MSAVALIADORCREDITO/msavaliadorcredito:2f72f5a52edae006f4aa46af391c9b57 : registering service...
2023-12-07 15:36:49.742  INFO 14552 --- [DiscoveryClient-HeartbeatExecutor-0] com.netflix.discovery.DiscoveryClient    : DiscoveryClient_MSAVALIADORCREDITO/msavaliadorcredito:2f72f5a52edae006f4aa46af391c9b57  - registration status: 204
2023-12-07 15:37:19.760  INFO 14552 --- [DiscoveryClient-HeartbeatExecutor-0] com.netflix.discovery.DiscoveryClient    : DiscoveryClient_MSAVALIADORCREDITO/msavaliadorcredito:2f72f5a52edae006f4aa46af391c9b57  - Re-registering apps/MSAVALIADORCREDITO
2023-12-07 15:37:19.760  INFO 14552 --- [DiscoveryClient-HeartbeatExecutor-0] com.netflix.discovery.DiscoveryClient    : DiscoveryClient_MSAVALIADORCREDITO/msavaliadorcredito:2f72f5a52edae006f4aa46af391c9b57 : registering service...
2023-12-07 15:37:19.763  INFO 14552 --- [DiscoveryClient-HeartbeatExecutor-0] com.netflix.discovery.DiscoveryClient    : DiscoveryClient_MSAVALIADORCREDITO/msavaliadorcredito:2f72f5a52edae006f4aa46af391c9b57  - registration status: 204
2023-12-07 15:37:47.287  INFO 14552 --- [AsyncResolver-bootstrap-executor-0] c.n.d.s.r.aws.ConfigClusterResolver      : Resolving eureka endpoints via configuration
2023-12-07 15:37:49.776  INFO 14552 --- [DiscoveryClient-HeartbeatExecutor-0] com.netflix.discovery.DiscoveryClient    : DiscoveryClient_MSAVALIADORCREDITO/msavaliadorcredito:2f72f5a52edae006f4aa46af391c9b57  - Re-registering apps/MSAVALIADORCREDITO
2023-12-07 15:37:49.776  INFO 14552 --- [DiscoveryClient-HeartbeatExecutor-0] com.netflix.discovery.DiscoveryClient    : DiscoveryClient_MSAVALIADORCREDITO/msavaliadorcredito:2f72f5a52edae006f4aa46af391c9b57 : registering service...
2023-12-07 15:37:49.786  INFO 14552 --- [DiscoveryClient-HeartbeatExecutor-0] com.netflix.discovery.DiscoveryClient    : DiscoveryClient_MSAVALIADORCREDITO/msavaliadorcredito:2f72f5a52edae006f4aa46af391c9b57  - registration status: 204
2023-12-07 15:38:19.800  INFO 14552 --- [DiscoveryClient-HeartbeatExecutor-0] com.netflix.discovery.DiscoveryClient    : DiscoveryClient_MSAVALIADORCREDITO/msavaliadorcredito:2f72f5a52edae006f4aa46af391c9b57  - Re-registering apps/MSAVALIADORCREDITO
2023-12-07 15:38:19.800  INFO 14552 --- [DiscoveryClient-HeartbeatExecutor-0] com.netflix.discovery.DiscoveryClient    : DiscoveryClient_MSAVALIADORCREDITO/msavaliadorcredito:2f72f5a52edae006f4aa46af391c9b57 : registering service...
2023-12-07 15:38:19.804  INFO 14552 --- [DiscoveryClient-HeartbeatExecutor-0] com.netflix.discovery.DiscoveryClient    : DiscoveryClient_MSAVALIADORCREDITO/msavaliadorcredito:2f72f5a52edae006f4aa46af391c9b57  - registration status: 204
2023-12-07 15:38:49.822  INFO 14552 --- [DiscoveryClient-HeartbeatExecutor-0] com.netflix.discovery.DiscoveryClient    : DiscoveryClient_MSAVALIADORCREDITO/msavaliadorcredito:2f72f5a52edae006f4aa46af391c9b57  - Re-registering apps/MSAVALIADORCREDITO
2023-12-07 15:38:49.823  INFO 14552 --- [DiscoveryClient-HeartbeatExecutor-0] com.netflix.discovery.DiscoveryClient    : DiscoveryClient_MSAVALIADORCREDITO/msavaliadorcredito:2f72f5a52edae006f4aa46af391c9b57 : registering service...
2023-12-07 15:38:49.827  INFO 14552 --- [DiscoveryClient-HeartbeatExecutor-0] com.netflix.discovery.DiscoveryClient    : DiscoveryClient_MSAVALIADORCREDITO/msavaliadorcredito:2f72f5a52edae006f4aa46af391c9b57  - registration status: 204
2023-12-07 15:39:19.837  INFO 14552 --- [DiscoveryClient-HeartbeatExecutor-0] com.netflix.discovery.DiscoveryClient    : DiscoveryClient_MSAVALIADORCREDITO/msavaliadorcredito:2f72f5a52edae006f4aa46af391c9b57  - Re-registering apps/MSAVALIADORCREDITO
2023-12-07 15:39:19.837  INFO 14552 --- [DiscoveryClient-HeartbeatExecutor-0] com.netflix.discovery.DiscoveryClient    : DiscoveryClient_MSAVALIADORCREDITO/msavaliadorcredito:2f72f5a52edae006f4aa46af391c9b57 : registering service...
2023-12-07 15:39:19.840  INFO 14552 --- [DiscoveryClient-HeartbeatExecutor-0] com.netflix.discovery.DiscoveryClient    : DiscoveryClient_MSAVALIADORCREDITO/msavaliadorcredito:2f72f5a52edae006f4aa46af391c9b57  - registration status: 204
2023-12-07 15:39:49.852  INFO 14552 --- [DiscoveryClient-HeartbeatExecutor-0] com.netflix.discovery.DiscoveryClient    : DiscoveryClient_MSAVALIADORCREDITO/msavaliadorcredito:2f72f5a52edae006f4aa46af391c9b57  - Re-registering apps/MSAVALIADORCREDITO
2023-12-07 15:39:49.852  INFO 14552 --- [DiscoveryClient-HeartbeatExecutor-0] com.netflix.discovery.DiscoveryClient    : DiscoveryClient_MSAVALIADORCREDITO/msavaliadorcredito:2f72f5a52edae006f4aa46af391c9b57 : registering service...
2023-12-07 15:39:49.856  INFO 14552 --- [DiscoveryClient-HeartbeatExecutor-0] com.netflix.discovery.DiscoveryClient    : DiscoveryClient_MSAVALIADORCREDITO/msavaliadorcredito:2f72f5a52edae006f4aa46af391c9b57  - registration status: 204
2023-12-07 15:40:19.869  INFO 14552 --- [DiscoveryClient-HeartbeatExecutor-0] com.netflix.discovery.DiscoveryClient    : DiscoveryClient_MSAVALIADORCREDITO/msavaliadorcredito:2f72f5a52edae006f4aa46af391c9b57  - Re-registering apps/MSAVALIADORCREDITO
2023-12-07 15:40:19.870  INFO 14552 --- [DiscoveryClient-HeartbeatExecutor-0] com.netflix.discovery.DiscoveryClient    : DiscoveryClient_MSAVALIADORCREDITO/msavaliadorcredito:2f72f5a52edae006f4aa46af391c9b57 : registering service...
2023-12-07 15:40:19.883  INFO 14552 --- [DiscoveryClient-HeartbeatExecutor-0] com.netflix.discovery.DiscoveryClient    : DiscoveryClient_MSAVALIADORCREDITO/msavaliadorcredito:2f72f5a52edae006f4aa46af391c9b57  - registration status: 204
2023-12-07 15:40:49.907  INFO 14552 --- [DiscoveryClient-HeartbeatExecutor-0] com.netflix.discovery.DiscoveryClient    : DiscoveryClient_MSAVALIADORCREDITO/msavaliadorcredito:2f72f5a52edae006f4aa46af391c9b57  - Re-registering apps/MSAVALIADORCREDITO
2023-12-07 15:40:49.908  INFO 14552 --- [DiscoveryClient-HeartbeatExecutor-0] com.netflix.discovery.DiscoveryClient    : DiscoveryClient_MSAVALIADORCREDITO/msavaliadorcredito:2f72f5a52edae006f4aa46af391c9b57 : registering service...
2023-12-07 15:40:49.919  INFO 14552 --- [DiscoveryClient-HeartbeatExecutor-0] com.netflix.discovery.DiscoveryClient    : DiscoveryClient_MSAVALIADORCREDITO/msavaliadorcredito:2f72f5a52edae006f4aa46af391c9b57  - registration status: 204
2023-12-07 15:41:19.938  INFO 14552 --- [DiscoveryClient-HeartbeatExecutor-0] com.netflix.discovery.DiscoveryClient    : DiscoveryClient_MSAVALIADORCREDITO/msavaliadorcredito:2f72f5a52edae006f4aa46af391c9b57  - Re-registering apps/MSAVALIADORCREDITO
2023-12-07 15:41:19.938  INFO 14552 --- [DiscoveryClient-HeartbeatExecutor-0] com.netflix.discovery.DiscoveryClient    : DiscoveryClient_MSAVALIADORCREDITO/msavaliadorcredito:2f72f5a52edae006f4aa46af391c9b57 : registering service...
2023-12-07 15:41:19.946  INFO 14552 --- [DiscoveryClient-HeartbeatExecutor-0] com.netflix.discovery.DiscoveryClient    : DiscoveryClient_MSAVALIADORCREDITO/msavaliadorcredito:2f72f5a52edae006f4aa46af391c9b57  - registration status: 204
2023-12-07 15:41:49.963  INFO 14552 --- [DiscoveryClient-HeartbeatExecutor-0] com.netflix.discovery.DiscoveryClient    : DiscoveryClient_MSAVALIADORCREDITO/msavaliadorcredito:2f72f5a52edae006f4aa46af391c9b57  - Re-registering apps/MSAVALIADORCREDITO
2023-12-07 15:41:49.964  INFO 14552 --- [DiscoveryClient-HeartbeatExecutor-0] com.netflix.discovery.DiscoveryClient    : DiscoveryClient_MSAVALIADORCREDITO/msavaliadorcredito:2f72f5a52edae006f4aa46af391c9b57 : registering service...
2023-12-07 15:41:49.968  INFO 14552 --- [DiscoveryClient-HeartbeatExecutor-0] com.netflix.discovery.DiscoveryClient    : DiscoveryClient_MSAVALIADORCREDITO/msavaliadorcredito:2f72f5a52edae006f4aa46af391c9b57  - registration status: 204
2023-12-07 15:42:19.977  INFO 14552 --- [DiscoveryClient-HeartbeatExecutor-0] com.netflix.discovery.DiscoveryClient    : DiscoveryClient_MSAVALIADORCREDITO/msavaliadorcredito:2f72f5a52edae006f4aa46af391c9b57  - Re-registering apps/MSAVALIADORCREDITO
2023-12-07 15:42:19.978  INFO 14552 --- [DiscoveryClient-HeartbeatExecutor-0] com.netflix.discovery.DiscoveryClient    : DiscoveryClient_MSAVALIADORCREDITO/msavaliadorcredito:2f72f5a52edae006f4aa46af391c9b57 : registering service...
2023-12-07 15:42:19.981  INFO 14552 --- [DiscoveryClient-HeartbeatExecutor-0] com.netflix.discovery.DiscoveryClient    : DiscoveryClient_MSAVALIADORCREDITO/msavaliadorcredito:2f72f5a52edae006f4aa46af391c9b57  - registration status: 204
2023-12-07 15:42:47.299  INFO 14552 --- [AsyncResolver-bootstrap-executor-0] c.n.d.s.r.aws.ConfigClusterResolver      : Resolving eureka endpoints via configuration
2023-12-07 15:42:49.991  INFO 14552 --- [DiscoveryClient-HeartbeatExecutor-0] com.netflix.discovery.DiscoveryClient    : DiscoveryClient_MSAVALIADORCREDITO/msavaliadorcredito:2f72f5a52edae006f4aa46af391c9b57  - Re-registering apps/MSAVALIADORCREDITO
2023-12-07 15:42:49.992  INFO 14552 --- [DiscoveryClient-HeartbeatExecutor-0] com.netflix.discovery.DiscoveryClient    : DiscoveryClient_MSAVALIADORCREDITO/msavaliadorcredito:2f72f5a52edae006f4aa46af391c9b57 : registering service...
2023-12-07 15:42:49.996  INFO 14552 --- [DiscoveryClient-HeartbeatExecutor-0] com.netflix.discovery.DiscoveryClient    : DiscoveryClient_MSAVALIADORCREDITO/msavaliadorcredito:2f72f5a52edae006f4aa46af391c9b57  - registration status: 204
2023-12-07 15:43:20.009  INFO 14552 --- [DiscoveryClient-HeartbeatExecutor-0] com.netflix.discovery.DiscoveryClient    : DiscoveryClient_MSAVALIADORCREDITO/msavaliadorcredito:2f72f5a52edae006f4aa46af391c9b57  - Re-registering apps/MSAVALIADORCREDITO
2023-12-07 15:43:20.010  INFO 14552 --- [DiscoveryClient-HeartbeatExecutor-0] com.netflix.discovery.DiscoveryClient    : DiscoveryClient_MSAVALIADORCREDITO/msavaliadorcredito:2f72f5a52edae006f4aa46af391c9b57 : registering service...
2023-12-07 15:43:20.014  INFO 14552 --- [DiscoveryClient-HeartbeatExecutor-0] com.netflix.discovery.DiscoveryClient    : DiscoveryClient_MSAVALIADORCREDITO/msavaliadorcredito:2f72f5a52edae006f4aa46af391c9b57  - registration status: 204
2023-12-07 15:43:50.025  INFO 14552 --- [DiscoveryClient-HeartbeatExecutor-0] com.netflix.discovery.DiscoveryClient    : DiscoveryClient_MSAVALIADORCREDITO/msavaliadorcredito:2f72f5a52edae006f4aa46af391c9b57  - Re-registering apps/MSAVALIADORCREDITO
2023-12-07 15:43:50.026  INFO 14552 --- [DiscoveryClient-HeartbeatExecutor-0] com.netflix.discovery.DiscoveryClient    : DiscoveryClient_MSAVALIADORCREDITO/msavaliadorcredito:2f72f5a52edae006f4aa46af391c9b57 : registering service...
2023-12-07 15:43:50.029  INFO 14552 --- [DiscoveryClient-HeartbeatExecutor-0] com.netflix.discovery.DiscoveryClient    : DiscoveryClient_MSAVALIADORCREDITO/msavaliadorcredito:2f72f5a52edae006f4aa46af391c9b57  - registration status: 204
2023-12-07 15:44:20.037  INFO 14552 --- [DiscoveryClient-HeartbeatExecutor-0] com.netflix.discovery.DiscoveryClient    : DiscoveryClient_MSAVALIADORCREDITO/msavaliadorcredito:2f72f5a52edae006f4aa46af391c9b57  - Re-registering apps/MSAVALIADORCREDITO
2023-12-07 15:44:20.039  INFO 14552 --- [DiscoveryClient-HeartbeatExecutor-0] com.netflix.discovery.DiscoveryClient    : DiscoveryClient_MSAVALIADORCREDITO/msavaliadorcredito:2f72f5a52edae006f4aa46af391c9b57 : registering service...
2023-12-07 15:44:20.043  INFO 14552 --- [DiscoveryClient-HeartbeatExecutor-0] com.netflix.discovery.DiscoveryClient    : DiscoveryClient_MSAVALIADORCREDITO/msavaliadorcredito:2f72f5a52edae006f4aa46af391c9b57  - registration status: 204
2023-12-07 15:44:50.059  INFO 14552 --- [DiscoveryClient-HeartbeatExecutor-0] com.netflix.discovery.DiscoveryClient    : DiscoveryClient_MSAVALIADORCREDITO/msavaliadorcredito:2f72f5a52edae006f4aa46af391c9b57  - Re-registering apps/MSAVALIADORCREDITO
2023-12-07 15:44:50.059  INFO 14552 --- [DiscoveryClient-HeartbeatExecutor-0] com.netflix.discovery.DiscoveryClient    : DiscoveryClient_MSAVALIADORCREDITO/msavaliadorcredito:2f72f5a52edae006f4aa46af391c9b57 : registering service...
2023-12-07 15:44:50.065  INFO 14552 --- [DiscoveryClient-HeartbeatExecutor-0] com.netflix.discovery.DiscoveryClient    : DiscoveryClient_MSAVALIADORCREDITO/msavaliadorcredito:2f72f5a52edae006f4aa46af391c9b57  - registration status: 204
2023-12-07 15:45:20.070  INFO 14552 --- [DiscoveryClient-HeartbeatExecutor-0] com.netflix.discovery.DiscoveryClient    : DiscoveryClient_MSAVALIADORCREDITO/msavaliadorcredito:2f72f5a52edae006f4aa46af391c9b57  - Re-registering apps/MSAVALIADORCREDITO
2023-12-07 15:45:20.070  INFO 14552 --- [DiscoveryClient-HeartbeatExecutor-0] com.netflix.discovery.DiscoveryClient    : DiscoveryClient_MSAVALIADORCREDITO/msavaliadorcredito:2f72f5a52edae006f4aa46af391c9b57 : registering service...
2023-12-07 15:45:20.072  INFO 14552 --- [DiscoveryClient-HeartbeatExecutor-0] com.netflix.discovery.DiscoveryClient    : DiscoveryClient_MSAVALIADORCREDITO/msavaliadorcredito:2f72f5a52edae006f4aa46af391c9b57  - registration status: 204
2023-12-07 15:45:50.084  INFO 14552 --- [DiscoveryClient-HeartbeatExecutor-0] com.netflix.discovery.DiscoveryClient    : DiscoveryClient_MSAVALIADORCREDITO/msavaliadorcredito:2f72f5a52edae006f4aa46af391c9b57  - Re-registering apps/MSAVALIADORCREDITO
2023-12-07 15:45:50.085  INFO 14552 --- [DiscoveryClient-HeartbeatExecutor-0] com.netflix.discovery.DiscoveryClient    : DiscoveryClient_MSAVALIADORCREDITO/msavaliadorcredito:2f72f5a52edae006f4aa46af391c9b57 : registering service...
2023-12-07 15:45:50.090  INFO 14552 --- [DiscoveryClient-HeartbeatExecutor-0] com.netflix.discovery.DiscoveryClient    : DiscoveryClient_MSAVALIADORCREDITO/msavaliadorcredito:2f72f5a52edae006f4aa46af391c9b57  - registration status: 204
2023-12-07 15:46:20.107  INFO 14552 --- [DiscoveryClient-HeartbeatExecutor-0] com.netflix.discovery.DiscoveryClient    : DiscoveryClient_MSAVALIADORCREDITO/msavaliadorcredito:2f72f5a52edae006f4aa46af391c9b57  - Re-registering apps/MSAVALIADORCREDITO
2023-12-07 15:46:20.108  INFO 14552 --- [DiscoveryClient-HeartbeatExecutor-0] com.netflix.discovery.DiscoveryClient    : DiscoveryClient_MSAVALIADORCREDITO/msavaliadorcredito:2f72f5a52edae006f4aa46af391c9b57 : registering service...
2023-12-07 15:46:20.117  INFO 14552 --- [DiscoveryClient-HeartbeatExecutor-0] com.netflix.discovery.DiscoveryClient    : DiscoveryClient_MSAVALIADORCREDITO/msavaliadorcredito:2f72f5a52edae006f4aa46af391c9b57  - registration status: 204
2023-12-07 15:46:50.126  INFO 14552 --- [DiscoveryClient-HeartbeatExecutor-0] com.netflix.discovery.DiscoveryClient    : DiscoveryClient_MSAVALIADORCREDITO/msavaliadorcredito:2f72f5a52edae006f4aa46af391c9b57  - Re-registering apps/MSAVALIADORCREDITO
2023-12-07 15:46:50.127  INFO 14552 --- [DiscoveryClient-HeartbeatExecutor-0] com.netflix.discovery.DiscoveryClient    : DiscoveryClient_MSAVALIADORCREDITO/msavaliadorcredito:2f72f5a52edae006f4aa46af391c9b57 : registering service...
2023-12-07 15:46:50.132  INFO 14552 --- [DiscoveryClient-HeartbeatExecutor-0] com.netflix.discovery.DiscoveryClient    : DiscoveryClient_MSAVALIADORCREDITO/msavaliadorcredito:2f72f5a52edae006f4aa46af391c9b57  - registration status: 204
2023-12-07 15:47:20.151  INFO 14552 --- [DiscoveryClient-HeartbeatExecutor-0] com.netflix.discovery.DiscoveryClient    : DiscoveryClient_MSAVALIADORCREDITO/msavaliadorcredito:2f72f5a52edae006f4aa46af391c9b57  - Re-registering apps/MSAVALIADORCREDITO
2023-12-07 15:47:20.152  INFO 14552 --- [DiscoveryClient-HeartbeatExecutor-0] com.netflix.discovery.DiscoveryClient    : DiscoveryClient_MSAVALIADORCREDITO/msavaliadorcredito:2f72f5a52edae006f4aa46af391c9b57 : registering service...
2023-12-07 15:47:20.155  INFO 14552 --- [DiscoveryClient-HeartbeatExecutor-0] com.netflix.discovery.DiscoveryClient    : DiscoveryClient_MSAVALIADORCREDITO/msavaliadorcredito:2f72f5a52edae006f4aa46af391c9b57  - registration status: 204
2023-12-07 15:47:47.311  INFO 14552 --- [AsyncResolver-bootstrap-executor-0] c.n.d.s.r.aws.ConfigClusterResolver      : Resolving eureka endpoints via configuration
2023-12-07 15:47:50.162  INFO 14552 --- [DiscoveryClient-HeartbeatExecutor-0] com.netflix.discovery.DiscoveryClient    : DiscoveryClient_MSAVALIADORCREDITO/msavaliadorcredito:2f72f5a52edae006f4aa46af391c9b57  - Re-registering apps/MSAVALIADORCREDITO
2023-12-07 15:47:50.162  INFO 14552 --- [DiscoveryClient-HeartbeatExecutor-0] com.netflix.discovery.DiscoveryClient    : DiscoveryClient_MSAVALIADORCREDITO/msavaliadorcredito:2f72f5a52edae006f4aa46af391c9b57 : registering service...
2023-12-07 15:47:50.166  INFO 14552 --- [DiscoveryClient-HeartbeatExecutor-0] com.netflix.discovery.DiscoveryClient    : DiscoveryClient_MSAVALIADORCREDITO/msavaliadorcredito:2f72f5a52edae006f4aa46af391c9b57  - registration status: 204
2023-12-07 15:48:20.177  INFO 14552 --- [DiscoveryClient-HeartbeatExecutor-0] com.netflix.discovery.DiscoveryClient    : DiscoveryClient_MSAVALIADORCREDITO/msavaliadorcredito:2f72f5a52edae006f4aa46af391c9b57  - Re-registering apps/MSAVALIADORCREDITO
2023-12-07 15:48:20.178  INFO 14552 --- [DiscoveryClient-HeartbeatExecutor-0] com.netflix.discovery.DiscoveryClient    : DiscoveryClient_MSAVALIADORCREDITO/msavaliadorcredito:2f72f5a52edae006f4aa46af391c9b57 : registering service...
2023-12-07 15:48:20.182  INFO 14552 --- [DiscoveryClient-HeartbeatExecutor-0] com.netflix.discovery.DiscoveryClient    : DiscoveryClient_MSAVALIADORCREDITO/msavaliadorcredito:2f72f5a52edae006f4aa46af391c9b57  - registration status: 204
2023-12-07 15:48:50.196  INFO 14552 --- [DiscoveryClient-HeartbeatExecutor-0] com.netflix.discovery.DiscoveryClient    : DiscoveryClient_MSAVALIADORCREDITO/msavaliadorcredito:2f72f5a52edae006f4aa46af391c9b57  - Re-registering apps/MSAVALIADORCREDITO
2023-12-07 15:48:50.197  INFO 14552 --- [DiscoveryClient-HeartbeatExecutor-0] com.netflix.discovery.DiscoveryClient    : DiscoveryClient_MSAVALIADORCREDITO/msavaliadorcredito:2f72f5a52edae006f4aa46af391c9b57 : registering service...
2023-12-07 15:48:50.204  INFO 14552 --- [DiscoveryClient-HeartbeatExecutor-0] com.netflix.discovery.DiscoveryClient    : DiscoveryClient_MSAVALIADORCREDITO/msavaliadorcredito:2f72f5a52edae006f4aa46af391c9b57  - registration status: 204
2023-12-07 15:49:20.227  INFO 14552 --- [DiscoveryClient-HeartbeatExecutor-0] com.netflix.discovery.DiscoveryClient    : DiscoveryClient_MSAVALIADORCREDITO/msavaliadorcredito:2f72f5a52edae006f4aa46af391c9b57  - Re-registering apps/MSAVALIADORCREDITO
2023-12-07 15:49:20.227  INFO 14552 --- [DiscoveryClient-HeartbeatExecutor-0] com.netflix.discovery.DiscoveryClient    : DiscoveryClient_MSAVALIADORCREDITO/msavaliadorcredito:2f72f5a52edae006f4aa46af391c9b57 : registering service...
2023-12-07 15:49:20.233  INFO 14552 --- [DiscoveryClient-HeartbeatExecutor-0] com.netflix.discovery.DiscoveryClient    : DiscoveryClient_MSAVALIADORCREDITO/msavaliadorcredito:2f72f5a52edae006f4aa46af391c9b57  - registration status: 204
2023-12-07 15:49:50.240  INFO 14552 --- [DiscoveryClient-HeartbeatExecutor-0] com.netflix.discovery.DiscoveryClient    : DiscoveryClient_MSAVALIADORCREDITO/msavaliadorcredito:2f72f5a52edae006f4aa46af391c9b57  - Re-registering apps/MSAVALIADORCREDITO
2023-12-07 15:49:50.241  INFO 14552 --- [DiscoveryClient-HeartbeatExecutor-0] com.netflix.discovery.DiscoveryClient    : DiscoveryClient_MSAVALIADORCREDITO/msavaliadorcredito:2f72f5a52edae006f4aa46af391c9b57 : registering service...
2023-12-07 15:49:50.243  INFO 14552 --- [DiscoveryClient-HeartbeatExecutor-0] com.netflix.discovery.DiscoveryClient    : DiscoveryClient_MSAVALIADORCREDITO/msavaliadorcredito:2f72f5a52edae006f4aa46af391c9b57  - registration status: 204
2023-12-07 15:50:20.262  INFO 14552 --- [DiscoveryClient-HeartbeatExecutor-0] com.netflix.discovery.DiscoveryClient    : DiscoveryClient_MSAVALIADORCREDITO/msavaliadorcredito:2f72f5a52edae006f4aa46af391c9b57  - Re-registering apps/MSAVALIADORCREDITO
2023-12-07 15:50:20.263  INFO 14552 --- [DiscoveryClient-HeartbeatExecutor-0] com.netflix.discovery.DiscoveryClient    : DiscoveryClient_MSAVALIADORCREDITO/msavaliadorcredito:2f72f5a52edae006f4aa46af391c9b57 : registering service...
2023-12-07 15:50:20.270  INFO 14552 --- [DiscoveryClient-HeartbeatExecutor-0] com.netflix.discovery.DiscoveryClient    : DiscoveryClient_MSAVALIADORCREDITO/msavaliadorcredito:2f72f5a52edae006f4aa46af391c9b57  - registration status: 204
2023-12-07 15:50:50.274  INFO 14552 --- [DiscoveryClient-HeartbeatExecutor-0] com.netflix.discovery.DiscoveryClient    : DiscoveryClient_MSAVALIADORCREDITO/msavaliadorcredito:2f72f5a52edae006f4aa46af391c9b57  - Re-registering apps/MSAVALIADORCREDITO
2023-12-07 15:50:50.274  INFO 14552 --- [DiscoveryClient-HeartbeatExecutor-0] com.netflix.discovery.DiscoveryClient    : DiscoveryClient_MSAVALIADORCREDITO/msavaliadorcredito:2f72f5a52edae006f4aa46af391c9b57 : registering service...
2023-12-07 15:50:50.280  INFO 14552 --- [DiscoveryClient-HeartbeatExecutor-0] com.netflix.discovery.DiscoveryClient    : DiscoveryClient_MSAVALIADORCREDITO/msavaliadorcredito:2f72f5a52edae006f4aa46af391c9b57  - registration status: 204
2023-12-07 15:51:20.295  INFO 14552 --- [DiscoveryClient-HeartbeatExecutor-0] com.netflix.discovery.DiscoveryClient    : DiscoveryClient_MSAVALIADORCREDITO/msavaliadorcredito:2f72f5a52edae006f4aa46af391c9b57  - Re-registering apps/MSAVALIADORCREDITO
2023-12-07 15:51:20.295  INFO 14552 --- [DiscoveryClient-HeartbeatExecutor-0] com.netflix.discovery.DiscoveryClient    : DiscoveryClient_MSAVALIADORCREDITO/msavaliadorcredito:2f72f5a52edae006f4aa46af391c9b57 : registering service...
2023-12-07 15:51:20.301  INFO 14552 --- [DiscoveryClient-HeartbeatExecutor-0] com.netflix.discovery.DiscoveryClient    : DiscoveryClient_MSAVALIADORCREDITO/msavaliadorcredito:2f72f5a52edae006f4aa46af391c9b57  - registration status: 204
2023-12-07 15:51:50.308  INFO 14552 --- [DiscoveryClient-HeartbeatExecutor-0] com.netflix.discovery.DiscoveryClient    : DiscoveryClient_MSAVALIADORCREDITO/msavaliadorcredito:2f72f5a52edae006f4aa46af391c9b57  - Re-registering apps/MSAVALIADORCREDITO
2023-12-07 15:51:50.308  INFO 14552 --- [DiscoveryClient-HeartbeatExecutor-0] com.netflix.discovery.DiscoveryClient    : DiscoveryClient_MSAVALIADORCREDITO/msavaliadorcredito:2f72f5a52edae006f4aa46af391c9b57 : registering service...
2023-12-07 15:51:50.311  INFO 14552 --- [DiscoveryClient-HeartbeatExecutor-0] com.netflix.discovery.DiscoveryClient    : DiscoveryClient_MSAVALIADORCREDITO/msavaliadorcredito:2f72f5a52edae006f4aa46af391c9b57  - registration status: 204
2023-12-07 15:52:20.334  INFO 14552 --- [DiscoveryClient-HeartbeatExecutor-0] com.netflix.discovery.DiscoveryClient    : DiscoveryClient_MSAVALIADORCREDITO/msavaliadorcredito:2f72f5a52edae006f4aa46af391c9b57  - Re-registering apps/MSAVALIADORCREDITO
2023-12-07 15:52:20.335  INFO 14552 --- [DiscoveryClient-HeartbeatExecutor-0] com.netflix.discovery.DiscoveryClient    : DiscoveryClient_MSAVALIADORCREDITO/msavaliadorcredito:2f72f5a52edae006f4aa46af391c9b57 : registering service...
2023-12-07 15:52:20.342  INFO 14552 --- [DiscoveryClient-HeartbeatExecutor-0] com.netflix.discovery.DiscoveryClient    : DiscoveryClient_MSAVALIADORCREDITO/msavaliadorcredito:2f72f5a52edae006f4aa46af391c9b57  - registration status: 204
2023-12-07 15:52:47.327  INFO 14552 --- [AsyncResolver-bootstrap-executor-0] c.n.d.s.r.aws.ConfigClusterResolver      : Resolving eureka endpoints via configuration
2023-12-07 15:52:50.364  INFO 14552 --- [DiscoveryClient-HeartbeatExecutor-0] com.netflix.discovery.DiscoveryClient    : DiscoveryClient_MSAVALIADORCREDITO/msavaliadorcredito:2f72f5a52edae006f4aa46af391c9b57  - Re-registering apps/MSAVALIADORCREDITO
2023-12-07 15:52:50.365  INFO 14552 --- [DiscoveryClient-HeartbeatExecutor-0] com.netflix.discovery.DiscoveryClient    : DiscoveryClient_MSAVALIADORCREDITO/msavaliadorcredito:2f72f5a52edae006f4aa46af391c9b57 : registering service...
2023-12-07 15:52:50.370  INFO 14552 --- [DiscoveryClient-HeartbeatExecutor-0] com.netflix.discovery.DiscoveryClient    : DiscoveryClient_MSAVALIADORCREDITO/msavaliadorcredito:2f72f5a52edae006f4aa46af391c9b57  - registration status: 204
2023-12-07 15:53:20.381  INFO 14552 --- [DiscoveryClient-HeartbeatExecutor-0] com.netflix.discovery.DiscoveryClient    : DiscoveryClient_MSAVALIADORCREDITO/msavaliadorcredito:2f72f5a52edae006f4aa46af391c9b57  - Re-registering apps/MSAVALIADORCREDITO
2023-12-07 15:53:20.381  INFO 14552 --- [DiscoveryClient-HeartbeatExecutor-0] com.netflix.discovery.DiscoveryClient    : DiscoveryClient_MSAVALIADORCREDITO/msavaliadorcredito:2f72f5a52edae006f4aa46af391c9b57 : registering service...
2023-12-07 15:53:20.385  INFO 14552 --- [DiscoveryClient-HeartbeatExecutor-0] com.netflix.discovery.DiscoveryClient    : DiscoveryClient_MSAVALIADORCREDITO/msavaliadorcredito:2f72f5a52edae006f4aa46af391c9b57  - registration status: 204
2023-12-07 15:53:50.398  INFO 14552 --- [DiscoveryClient-HeartbeatExecutor-0] com.netflix.discovery.DiscoveryClient    : DiscoveryClient_MSAVALIADORCREDITO/msavaliadorcredito:2f72f5a52edae006f4aa46af391c9b57  - Re-registering apps/MSAVALIADORCREDITO
2023-12-07 15:53:50.398  INFO 14552 --- [DiscoveryClient-HeartbeatExecutor-0] com.netflix.discovery.DiscoveryClient    : DiscoveryClient_MSAVALIADORCREDITO/msavaliadorcredito:2f72f5a52edae006f4aa46af391c9b57 : registering service...
2023-12-07 15:53:50.402  INFO 14552 --- [DiscoveryClient-HeartbeatExecutor-0] com.netflix.discovery.DiscoveryClient    : DiscoveryClient_MSAVALIADORCREDITO/msavaliadorcredito:2f72f5a52edae006f4aa46af391c9b57  - registration status: 204
2023-12-07 15:54:20.416  INFO 14552 --- [DiscoveryClient-HeartbeatExecutor-0] com.netflix.discovery.DiscoveryClient    : DiscoveryClient_MSAVALIADORCREDITO/msavaliadorcredito:2f72f5a52edae006f4aa46af391c9b57  - Re-registering apps/MSAVALIADORCREDITO
2023-12-07 15:54:20.416  INFO 14552 --- [DiscoveryClient-HeartbeatExecutor-0] com.netflix.discovery.DiscoveryClient    : DiscoveryClient_MSAVALIADORCREDITO/msavaliadorcredito:2f72f5a52edae006f4aa46af391c9b57 : registering service...
2023-12-07 15:54:20.420  INFO 14552 --- [DiscoveryClient-HeartbeatExecutor-0] com.netflix.discovery.DiscoveryClient    : DiscoveryClient_MSAVALIADORCREDITO/msavaliadorcredito:2f72f5a52edae006f4aa46af391c9b57  - registration status: 204
2023-12-07 15:54:50.431  INFO 14552 --- [DiscoveryClient-HeartbeatExecutor-0] com.netflix.discovery.DiscoveryClient    : DiscoveryClient_MSAVALIADORCREDITO/msavaliadorcredito:2f72f5a52edae006f4aa46af391c9b57  - Re-registering apps/MSAVALIADORCREDITO
2023-12-07 15:54:50.431  INFO 14552 --- [DiscoveryClient-HeartbeatExecutor-0] com.netflix.discovery.DiscoveryClient    : DiscoveryClient_MSAVALIADORCREDITO/msavaliadorcredito:2f72f5a52edae006f4aa46af391c9b57 : registering service...
2023-12-07 15:54:50.435  INFO 14552 --- [DiscoveryClient-HeartbeatExecutor-0] com.netflix.discovery.DiscoveryClient    : DiscoveryClient_MSAVALIADORCREDITO/msavaliadorcredito:2f72f5a52edae006f4aa46af391c9b57  - registration status: 204
2023-12-07 15:55:20.552  INFO 14552 --- [DiscoveryClient-HeartbeatExecutor-0] com.netflix.discovery.DiscoveryClient    : DiscoveryClient_MSAVALIADORCREDITO/msavaliadorcredito:2f72f5a52edae006f4aa46af391c9b57  - Re-registering apps/MSAVALIADORCREDITO
2023-12-07 15:55:20.553  INFO 14552 --- [DiscoveryClient-HeartbeatExecutor-0] com.netflix.discovery.DiscoveryClient    : DiscoveryClient_MSAVALIADORCREDITO/msavaliadorcredito:2f72f5a52edae006f4aa46af391c9b57 : registering service...
2023-12-07 15:55:20.560  INFO 14552 --- [DiscoveryClient-HeartbeatExecutor-0] com.netflix.discovery.DiscoveryClient    : DiscoveryClient_MSAVALIADORCREDITO/msavaliadorcredito:2f72f5a52edae006f4aa46af391c9b57  - registration status: 204
2023-12-07 15:55:50.573  INFO 14552 --- [DiscoveryClient-HeartbeatExecutor-0] com.netflix.discovery.DiscoveryClient    : DiscoveryClient_MSAVALIADORCREDITO/msavaliadorcredito:2f72f5a52edae006f4aa46af391c9b57  - Re-registering apps/MSAVALIADORCREDITO
2023-12-07 15:55:50.574  INFO 14552 --- [DiscoveryClient-HeartbeatExecutor-0] com.netflix.discovery.DiscoveryClient    : DiscoveryClient_MSAVALIADORCREDITO/msavaliadorcredito:2f72f5a52edae006f4aa46af391c9b57 : registering service...
2023-12-07 15:55:50.578  INFO 14552 --- [DiscoveryClient-HeartbeatExecutor-0] com.netflix.discovery.DiscoveryClient    : DiscoveryClient_MSAVALIADORCREDITO/msavaliadorcredito:2f72f5a52edae006f4aa46af391c9b57  - registration status: 204
2023-12-07 15:56:20.591  INFO 14552 --- [DiscoveryClient-HeartbeatExecutor-0] com.netflix.discovery.DiscoveryClient    : DiscoveryClient_MSAVALIADORCREDITO/msavaliadorcredito:2f72f5a52edae006f4aa46af391c9b57  - Re-registering apps/MSAVALIADORCREDITO
2023-12-07 15:56:20.592  INFO 14552 --- [DiscoveryClient-HeartbeatExecutor-0] com.netflix.discovery.DiscoveryClient    : DiscoveryClient_MSAVALIADORCREDITO/msavaliadorcredito:2f72f5a52edae006f4aa46af391c9b57 : registering service...
2023-12-07 15:56:20.595  INFO 14552 --- [DiscoveryClient-HeartbeatExecutor-0] com.netflix.discovery.DiscoveryClient    : DiscoveryClient_MSAVALIADORCREDITO/msavaliadorcredito:2f72f5a52edae006f4aa46af391c9b57  - registration status: 204
2023-12-07 15:56:50.611  INFO 14552 --- [DiscoveryClient-HeartbeatExecutor-0] com.netflix.discovery.DiscoveryClient    : DiscoveryClient_MSAVALIADORCREDITO/msavaliadorcredito:2f72f5a52edae006f4aa46af391c9b57  - Re-registering apps/MSAVALIADORCREDITO
2023-12-07 15:56:50.611  INFO 14552 --- [DiscoveryClient-HeartbeatExecutor-0] com.netflix.discovery.DiscoveryClient    : DiscoveryClient_MSAVALIADORCREDITO/msavaliadorcredito:2f72f5a52edae006f4aa46af391c9b57 : registering service...
2023-12-07 15:56:50.614  INFO 14552 --- [DiscoveryClient-HeartbeatExecutor-0] com.netflix.discovery.DiscoveryClient    : DiscoveryClient_MSAVALIADORCREDITO/msavaliadorcredito:2f72f5a52edae006f4aa46af391c9b57  - registration status: 204
2023-12-07 15:57:20.635  INFO 14552 --- [DiscoveryClient-HeartbeatExecutor-0] com.netflix.discovery.DiscoveryClient    : DiscoveryClient_MSAVALIADORCREDITO/msavaliadorcredito:2f72f5a52edae006f4aa46af391c9b57  - Re-registering apps/MSAVALIADORCREDITO
2023-12-07 15:57:20.636  INFO 14552 --- [DiscoveryClient-HeartbeatExecutor-0] com.netflix.discovery.DiscoveryClient    : DiscoveryClient_MSAVALIADORCREDITO/msavaliadorcredito:2f72f5a52edae006f4aa46af391c9b57 : registering service...
2023-12-07 15:57:20.638  INFO 14552 --- [DiscoveryClient-HeartbeatExecutor-0] com.netflix.discovery.DiscoveryClient    : DiscoveryClient_MSAVALIADORCREDITO/msavaliadorcredito:2f72f5a52edae006f4aa46af391c9b57  - registration status: 204
2023-12-07 15:57:47.339  INFO 14552 --- [AsyncResolver-bootstrap-executor-0] c.n.d.s.r.aws.ConfigClusterResolver      : Resolving eureka endpoints via configuration
2023-12-07 15:57:50.650  INFO 14552 --- [DiscoveryClient-HeartbeatExecutor-0] com.netflix.discovery.DiscoveryClient    : DiscoveryClient_MSAVALIADORCREDITO/msavaliadorcredito:2f72f5a52edae006f4aa46af391c9b57  - Re-registering apps/MSAVALIADORCREDITO
2023-12-07 15:57:50.653  INFO 14552 --- [DiscoveryClient-HeartbeatExecutor-0] com.netflix.discovery.DiscoveryClient    : DiscoveryClient_MSAVALIADORCREDITO/msavaliadorcredito:2f72f5a52edae006f4aa46af391c9b57 : registering service...
2023-12-07 15:57:50.658  INFO 14552 --- [DiscoveryClient-HeartbeatExecutor-0] com.netflix.discovery.DiscoveryClient    : DiscoveryClient_MSAVALIADORCREDITO/msavaliadorcredito:2f72f5a52edae006f4aa46af391c9b57  - registration status: 204
2023-12-07 15:58:20.673  INFO 14552 --- [DiscoveryClient-HeartbeatExecutor-0] com.netflix.discovery.DiscoveryClient    : DiscoveryClient_MSAVALIADORCREDITO/msavaliadorcredito:2f72f5a52edae006f4aa46af391c9b57  - Re-registering apps/MSAVALIADORCREDITO
2023-12-07 15:58:20.674  INFO 14552 --- [DiscoveryClient-HeartbeatExecutor-0] com.netflix.discovery.DiscoveryClient    : DiscoveryClient_MSAVALIADORCREDITO/msavaliadorcredito:2f72f5a52edae006f4aa46af391c9b57 : registering service...
2023-12-07 15:58:20.677  INFO 14552 --- [DiscoveryClient-HeartbeatExecutor-0] com.netflix.discovery.DiscoveryClient    : DiscoveryClient_MSAVALIADORCREDITO/msavaliadorcredito:2f72f5a52edae006f4aa46af391c9b57  - registration status: 204
2023-12-07 15:58:50.688  INFO 14552 --- [DiscoveryClient-HeartbeatExecutor-0] com.netflix.discovery.DiscoveryClient    : DiscoveryClient_MSAVALIADORCREDITO/msavaliadorcredito:2f72f5a52edae006f4aa46af391c9b57  - Re-registering apps/MSAVALIADORCREDITO
2023-12-07 15:58:50.689  INFO 14552 --- [DiscoveryClient-HeartbeatExecutor-0] com.netflix.discovery.DiscoveryClient    : DiscoveryClient_MSAVALIADORCREDITO/msavaliadorcredito:2f72f5a52edae006f4aa46af391c9b57 : registering service...
2023-12-07 15:58:50.694  INFO 14552 --- [DiscoveryClient-HeartbeatExecutor-0] com.netflix.discovery.DiscoveryClient    : DiscoveryClient_MSAVALIADORCREDITO/msavaliadorcredito:2f72f5a52edae006f4aa46af391c9b57  - registration status: 204
2023-12-07 15:59:20.704  INFO 14552 --- [DiscoveryClient-HeartbeatExecutor-0] com.netflix.discovery.DiscoveryClient    : DiscoveryClient_MSAVALIADORCREDITO/msavaliadorcredito:2f72f5a52edae006f4aa46af391c9b57  - Re-registering apps/MSAVALIADORCREDITO
2023-12-07 15:59:20.705  INFO 14552 --- [DiscoveryClient-HeartbeatExecutor-0] com.netflix.discovery.DiscoveryClient    : DiscoveryClient_MSAVALIADORCREDITO/msavaliadorcredito:2f72f5a52edae006f4aa46af391c9b57 : registering service...
2023-12-07 15:59:20.712  INFO 14552 --- [DiscoveryClient-HeartbeatExecutor-0] com.netflix.discovery.DiscoveryClient    : DiscoveryClient_MSAVALIADORCREDITO/msavaliadorcredito:2f72f5a52edae006f4aa46af391c9b57  - registration status: 204
2023-12-07 15:59:50.728  INFO 14552 --- [DiscoveryClient-HeartbeatExecutor-0] com.netflix.discovery.DiscoveryClient    : DiscoveryClient_MSAVALIADORCREDITO/msavaliadorcredito:2f72f5a52edae006f4aa46af391c9b57  - Re-registering apps/MSAVALIADORCREDITO
2023-12-07 15:59:50.728  INFO 14552 --- [DiscoveryClient-HeartbeatExecutor-0] com.netflix.discovery.DiscoveryClient    : DiscoveryClient_MSAVALIADORCREDITO/msavaliadorcredito:2f72f5a52edae006f4aa46af391c9b57 : registering service...
2023-12-07 15:59:50.730  INFO 14552 --- [DiscoveryClient-HeartbeatExecutor-0] com.netflix.discovery.DiscoveryClient    : DiscoveryClient_MSAVALIADORCREDITO/msavaliadorcredito:2f72f5a52edae006f4aa46af391c9b57  - registration status: 204
2023-12-07 16:00:20.748  INFO 14552 --- [DiscoveryClient-HeartbeatExecutor-0] com.netflix.discovery.DiscoveryClient    : DiscoveryClient_MSAVALIADORCREDITO/msavaliadorcredito:2f72f5a52edae006f4aa46af391c9b57  - Re-registering apps/MSAVALIADORCREDITO
2023-12-07 16:00:20.749  INFO 14552 --- [DiscoveryClient-HeartbeatExecutor-0] com.netflix.discovery.DiscoveryClient    : DiscoveryClient_MSAVALIADORCREDITO/msavaliadorcredito:2f72f5a52edae006f4aa46af391c9b57 : registering service...
2023-12-07 16:00:20.752  INFO 14552 --- [DiscoveryClient-HeartbeatExecutor-0] com.netflix.discovery.DiscoveryClient    : DiscoveryClient_MSAVALIADORCREDITO/msavaliadorcredito:2f72f5a52edae006f4aa46af391c9b57  - registration status: 204
2023-12-07 16:00:50.769  INFO 14552 --- [DiscoveryClient-HeartbeatExecutor-0] com.netflix.discovery.DiscoveryClient    : DiscoveryClient_MSAVALIADORCREDITO/msavaliadorcredito:2f72f5a52edae006f4aa46af391c9b57  - Re-registering apps/MSAVALIADORCREDITO
2023-12-07 16:00:50.769  INFO 14552 --- [DiscoveryClient-HeartbeatExecutor-0] com.netflix.discovery.DiscoveryClient    : DiscoveryClient_MSAVALIADORCREDITO/msavaliadorcredito:2f72f5a52edae006f4aa46af391c9b57 : registering service...
2023-12-07 16:00:50.775  INFO 14552 --- [DiscoveryClient-HeartbeatExecutor-0] com.netflix.discovery.DiscoveryClient    : DiscoveryClient_MSAVALIADORCREDITO/msavaliadorcredito:2f72f5a52edae006f4aa46af391c9b57  - registration status: 204
2023-12-07 16:01:20.783  INFO 14552 --- [DiscoveryClient-HeartbeatExecutor-0] com.netflix.discovery.DiscoveryClient    : DiscoveryClient_MSAVALIADORCREDITO/msavaliadorcredito:2f72f5a52edae006f4aa46af391c9b57  - Re-registering apps/MSAVALIADORCREDITO
2023-12-07 16:01:20.784  INFO 14552 --- [DiscoveryClient-HeartbeatExecutor-0] com.netflix.discovery.DiscoveryClient    : DiscoveryClient_MSAVALIADORCREDITO/msavaliadorcredito:2f72f5a52edae006f4aa46af391c9b57 : registering service...
2023-12-07 16:01:20.788  INFO 14552 --- [DiscoveryClient-HeartbeatExecutor-0] com.netflix.discovery.DiscoveryClient    : DiscoveryClient_MSAVALIADORCREDITO/msavaliadorcredito:2f72f5a52edae006f4aa46af391c9b57  - registration status: 204
2023-12-07 16:01:50.795  INFO 14552 --- [DiscoveryClient-HeartbeatExecutor-0] com.netflix.discovery.DiscoveryClient    : DiscoveryClient_MSAVALIADORCREDITO/msavaliadorcredito:2f72f5a52edae006f4aa46af391c9b57  - Re-registering apps/MSAVALIADORCREDITO
2023-12-07 16:01:50.795  INFO 14552 --- [DiscoveryClient-HeartbeatExecutor-0] com.netflix.discovery.DiscoveryClient    : DiscoveryClient_MSAVALIADORCREDITO/msavaliadorcredito:2f72f5a52edae006f4aa46af391c9b57 : registering service...
2023-12-07 16:01:50.799  INFO 14552 --- [DiscoveryClient-HeartbeatExecutor-0] com.netflix.discovery.DiscoveryClient    : DiscoveryClient_MSAVALIADORCREDITO/msavaliadorcredito:2f72f5a52edae006f4aa46af391c9b57  - registration status: 204
2023-12-07 16:02:20.807  INFO 14552 --- [DiscoveryClient-HeartbeatExecutor-0] com.netflix.discovery.DiscoveryClient    : DiscoveryClient_MSAVALIADORCREDITO/msavaliadorcredito:2f72f5a52edae006f4aa46af391c9b57  - Re-registering apps/MSAVALIADORCREDITO
2023-12-07 16:02:20.807  INFO 14552 --- [DiscoveryClient-HeartbeatExecutor-0] com.netflix.discovery.DiscoveryClient    : DiscoveryClient_MSAVALIADORCREDITO/msavaliadorcredito:2f72f5a52edae006f4aa46af391c9b57 : registering service...
2023-12-07 16:02:20.811  INFO 14552 --- [DiscoveryClient-HeartbeatExecutor-0] com.netflix.discovery.DiscoveryClient    : DiscoveryClient_MSAVALIADORCREDITO/msavaliadorcredito:2f72f5a52edae006f4aa46af391c9b57  - registration status: 204
2023-12-07 16:02:47.344  INFO 14552 --- [AsyncResolver-bootstrap-executor-0] c.n.d.s.r.aws.ConfigClusterResolver      : Resolving eureka endpoints via configuration
2023-12-07 16:02:50.825  INFO 14552 --- [DiscoveryClient-HeartbeatExecutor-0] com.netflix.discovery.DiscoveryClient    : DiscoveryClient_MSAVALIADORCREDITO/msavaliadorcredito:2f72f5a52edae006f4aa46af391c9b57  - Re-registering apps/MSAVALIADORCREDITO
2023-12-07 16:02:50.825  INFO 14552 --- [DiscoveryClient-HeartbeatExecutor-0] com.netflix.discovery.DiscoveryClient    : DiscoveryClient_MSAVALIADORCREDITO/msavaliadorcredito:2f72f5a52edae006f4aa46af391c9b57 : registering service...
2023-12-07 16:02:50.828  INFO 14552 --- [DiscoveryClient-HeartbeatExecutor-0] com.netflix.discovery.DiscoveryClient    : DiscoveryClient_MSAVALIADORCREDITO/msavaliadorcredito:2f72f5a52edae006f4aa46af391c9b57  - registration status: 204
2023-12-07 16:03:20.840  INFO 14552 --- [DiscoveryClient-HeartbeatExecutor-0] com.netflix.discovery.DiscoveryClient    : DiscoveryClient_MSAVALIADORCREDITO/msavaliadorcredito:2f72f5a52edae006f4aa46af391c9b57  - Re-registering apps/MSAVALIADORCREDITO
2023-12-07 16:03:20.840  INFO 14552 --- [DiscoveryClient-HeartbeatExecutor-0] com.netflix.discovery.DiscoveryClient    : DiscoveryClient_MSAVALIADORCREDITO/msavaliadorcredito:2f72f5a52edae006f4aa46af391c9b57 : registering service...
2023-12-07 16:03:20.843  INFO 14552 --- [DiscoveryClient-HeartbeatExecutor-0] com.netflix.discovery.DiscoveryClient    : DiscoveryClient_MSAVALIADORCREDITO/msavaliadorcredito:2f72f5a52edae006f4aa46af391c9b57  - registration status: 204
2023-12-07 16:03:50.860  INFO 14552 --- [DiscoveryClient-HeartbeatExecutor-0] com.netflix.discovery.DiscoveryClient    : DiscoveryClient_MSAVALIADORCREDITO/msavaliadorcredito:2f72f5a52edae006f4aa46af391c9b57  - Re-registering apps/MSAVALIADORCREDITO
2023-12-07 16:03:50.861  INFO 14552 --- [DiscoveryClient-HeartbeatExecutor-0] com.netflix.discovery.DiscoveryClient    : DiscoveryClient_MSAVALIADORCREDITO/msavaliadorcredito:2f72f5a52edae006f4aa46af391c9b57 : registering service...
2023-12-07 16:03:50.867  INFO 14552 --- [DiscoveryClient-HeartbeatExecutor-0] com.netflix.discovery.DiscoveryClient    : DiscoveryClient_MSAVALIADORCREDITO/msavaliadorcredito:2f72f5a52edae006f4aa46af391c9b57  - registration status: 204
2023-12-07 16:04:20.880  INFO 14552 --- [DiscoveryClient-HeartbeatExecutor-0] com.netflix.discovery.DiscoveryClient    : DiscoveryClient_MSAVALIADORCREDITO/msavaliadorcredito:2f72f5a52edae006f4aa46af391c9b57  - Re-registering apps/MSAVALIADORCREDITO
2023-12-07 16:04:20.882  INFO 14552 --- [DiscoveryClient-HeartbeatExecutor-0] com.netflix.discovery.DiscoveryClient    : DiscoveryClient_MSAVALIADORCREDITO/msavaliadorcredito:2f72f5a52edae006f4aa46af391c9b57 : registering service...
2023-12-07 16:04:20.887  INFO 14552 --- [DiscoveryClient-HeartbeatExecutor-0] com.netflix.discovery.DiscoveryClient    : DiscoveryClient_MSAVALIADORCREDITO/msavaliadorcredito:2f72f5a52edae006f4aa46af391c9b57  - registration status: 204
2023-12-07 16:04:50.900  INFO 14552 --- [DiscoveryClient-HeartbeatExecutor-0] com.netflix.discovery.DiscoveryClient    : DiscoveryClient_MSAVALIADORCREDITO/msavaliadorcredito:2f72f5a52edae006f4aa46af391c9b57  - Re-registering apps/MSAVALIADORCREDITO
2023-12-07 16:04:50.900  INFO 14552 --- [DiscoveryClient-HeartbeatExecutor-0] com.netflix.discovery.DiscoveryClient    : DiscoveryClient_MSAVALIADORCREDITO/msavaliadorcredito:2f72f5a52edae006f4aa46af391c9b57 : registering service...
2023-12-07 16:04:50.905  INFO 14552 --- [DiscoveryClient-HeartbeatExecutor-0] com.netflix.discovery.DiscoveryClient    : DiscoveryClient_MSAVALIADORCREDITO/msavaliadorcredito:2f72f5a52edae006f4aa46af391c9b57  - registration status: 204
2023-12-07 16:05:20.919  INFO 14552 --- [DiscoveryClient-HeartbeatExecutor-0] com.netflix.discovery.DiscoveryClient    : DiscoveryClient_MSAVALIADORCREDITO/msavaliadorcredito:2f72f5a52edae006f4aa46af391c9b57  - Re-registering apps/MSAVALIADORCREDITO
2023-12-07 16:05:20.920  INFO 14552 --- [DiscoveryClient-HeartbeatExecutor-0] com.netflix.discovery.DiscoveryClient    : DiscoveryClient_MSAVALIADORCREDITO/msavaliadorcredito:2f72f5a52edae006f4aa46af391c9b57 : registering service...
2023-12-07 16:05:20.924  INFO 14552 --- [DiscoveryClient-HeartbeatExecutor-0] com.netflix.discovery.DiscoveryClient    : DiscoveryClient_MSAVALIADORCREDITO/msavaliadorcredito:2f72f5a52edae006f4aa46af391c9b57  - registration status: 204
2023-12-07 16:05:27.767  INFO 14552 --- [SpringApplicationShutdownHook] o.s.c.n.e.s.EurekaServiceRegistry        : Unregistering application MSAVALIADORCREDITO with eureka with status DOWN
2023-12-07 16:05:27.768  INFO 14552 --- [SpringApplicationShutdownHook] com.netflix.discovery.DiscoveryClient    : Saw local status change event StatusChangeEvent [timestamp=1701975927768, current=DOWN, previous=UP]
2023-12-07 16:05:27.769  INFO 14552 --- [DiscoveryClient-InstanceInfoReplicator-0] com.netflix.discovery.DiscoveryClient    : DiscoveryClient_MSAVALIADORCREDITO/msavaliadorcredito:2f72f5a52edae006f4aa46af391c9b57 : registering service...
2023-12-07 16:05:27.775  INFO 14552 --- [DiscoveryClient-InstanceInfoReplicator-0] com.netflix.discovery.DiscoveryClient    : DiscoveryClient_MSAVALIADORCREDITO/msavaliadorcredito:2f72f5a52edae006f4aa46af391c9b57  - registration status: 204
2023-12-07 16:05:27.904  INFO 14552 --- [SpringApplicationShutdownHook] com.netflix.discovery.DiscoveryClient    : Shutting down DiscoveryClient ...
2023-12-07 16:05:30.917  INFO 14552 --- [SpringApplicationShutdownHook] com.netflix.discovery.DiscoveryClient    : Unregistering ...
2023-12-07 16:05:30.922  INFO 14552 --- [SpringApplicationShutdownHook] com.netflix.discovery.DiscoveryClient    : DiscoveryClient_MSAVALIADORCREDITO/msavaliadorcredito:2f72f5a52edae006f4aa46af391c9b57  - deregister  status: 404
2023-12-07 16:05:30.928  INFO 14552 --- [SpringApplicationShutdownHook] com.netflix.discovery.DiscoveryClient    : Completed shut down of DiscoveryClient
